{"uid":"8bb0168ef11da4a0","name":"test_paying","fullName":"test_ProgMusix.TestProgmusix#test_paying","historyId":"f83dd1e30486b0875c70cb546b58a679","time":{"start":1725721854324,"stop":1725721874578,"duration":20254},"status":"broken","statusMessage":"selenium.common.exceptions.TimeoutException: Message: \nStacktrace:\n#0 0x557e967028da <unknown>\n#1 0x557e963d0e50 <unknown>\n#2 0x557e96420644 <unknown>\n#3 0x557e96420931 <unknown>\n#4 0x557e96466534 <unknown>\n#5 0x557e964454bd <unknown>\n#6 0x557e964639c6 <unknown>\n#7 0x557e96445233 <unknown>\n#8 0x557e96413093 <unknown>\n#9 0x557e9641409e <unknown>\n#10 0x557e966c9b3b <unknown>\n#11 0x557e966cdaf1 <unknown>\n#12 0x557e966b5705 <unknown>\n#13 0x557e966ce662 <unknown>\n#14 0x557e9669a8df <unknown>\n#15 0x557e966f16d8 <unknown>\n#16 0x557e966f18a2 <unknown>\n#17 0x557e967016cc <unknown>\n#18 0x7fb1a3a94ac3 <unknown>","statusTrace":"self = <test_ProgMusix.TestProgmusix object at 0x7f3d3b911a80>\n\n    def test_paying(self):\n        #Login\n        self.page.login_method_p()\n        #Kosárba helyezés:\n        self.page.purchase_random_method()\n        # Fizetés\n>       self.page.paying_method()\n\ntest_ProgMusix.py:119: \n_ _ _ _ _ _ _ _ _ _ _ _ _ _ _ _ _ _ _ _ _ _ _ _ _ _ _ _ _ _ _ _ _ _ _ _ _ _ _ _ \nProgMusix/page_model.py:396: in paying_method\n    self.input_username().send_keys(TESTDATA['username_p'])\nProgMusix/page_model.py:520: in input_username\n    return WebDriverWait(self.browser, 15).until(\n_ _ _ _ _ _ _ _ _ _ _ _ _ _ _ _ _ _ _ _ _ _ _ _ _ _ _ _ _ _ _ _ _ _ _ _ _ _ _ _ \n\nself = <selenium.webdriver.support.wait.WebDriverWait (session=\"65267f44973cc82db5d2ef36f2e1fb06\")>\nmethod = <function visibility_of_element_located.<locals>._predicate at 0x7f3d3afcd090>\nmessage = ''\n\n    def until(self, method: Callable[[D], Union[Literal[False], T]], message: str = \"\") -> T:\n        \"\"\"Calls the method provided with the driver as an argument until the \\\n        return value does not evaluate to ``False``.\n    \n        :param method: callable(WebDriver)\n        :param message: optional message for :exc:`TimeoutException`\n        :returns: the result of the last call to `method`\n        :raises: :exc:`selenium.common.exceptions.TimeoutException` if timeout occurs\n        \"\"\"\n        screen = None\n        stacktrace = None\n    \n        end_time = time.monotonic() + self._timeout\n        while True:\n            try:\n                value = method(self._driver)\n                if value:\n                    return value\n            except self._ignored_exceptions as exc:\n                screen = getattr(exc, \"screen\", None)\n                stacktrace = getattr(exc, \"stacktrace\", None)\n            time.sleep(self._poll)\n            if time.monotonic() > end_time:\n                break\n>       raise TimeoutException(message, screen, stacktrace)\nE       selenium.common.exceptions.TimeoutException: Message: \nE       Stacktrace:\nE       #0 0x557e967028da <unknown>\nE       #1 0x557e963d0e50 <unknown>\nE       #2 0x557e96420644 <unknown>\nE       #3 0x557e96420931 <unknown>\nE       #4 0x557e96466534 <unknown>\nE       #5 0x557e964454bd <unknown>\nE       #6 0x557e964639c6 <unknown>\nE       #7 0x557e96445233 <unknown>\nE       #8 0x557e96413093 <unknown>\nE       #9 0x557e9641409e <unknown>\nE       #10 0x557e966c9b3b <unknown>\nE       #11 0x557e966cdaf1 <unknown>\nE       #12 0x557e966b5705 <unknown>\nE       #13 0x557e966ce662 <unknown>\nE       #14 0x557e9669a8df <unknown>\nE       #15 0x557e966f16d8 <unknown>\nE       #16 0x557e966f18a2 <unknown>\nE       #17 0x557e967016cc <unknown>\nE       #18 0x7fb1a3a94ac3 <unknown>\n\n/opt/hostedtoolcache/Python/3.10.14/x64/lib/python3.10/site-packages/selenium/webdriver/support/wait.py:105: TimeoutException","flaky":false,"newFailed":false,"newBroken":false,"newPassed":false,"retriesCount":0,"retriesStatusChange":false,"beforeStages":[{"name":"_xunit_setup_method_fixture_TestProgmusix","time":{"start":1725721853503,"stop":1725721854324,"duration":821},"status":"passed","steps":[],"attachments":[],"parameters":[],"shouldDisplayMessage":false,"stepsCount":0,"attachmentsCount":0,"hasContent":false,"attachmentStep":false}],"afterStages":[{"name":"_xunit_setup_method_fixture_TestProgmusix::0","time":{"start":1725721874598,"stop":1725721874709,"duration":111},"status":"passed","steps":[],"attachments":[],"parameters":[],"shouldDisplayMessage":false,"stepsCount":0,"attachmentsCount":0,"hasContent":false,"attachmentStep":false}],"labels":[{"name":"suite","value":"test_ProgMusix"},{"name":"subSuite","value":"TestProgmusix"},{"name":"host","value":"fv-az801-439"},{"name":"thread","value":"3258-MainThread"},{"name":"framework","value":"pytest"},{"name":"language","value":"cpython3"},{"name":"package","value":"test_ProgMusix"},{"name":"resultFormat","value":"allure2"}],"parameters":[],"links":[],"hidden":false,"retry":false,"extra":{"severity":"normal","retries":[],"categories":[{"name":"Test defects","matchedStatuses":[],"flaky":false}],"tags":[]},"source":"8bb0168ef11da4a0.json","parameterValues":[]}