{"uid":"8333ed4803f10e5e","name":"test_reg_negative","fullName":"test_progmusix.TestProgmusix#test_reg_negative","historyId":"6e8870676342e2470afc3bc184966b77","time":{"start":1725027304924,"stop":1725027310164,"duration":5240},"status":"broken","statusMessage":"selenium.common.exceptions.TimeoutException: Message: \nStacktrace:\n#0 0x5580a680c81a <unknown>\n#1 0x5580a64dae50 <unknown>\n#2 0x5580a652a644 <unknown>\n#3 0x5580a652a931 <unknown>\n#4 0x5580a6570534 <unknown>\n#5 0x5580a654f4bd <unknown>\n#6 0x5580a656d9c6 <unknown>\n#7 0x5580a654f233 <unknown>\n#8 0x5580a651d093 <unknown>\n#9 0x5580a651e09e <unknown>\n#10 0x5580a67d3a7b <unknown>\n#11 0x5580a67d7a31 <unknown>\n#12 0x5580a67bf645 <unknown>\n#13 0x5580a67d85a2 <unknown>\n#14 0x5580a67a481f <unknown>\n#15 0x5580a67fb618 <unknown>\n#16 0x5580a67fb7e2 <unknown>\n#17 0x5580a680b60c <unknown>\n#18 0x7f9a7f094ac3 <unknown>","statusTrace":"self = <test_progmusix.TestProgmusix object at 0x7f2212914100>\n\n    def test_reg_negative(self):\n>       self.page.reg_negative_method()\n\ntest_progmusix.py:28: \n_ _ _ _ _ _ _ _ _ _ _ _ _ _ _ _ _ _ _ _ _ _ _ _ _ _ _ _ _ _ _ _ _ _ _ _ _ _ _ _ \npage_model.py:242: in reg_negative_method\n    self.create_btn().click()\npage_model.py:80: in create_btn\n    return WebDriverWait(self.browser, 5).until(EC.visibility_of_element_located((By.XPATH, '//button[@class=\"create_account\"]')))\n_ _ _ _ _ _ _ _ _ _ _ _ _ _ _ _ _ _ _ _ _ _ _ _ _ _ _ _ _ _ _ _ _ _ _ _ _ _ _ _ \n\nself = <selenium.webdriver.support.wait.WebDriverWait (session=\"36601b793967526696d2db3352928b6c\")>\nmethod = <function visibility_of_element_located.<locals>._predicate at 0x7f2213f452d0>\nmessage = ''\n\n    def until(self, method: Callable[[D], Union[Literal[False], T]], message: str = \"\") -> T:\n        \"\"\"Calls the method provided with the driver as an argument until the \\\n        return value does not evaluate to ``False``.\n    \n        :param method: callable(WebDriver)\n        :param message: optional message for :exc:`TimeoutException`\n        :returns: the result of the last call to `method`\n        :raises: :exc:`selenium.common.exceptions.TimeoutException` if timeout occurs\n        \"\"\"\n        screen = None\n        stacktrace = None\n    \n        end_time = time.monotonic() + self._timeout\n        while True:\n            try:\n                value = method(self._driver)\n                if value:\n                    return value\n            except self._ignored_exceptions as exc:\n                screen = getattr(exc, \"screen\", None)\n                stacktrace = getattr(exc, \"stacktrace\", None)\n            time.sleep(self._poll)\n            if time.monotonic() > end_time:\n                break\n>       raise TimeoutException(message, screen, stacktrace)\nE       selenium.common.exceptions.TimeoutException: Message: \nE       Stacktrace:\nE       #0 0x5580a680c81a <unknown>\nE       #1 0x5580a64dae50 <unknown>\nE       #2 0x5580a652a644 <unknown>\nE       #3 0x5580a652a931 <unknown>\nE       #4 0x5580a6570534 <unknown>\nE       #5 0x5580a654f4bd <unknown>\nE       #6 0x5580a656d9c6 <unknown>\nE       #7 0x5580a654f233 <unknown>\nE       #8 0x5580a651d093 <unknown>\nE       #9 0x5580a651e09e <unknown>\nE       #10 0x5580a67d3a7b <unknown>\nE       #11 0x5580a67d7a31 <unknown>\nE       #12 0x5580a67bf645 <unknown>\nE       #13 0x5580a67d85a2 <unknown>\nE       #14 0x5580a67a481f <unknown>\nE       #15 0x5580a67fb618 <unknown>\nE       #16 0x5580a67fb7e2 <unknown>\nE       #17 0x5580a680b60c <unknown>\nE       #18 0x7f9a7f094ac3 <unknown>\n\n/opt/hostedtoolcache/Python/3.10.14/x64/lib/python3.10/site-packages/selenium/webdriver/support/wait.py:105: TimeoutException","flaky":false,"newFailed":false,"newBroken":false,"newPassed":false,"retriesCount":4,"retriesStatusChange":true,"beforeStages":[{"name":"_xunit_setup_method_fixture_TestProgmusix","time":{"start":1725027304344,"stop":1725027304923,"duration":579},"status":"passed","steps":[],"attachments":[],"parameters":[],"shouldDisplayMessage":false,"stepsCount":0,"attachmentsCount":0,"hasContent":false,"attachmentStep":false}],"afterStages":[{"name":"_xunit_setup_method_fixture_TestProgmusix::0","time":{"start":1725027310210,"stop":1725027310322,"duration":112},"status":"passed","steps":[],"attachments":[],"parameters":[],"shouldDisplayMessage":false,"stepsCount":0,"attachmentsCount":0,"hasContent":false,"attachmentStep":false}],"labels":[{"name":"suite","value":"test_progmusix"},{"name":"subSuite","value":"TestProgmusix"},{"name":"host","value":"fv-az915-56"},{"name":"thread","value":"3727-MainThread"},{"name":"framework","value":"pytest"},{"name":"language","value":"cpython3"},{"name":"package","value":"test_progmusix"},{"name":"resultFormat","value":"allure2"}],"parameters":[],"links":[],"hidden":false,"retry":false,"extra":{"severity":"normal","retries":[{"uid":"9f1e5eab54e7d2f7","status":"passed","time":{"start":1724855018229,"stop":1724855018656,"duration":427}},{"uid":"1d99ad1a57ae1222","status":"broken","statusDetails":"selenium.common.exceptions.WebDriverException: Message: unknown error: net::ERR_CONNECTION_REFUSED\n  (Session info: chrome-headless-shell=127.0.6533.122)\nStacktrace:\n\tGetHandleVerifier [0x00007FF6722A9642+30946]\n\t(No symbol) [0x00007FF67225E3D9]\n\t(No symbol) [0x00007FF672156FDA]\n\t(No symbol) [0x00007FF67214F0B5]\n\t(No symbol) [0x00007FF6721401E9]\n\t(No symbol) [0x00007FF672141D62]\n\t(No symbol) [0x00007FF6721404CE]\n\t(No symbol) [0x00007FF67213FD41]\n\t(No symbol) [0x00007FF67213FC80]\n\t(No symbol) [0x00007FF67213DE84]\n\t(No symbol) [0x00007FF67213E29C]\n\t(No symbol) [0x00007FF67215A041]\n\t(No symbol) [0x00007FF6721EBA2E]\n\t(No symbol) [0x00007FF6721CCA6A]\n\t(No symbol) [0x00007FF6721EB041]\n\t(No symbol) [0x00007FF6721CC813]\n\t(No symbol) [0x00007FF67219A6E5]\n\t(No symbol) [0x00007FF67219B021]\n\tGetHandleVerifier [0x00007FF6723DF84D+1301229]\n\tGetHandleVerifier [0x00007FF6723EBDC7+1351783]\n\tGetHandleVerifier [0x00007FF6723E2A13+1313971]\n\tGetHandleVerifier [0x00007FF6722DDD16+245686]\n\t(No symbol) [0x00007FF67226759F]\n\t(No symbol) [0x00007FF672263814]\n\t(No symbol) [0x00007FF6722639A2]\n\t(No symbol) [0x00007FF67225A3FF]\n\tBaseThreadInitThunk [0x00007FFBA625257D+29]\n\tRtlUserThreadStart [0x00007FFBA6EEAF28+40]","time":{"start":1724854934667,"stop":1724854934667,"duration":0}},{"uid":"45217f4322d5eb73","status":"passed","time":{"start":1724698228423,"stop":1724698229044,"duration":621}},{"uid":"4b4e3359452e8cfc","status":"broken","statusDetails":"selenium.common.exceptions.ElementNotInteractableException: Message: element not interactable\n  (Session info: chrome-headless-shell=127.0.6533.122)\nStacktrace:\n\tGetHandleVerifier [0x00007FF7E13C9642+30946]\n\t(No symbol) [0x00007FF7E137E3D9]\n\t(No symbol) [0x00007FF7E1276E09]\n\t(No symbol) [0x00007FF7E12C9712]\n\t(No symbol) [0x00007FF7E12BC271]\n\t(No symbol) [0x00007FF7E12ECA6A]\n\t(No symbol) [0x00007FF7E12BBBB6]\n\t(No symbol) [0x00007FF7E12ECC80]\n\t(No symbol) [0x00007FF7E130B041]\n\t(No symbol) [0x00007FF7E12EC813]\n\t(No symbol) [0x00007FF7E12BA6E5]\n\t(No symbol) [0x00007FF7E12BB021]\n\tGetHandleVerifier [0x00007FF7E14FF84D+1301229]\n\tGetHandleVerifier [0x00007FF7E150BDC7+1351783]\n\tGetHandleVerifier [0x00007FF7E1502A13+1313971]\n\tGetHandleVerifier [0x00007FF7E13FDD16+245686]\n\t(No symbol) [0x00007FF7E138759F]\n\t(No symbol) [0x00007FF7E1383814]\n\t(No symbol) [0x00007FF7E13839A2]\n\t(No symbol) [0x00007FF7E137A3FF]\n\tBaseThreadInitThunk [0x00007FFBA625257D+29]\n\tRtlUserThreadStart [0x00007FFBA6EEAF28+40]","time":{"start":1724698149116,"stop":1724698149135,"duration":19}}],"categories":[{"name":"Test defects","matchedStatuses":[],"flaky":false}],"tags":[]},"source":"8333ed4803f10e5e.json","parameterValues":[]}