{"uid":"4741ddca65f765f8","name":"test_regtest","fullName":"test_ProgMusix.TestProgmusix#test_regtest","historyId":"b67b4280f52c4e5d3b830068a7aadd65","time":{"start":1725991067773,"stop":1725991078235,"duration":10462},"status":"broken","statusMessage":"selenium.common.exceptions.TimeoutException: Message: \nStacktrace:\n#0 0x556a3da788da <unknown>\n#1 0x556a3d746e50 <unknown>\n#2 0x556a3d796644 <unknown>\n#3 0x556a3d796931 <unknown>\n#4 0x556a3d7dc534 <unknown>\n#5 0x556a3d7bb4bd <unknown>\n#6 0x556a3d7d99c6 <unknown>\n#7 0x556a3d7bb233 <unknown>\n#8 0x556a3d789093 <unknown>\n#9 0x556a3d78a09e <unknown>\n#10 0x556a3da3fb3b <unknown>\n#11 0x556a3da43af1 <unknown>\n#12 0x556a3da2b705 <unknown>\n#13 0x556a3da44662 <unknown>\n#14 0x556a3da108df <unknown>\n#15 0x556a3da676d8 <unknown>\n#16 0x556a3da678a2 <unknown>\n#17 0x556a3da776cc <unknown>\n#18 0x7f975e094ac3 <unknown>","statusTrace":"self = <test_ProgMusix.TestProgmusix object at 0x7f8d0a510f10>\n\n    @pytest.mark.order(1)\n    def test_regtest(self):\n>       self.page.registration()\n\ntest_ProgMusix.py:29: \n_ _ _ _ _ _ _ _ _ _ _ _ _ _ _ _ _ _ _ _ _ _ _ _ _ _ _ _ _ _ _ _ _ _ _ _ _ _ _ _ \nProgMusix/page_model.py:265: in registration\n    self.create_page_btn_try().click()\nProgMusix/page_model.py:664: in create_page_btn_try\n    return self.wait_for_element_to_be_clickable('create_account')\nProgMusix/page_model.py:660: in wait_for_element_to_be_clickable\n    return WebDriverWait(self.browser, timeout).until(EC.element_to_be_clickable((By.CLASS_NAME, class_name)))\n_ _ _ _ _ _ _ _ _ _ _ _ _ _ _ _ _ _ _ _ _ _ _ _ _ _ _ _ _ _ _ _ _ _ _ _ _ _ _ _ \n\nself = <selenium.webdriver.support.wait.WebDriverWait (session=\"8c8cdf9a3c47a8ef3b87a87c924805ca\")>\nmethod = <function element_to_be_clickable.<locals>._predicate at 0x7f8d0bb85630>\nmessage = ''\n\n    def until(self, method: Callable[[D], Union[Literal[False], T]], message: str = \"\") -> T:\n        \"\"\"Calls the method provided with the driver as an argument until the \\\n        return value does not evaluate to ``False``.\n    \n        :param method: callable(WebDriver)\n        :param message: optional message for :exc:`TimeoutException`\n        :returns: the result of the last call to `method`\n        :raises: :exc:`selenium.common.exceptions.TimeoutException` if timeout occurs\n        \"\"\"\n        screen = None\n        stacktrace = None\n    \n        end_time = time.monotonic() + self._timeout\n        while True:\n            try:\n                value = method(self._driver)\n                if value:\n                    return value\n            except self._ignored_exceptions as exc:\n                screen = getattr(exc, \"screen\", None)\n                stacktrace = getattr(exc, \"stacktrace\", None)\n            time.sleep(self._poll)\n            if time.monotonic() > end_time:\n                break\n>       raise TimeoutException(message, screen, stacktrace)\nE       selenium.common.exceptions.TimeoutException: Message: \nE       Stacktrace:\nE       #0 0x556a3da788da <unknown>\nE       #1 0x556a3d746e50 <unknown>\nE       #2 0x556a3d796644 <unknown>\nE       #3 0x556a3d796931 <unknown>\nE       #4 0x556a3d7dc534 <unknown>\nE       #5 0x556a3d7bb4bd <unknown>\nE       #6 0x556a3d7d99c6 <unknown>\nE       #7 0x556a3d7bb233 <unknown>\nE       #8 0x556a3d789093 <unknown>\nE       #9 0x556a3d78a09e <unknown>\nE       #10 0x556a3da3fb3b <unknown>\nE       #11 0x556a3da43af1 <unknown>\nE       #12 0x556a3da2b705 <unknown>\nE       #13 0x556a3da44662 <unknown>\nE       #14 0x556a3da108df <unknown>\nE       #15 0x556a3da676d8 <unknown>\nE       #16 0x556a3da678a2 <unknown>\nE       #17 0x556a3da776cc <unknown>\nE       #18 0x7f975e094ac3 <unknown>\n\n/opt/hostedtoolcache/Python/3.10.14/x64/lib/python3.10/site-packages/selenium/webdriver/support/wait.py:105: TimeoutException","flaky":false,"newFailed":false,"newBroken":false,"newPassed":false,"retriesCount":0,"retriesStatusChange":false,"beforeStages":[{"name":"_xunit_setup_method_fixture_TestProgmusix","time":{"start":1725991066310,"stop":1725991067772,"duration":1462},"status":"passed","steps":[],"attachments":[],"parameters":[],"attachmentsCount":0,"hasContent":false,"shouldDisplayMessage":false,"attachmentStep":false,"stepsCount":0}],"afterStages":[{"name":"_xunit_setup_method_fixture_TestProgmusix::0","time":{"start":1725991078365,"stop":1725991078365,"duration":0},"status":"passed","steps":[],"attachments":[],"parameters":[],"attachmentsCount":0,"hasContent":false,"shouldDisplayMessage":false,"attachmentStep":false,"stepsCount":0}],"labels":[{"name":"tag","value":"order(1)"},{"name":"suite","value":"test_ProgMusix"},{"name":"subSuite","value":"TestProgmusix"},{"name":"host","value":"fv-az1533-707"},{"name":"thread","value":"2997-MainThread"},{"name":"framework","value":"pytest"},{"name":"language","value":"cpython3"},{"name":"package","value":"test_ProgMusix"},{"name":"resultFormat","value":"allure2"}],"parameters":[],"links":[],"hidden":false,"retry":false,"extra":{"severity":"normal","retries":[],"categories":[{"name":"Test defects","matchedStatuses":[],"flaky":false}],"tags":["order(1)"]},"source":"4741ddca65f765f8.json","parameterValues":[]}