{"uid":"ca7ebf883ad3221a","name":"test_paying","fullName":"test_ProgMusix.TestProgmusix#test_paying","historyId":"f83dd1e30486b0875c70cb546b58a679","time":{"start":1725957228958,"stop":1725957238743,"duration":9785},"status":"broken","statusMessage":"selenium.common.exceptions.TimeoutException: Message: \nStacktrace:\n#0 0x560da50c68da <unknown>\n#1 0x560da4d94e50 <unknown>\n#2 0x560da4de4644 <unknown>\n#3 0x560da4de4931 <unknown>\n#4 0x560da4e2a534 <unknown>\n#5 0x560da4e094bd <unknown>\n#6 0x560da4e279c6 <unknown>\n#7 0x560da4e09233 <unknown>\n#8 0x560da4dd7093 <unknown>\n#9 0x560da4dd809e <unknown>\n#10 0x560da508db3b <unknown>\n#11 0x560da5091af1 <unknown>\n#12 0x560da5079705 <unknown>\n#13 0x560da5092662 <unknown>\n#14 0x560da505e8df <unknown>\n#15 0x560da50b56d8 <unknown>\n#16 0x560da50b58a2 <unknown>\n#17 0x560da50c56cc <unknown>\n#18 0x7f9643c94ac3 <unknown>","statusTrace":"self = <test_ProgMusix.TestProgmusix object at 0x7fd2a5c1e1a0>\n\n    @pytest.mark.order(4)\n    def test_paying(self):\n        #Login\n    \n        #Kosárba helyezés:\n        self.page.purchase_random_method()\n        # Fizetés\n>       self.page.paying_method()\n\ntest_ProgMusix.py:132: \n_ _ _ _ _ _ _ _ _ _ _ _ _ _ _ _ _ _ _ _ _ _ _ _ _ _ _ _ _ _ _ _ _ _ _ _ _ _ _ _ \nProgMusix/page_model.py:401: in paying_method\n    self.checkout_btn().click()\nProgMusix/page_model.py:522: in checkout_btn\n    return WebDriverWait(self.browser, 5).until(\n_ _ _ _ _ _ _ _ _ _ _ _ _ _ _ _ _ _ _ _ _ _ _ _ _ _ _ _ _ _ _ _ _ _ _ _ _ _ _ _ \n\nself = <selenium.webdriver.support.wait.WebDriverWait (session=\"b196c7854d38857d10a52a44c80b7328\")>\nmethod = <function visibility_of_element_located.<locals>._predicate at 0x7fd2a5c25b40>\nmessage = ''\n\n    def until(self, method: Callable[[D], Union[Literal[False], T]], message: str = \"\") -> T:\n        \"\"\"Calls the method provided with the driver as an argument until the \\\n        return value does not evaluate to ``False``.\n    \n        :param method: callable(WebDriver)\n        :param message: optional message for :exc:`TimeoutException`\n        :returns: the result of the last call to `method`\n        :raises: :exc:`selenium.common.exceptions.TimeoutException` if timeout occurs\n        \"\"\"\n        screen = None\n        stacktrace = None\n    \n        end_time = time.monotonic() + self._timeout\n        while True:\n            try:\n                value = method(self._driver)\n                if value:\n                    return value\n            except self._ignored_exceptions as exc:\n                screen = getattr(exc, \"screen\", None)\n                stacktrace = getattr(exc, \"stacktrace\", None)\n            time.sleep(self._poll)\n            if time.monotonic() > end_time:\n                break\n>       raise TimeoutException(message, screen, stacktrace)\nE       selenium.common.exceptions.TimeoutException: Message: \nE       Stacktrace:\nE       #0 0x560da50c68da <unknown>\nE       #1 0x560da4d94e50 <unknown>\nE       #2 0x560da4de4644 <unknown>\nE       #3 0x560da4de4931 <unknown>\nE       #4 0x560da4e2a534 <unknown>\nE       #5 0x560da4e094bd <unknown>\nE       #6 0x560da4e279c6 <unknown>\nE       #7 0x560da4e09233 <unknown>\nE       #8 0x560da4dd7093 <unknown>\nE       #9 0x560da4dd809e <unknown>\nE       #10 0x560da508db3b <unknown>\nE       #11 0x560da5091af1 <unknown>\nE       #12 0x560da5079705 <unknown>\nE       #13 0x560da5092662 <unknown>\nE       #14 0x560da505e8df <unknown>\nE       #15 0x560da50b56d8 <unknown>\nE       #16 0x560da50b58a2 <unknown>\nE       #17 0x560da50c56cc <unknown>\nE       #18 0x7f9643c94ac3 <unknown>\n\n/opt/hostedtoolcache/Python/3.10.14/x64/lib/python3.10/site-packages/selenium/webdriver/support/wait.py:105: TimeoutException","flaky":false,"newFailed":false,"newBroken":false,"newPassed":false,"retriesCount":0,"retriesStatusChange":false,"beforeStages":[{"name":"_xunit_setup_method_fixture_TestProgmusix","time":{"start":1725957228259,"stop":1725957228958,"duration":699},"status":"passed","steps":[],"attachments":[],"parameters":[],"shouldDisplayMessage":false,"stepsCount":0,"attachmentsCount":0,"hasContent":false,"attachmentStep":false}],"afterStages":[{"name":"_xunit_setup_method_fixture_TestProgmusix::0","time":{"start":1725957238829,"stop":1725957238829,"duration":0},"status":"passed","steps":[],"attachments":[],"parameters":[],"shouldDisplayMessage":false,"stepsCount":0,"attachmentsCount":0,"hasContent":false,"attachmentStep":false}],"labels":[{"name":"tag","value":"order(4)"},{"name":"suite","value":"test_ProgMusix"},{"name":"subSuite","value":"TestProgmusix"},{"name":"host","value":"fv-az1391-309"},{"name":"thread","value":"3324-MainThread"},{"name":"framework","value":"pytest"},{"name":"language","value":"cpython3"},{"name":"package","value":"test_ProgMusix"},{"name":"resultFormat","value":"allure2"}],"parameters":[],"links":[],"hidden":false,"retry":false,"extra":{"severity":"normal","retries":[],"categories":[{"name":"Test defects","matchedStatuses":[],"flaky":false}],"tags":["order(4)"]},"source":"ca7ebf883ad3221a.json","parameterValues":[]}