{"uid":"1f2b0c7debaa33f5","name":"test_regtest","fullName":"test_ProgMusix.TestProgmusix#test_regtest","historyId":"b67b4280f52c4e5d3b830068a7aadd65","time":{"start":1726047893980,"stop":1726047944477,"duration":50497},"status":"broken","statusMessage":"selenium.common.exceptions.TimeoutException: Message: \nStacktrace:\n#0 0x5567b89d18da <unknown>\n#1 0x5567b869fe50 <unknown>\n#2 0x5567b86ef644 <unknown>\n#3 0x5567b86ef931 <unknown>\n#4 0x5567b8735534 <unknown>\n#5 0x5567b87144bd <unknown>\n#6 0x5567b87329c6 <unknown>\n#7 0x5567b8714233 <unknown>\n#8 0x5567b86e2093 <unknown>\n#9 0x5567b86e309e <unknown>\n#10 0x5567b8998b3b <unknown>\n#11 0x5567b899caf1 <unknown>\n#12 0x5567b8984705 <unknown>\n#13 0x5567b899d662 <unknown>\n#14 0x5567b89698df <unknown>\n#15 0x5567b89c06d8 <unknown>\n#16 0x5567b89c08a2 <unknown>\n#17 0x5567b89d06cc <unknown>\n#18 0x7f268d094ac3 <unknown>","statusTrace":"self = <test_ProgMusix.TestProgmusix object at 0x7f6f98d05300>\n\n    @pytest.mark.order(1)\n    def test_regtest(self):\n>       self.page.registration()\n\ntest_ProgMusix.py:29: \n_ _ _ _ _ _ _ _ _ _ _ _ _ _ _ _ _ _ _ _ _ _ _ _ _ _ _ _ _ _ _ _ _ _ _ _ _ _ _ _ \nProgMusix/page_model.py:278: in registration\n    self.registration_refresh()\nProgMusix/page_model.py:270: in registration_refresh\n    self.create_page_btn().click()\nProgMusix/page_model.py:80: in create_page_btn\n    return WebDriverWait(self.browser, 50).until(EC.visibility_of_element_located((By.CLASS_NAME, 'create_account')))\n_ _ _ _ _ _ _ _ _ _ _ _ _ _ _ _ _ _ _ _ _ _ _ _ _ _ _ _ _ _ _ _ _ _ _ _ _ _ _ _ \n\nself = <selenium.webdriver.support.wait.WebDriverWait (session=\"785410241d8fcd57fd78d37c89d99993\")>\nmethod = <function visibility_of_element_located.<locals>._predicate at 0x7f6f9a365630>\nmessage = ''\n\n    def until(self, method: Callable[[D], Union[Literal[False], T]], message: str = \"\") -> T:\n        \"\"\"Calls the method provided with the driver as an argument until the \\\n        return value does not evaluate to ``False``.\n    \n        :param method: callable(WebDriver)\n        :param message: optional message for :exc:`TimeoutException`\n        :returns: the result of the last call to `method`\n        :raises: :exc:`selenium.common.exceptions.TimeoutException` if timeout occurs\n        \"\"\"\n        screen = None\n        stacktrace = None\n    \n        end_time = time.monotonic() + self._timeout\n        while True:\n            try:\n                value = method(self._driver)\n                if value:\n                    return value\n            except self._ignored_exceptions as exc:\n                screen = getattr(exc, \"screen\", None)\n                stacktrace = getattr(exc, \"stacktrace\", None)\n            time.sleep(self._poll)\n            if time.monotonic() > end_time:\n                break\n>       raise TimeoutException(message, screen, stacktrace)\nE       selenium.common.exceptions.TimeoutException: Message: \nE       Stacktrace:\nE       #0 0x5567b89d18da <unknown>\nE       #1 0x5567b869fe50 <unknown>\nE       #2 0x5567b86ef644 <unknown>\nE       #3 0x5567b86ef931 <unknown>\nE       #4 0x5567b8735534 <unknown>\nE       #5 0x5567b87144bd <unknown>\nE       #6 0x5567b87329c6 <unknown>\nE       #7 0x5567b8714233 <unknown>\nE       #8 0x5567b86e2093 <unknown>\nE       #9 0x5567b86e309e <unknown>\nE       #10 0x5567b8998b3b <unknown>\nE       #11 0x5567b899caf1 <unknown>\nE       #12 0x5567b8984705 <unknown>\nE       #13 0x5567b899d662 <unknown>\nE       #14 0x5567b89698df <unknown>\nE       #15 0x5567b89c06d8 <unknown>\nE       #16 0x5567b89c08a2 <unknown>\nE       #17 0x5567b89d06cc <unknown>\nE       #18 0x7f268d094ac3 <unknown>\n\n/opt/hostedtoolcache/Python/3.10.14/x64/lib/python3.10/site-packages/selenium/webdriver/support/wait.py:105: TimeoutException","flaky":false,"newFailed":false,"newBroken":false,"newPassed":false,"retriesCount":0,"retriesStatusChange":false,"beforeStages":[{"name":"_xunit_setup_method_fixture_TestProgmusix","time":{"start":1726047891517,"stop":1726047893979,"duration":2462},"status":"passed","steps":[],"attachments":[],"parameters":[],"shouldDisplayMessage":false,"stepsCount":0,"attachmentsCount":0,"hasContent":false,"attachmentStep":false}],"afterStages":[{"name":"_xunit_setup_method_fixture_TestProgmusix::0","time":{"start":1726047944545,"stop":1726047944545,"duration":0},"status":"passed","steps":[],"attachments":[],"parameters":[],"shouldDisplayMessage":false,"stepsCount":0,"attachmentsCount":0,"hasContent":false,"attachmentStep":false}],"labels":[{"name":"tag","value":"order(1)"},{"name":"suite","value":"test_ProgMusix"},{"name":"subSuite","value":"TestProgmusix"},{"name":"host","value":"fv-az1750-634"},{"name":"thread","value":"3136-MainThread"},{"name":"framework","value":"pytest"},{"name":"language","value":"cpython3"},{"name":"package","value":"test_ProgMusix"},{"name":"resultFormat","value":"allure2"}],"parameters":[],"links":[],"hidden":false,"retry":false,"extra":{"severity":"normal","retries":[],"categories":[{"name":"Test defects","matchedStatuses":[],"flaky":false}],"tags":["order(1)"]},"source":"1f2b0c7debaa33f5.json","parameterValues":[]}