{"uid":"8b31aa45d5fd90c2","name":"test_paying","fullName":"test_ProgMusix.TestProgmusix#test_paying","historyId":"f83dd1e30486b0875c70cb546b58a679","time":{"start":1726048018144,"stop":1726048036921,"duration":18777},"status":"broken","statusMessage":"selenium.common.exceptions.TimeoutException: Message: \nStacktrace:\n#0 0x564106a868da <unknown>\n#1 0x564106754e50 <unknown>\n#2 0x5641067a4644 <unknown>\n#3 0x5641067a4931 <unknown>\n#4 0x5641067ea534 <unknown>\n#5 0x5641067c94bd <unknown>\n#6 0x5641067e79c6 <unknown>\n#7 0x5641067c9233 <unknown>\n#8 0x564106797093 <unknown>\n#9 0x56410679809e <unknown>\n#10 0x564106a4db3b <unknown>\n#11 0x564106a51af1 <unknown>\n#12 0x564106a39705 <unknown>\n#13 0x564106a52662 <unknown>\n#14 0x564106a1e8df <unknown>\n#15 0x564106a756d8 <unknown>\n#16 0x564106a758a2 <unknown>\n#17 0x564106a856cc <unknown>\n#18 0x7faeb8a94ac3 <unknown>","statusTrace":"self = <test_ProgMusix.TestProgmusix object at 0x7f6f98d06a40>\n\n    @pytest.mark.order(15)\n    def test_paying(self):\n        #Login\n        self.page.login_method_p()\n        # self.page.purchase_random_method()\n>       self.page.paying_method()\n\ntest_ProgMusix.py:140: \n_ _ _ _ _ _ _ _ _ _ _ _ _ _ _ _ _ _ _ _ _ _ _ _ _ _ _ _ _ _ _ _ _ _ _ _ _ _ _ _ \nProgMusix/page_model.py:416: in paying_method\n    self.input_username().send_keys(TESTDATA['username_p'])\nProgMusix/page_model.py:540: in input_username\n    return WebDriverWait(self.browser, 15).until(\n_ _ _ _ _ _ _ _ _ _ _ _ _ _ _ _ _ _ _ _ _ _ _ _ _ _ _ _ _ _ _ _ _ _ _ _ _ _ _ _ \n\nself = <selenium.webdriver.support.wait.WebDriverWait (session=\"b74e1b701a8fe09aee7c6ba8a60e217c\")>\nmethod = <function visibility_of_element_located.<locals>._predicate at 0x7f6f98dc53f0>\nmessage = ''\n\n    def until(self, method: Callable[[D], Union[Literal[False], T]], message: str = \"\") -> T:\n        \"\"\"Calls the method provided with the driver as an argument until the \\\n        return value does not evaluate to ``False``.\n    \n        :param method: callable(WebDriver)\n        :param message: optional message for :exc:`TimeoutException`\n        :returns: the result of the last call to `method`\n        :raises: :exc:`selenium.common.exceptions.TimeoutException` if timeout occurs\n        \"\"\"\n        screen = None\n        stacktrace = None\n    \n        end_time = time.monotonic() + self._timeout\n        while True:\n            try:\n                value = method(self._driver)\n                if value:\n                    return value\n            except self._ignored_exceptions as exc:\n                screen = getattr(exc, \"screen\", None)\n                stacktrace = getattr(exc, \"stacktrace\", None)\n            time.sleep(self._poll)\n            if time.monotonic() > end_time:\n                break\n>       raise TimeoutException(message, screen, stacktrace)\nE       selenium.common.exceptions.TimeoutException: Message: \nE       Stacktrace:\nE       #0 0x564106a868da <unknown>\nE       #1 0x564106754e50 <unknown>\nE       #2 0x5641067a4644 <unknown>\nE       #3 0x5641067a4931 <unknown>\nE       #4 0x5641067ea534 <unknown>\nE       #5 0x5641067c94bd <unknown>\nE       #6 0x5641067e79c6 <unknown>\nE       #7 0x5641067c9233 <unknown>\nE       #8 0x564106797093 <unknown>\nE       #9 0x56410679809e <unknown>\nE       #10 0x564106a4db3b <unknown>\nE       #11 0x564106a51af1 <unknown>\nE       #12 0x564106a39705 <unknown>\nE       #13 0x564106a52662 <unknown>\nE       #14 0x564106a1e8df <unknown>\nE       #15 0x564106a756d8 <unknown>\nE       #16 0x564106a758a2 <unknown>\nE       #17 0x564106a856cc <unknown>\nE       #18 0x7faeb8a94ac3 <unknown>\n\n/opt/hostedtoolcache/Python/3.10.14/x64/lib/python3.10/site-packages/selenium/webdriver/support/wait.py:105: TimeoutException","flaky":false,"newFailed":false,"newBroken":false,"newPassed":false,"retriesCount":0,"retriesStatusChange":false,"beforeStages":[{"name":"_xunit_setup_method_fixture_TestProgmusix","time":{"start":1726048017120,"stop":1726048018143,"duration":1023},"status":"passed","steps":[],"attachments":[],"parameters":[],"shouldDisplayMessage":false,"stepsCount":0,"attachmentsCount":0,"hasContent":false,"attachmentStep":false}],"afterStages":[{"name":"_xunit_setup_method_fixture_TestProgmusix::0","time":{"start":1726048036945,"stop":1726048036945,"duration":0},"status":"passed","steps":[],"attachments":[],"parameters":[],"shouldDisplayMessage":false,"stepsCount":0,"attachmentsCount":0,"hasContent":false,"attachmentStep":false}],"labels":[{"name":"tag","value":"order(15)"},{"name":"suite","value":"test_ProgMusix"},{"name":"subSuite","value":"TestProgmusix"},{"name":"host","value":"fv-az1750-634"},{"name":"thread","value":"3136-MainThread"},{"name":"framework","value":"pytest"},{"name":"language","value":"cpython3"},{"name":"package","value":"test_ProgMusix"},{"name":"resultFormat","value":"allure2"}],"parameters":[],"links":[],"hidden":false,"retry":false,"extra":{"severity":"normal","retries":[],"categories":[{"name":"Test defects","matchedStatuses":[],"flaky":false}],"tags":["order(15)"]},"source":"8b31aa45d5fd90c2.json","parameterValues":[]}