{"uid":"de878749e24255a3","name":"test_reg_TAB","fullName":"test_progmusix.TestProgmusix#test_reg_TAB","historyId":"3f1742bd14efa3992bcbbc6425f47b24","time":{"start":1725013975474,"stop":1725013980719,"duration":5245},"status":"broken","statusMessage":"selenium.common.exceptions.TimeoutException: Message: \nStacktrace:\n#0 0x56132cc8581a <unknown>\n#1 0x56132c953e50 <unknown>\n#2 0x56132c9a3644 <unknown>\n#3 0x56132c9a3931 <unknown>\n#4 0x56132c9e9534 <unknown>\n#5 0x56132c9c84bd <unknown>\n#6 0x56132c9e69c6 <unknown>\n#7 0x56132c9c8233 <unknown>\n#8 0x56132c996093 <unknown>\n#9 0x56132c99709e <unknown>\n#10 0x56132cc4ca7b <unknown>\n#11 0x56132cc50a31 <unknown>\n#12 0x56132cc38645 <unknown>\n#13 0x56132cc515a2 <unknown>\n#14 0x56132cc1d81f <unknown>\n#15 0x56132cc74618 <unknown>\n#16 0x56132cc747e2 <unknown>\n#17 0x56132cc8460c <unknown>\n#18 0x7ff1dfc94ac3 <unknown>","statusTrace":"self = <test_progmusix.TestProgmusix object at 0x7f8cc02f6920>\n\n    def test_reg_TAB(self):\n>       self.page.reg_TAB_method()\n\ntest_progmusix.py:16: \n_ _ _ _ _ _ _ _ _ _ _ _ _ _ _ _ _ _ _ _ _ _ _ _ _ _ _ _ _ _ _ _ _ _ _ _ _ _ _ _ \npage_model.py:234: in reg_TAB_method\n    self.create_btn().click()\npage_model.py:80: in create_btn\n    return WebDriverWait(self.browser, 5).until(EC.visibility_of_element_located((By.XPATH, '//button[@class=\"create_account\"]')))\n_ _ _ _ _ _ _ _ _ _ _ _ _ _ _ _ _ _ _ _ _ _ _ _ _ _ _ _ _ _ _ _ _ _ _ _ _ _ _ _ \n\nself = <selenium.webdriver.support.wait.WebDriverWait (session=\"0d6e8d0b15cdc8327b1501ca5831a5de\")>\nmethod = <function visibility_of_element_located.<locals>._predicate at 0x7f8cc0f792d0>\nmessage = ''\n\n    def until(self, method: Callable[[D], Union[Literal[False], T]], message: str = \"\") -> T:\n        \"\"\"Calls the method provided with the driver as an argument until the \\\n        return value does not evaluate to ``False``.\n    \n        :param method: callable(WebDriver)\n        :param message: optional message for :exc:`TimeoutException`\n        :returns: the result of the last call to `method`\n        :raises: :exc:`selenium.common.exceptions.TimeoutException` if timeout occurs\n        \"\"\"\n        screen = None\n        stacktrace = None\n    \n        end_time = time.monotonic() + self._timeout\n        while True:\n            try:\n                value = method(self._driver)\n                if value:\n                    return value\n            except self._ignored_exceptions as exc:\n                screen = getattr(exc, \"screen\", None)\n                stacktrace = getattr(exc, \"stacktrace\", None)\n            time.sleep(self._poll)\n            if time.monotonic() > end_time:\n                break\n>       raise TimeoutException(message, screen, stacktrace)\nE       selenium.common.exceptions.TimeoutException: Message: \nE       Stacktrace:\nE       #0 0x56132cc8581a <unknown>\nE       #1 0x56132c953e50 <unknown>\nE       #2 0x56132c9a3644 <unknown>\nE       #3 0x56132c9a3931 <unknown>\nE       #4 0x56132c9e9534 <unknown>\nE       #5 0x56132c9c84bd <unknown>\nE       #6 0x56132c9e69c6 <unknown>\nE       #7 0x56132c9c8233 <unknown>\nE       #8 0x56132c996093 <unknown>\nE       #9 0x56132c99709e <unknown>\nE       #10 0x56132cc4ca7b <unknown>\nE       #11 0x56132cc50a31 <unknown>\nE       #12 0x56132cc38645 <unknown>\nE       #13 0x56132cc515a2 <unknown>\nE       #14 0x56132cc1d81f <unknown>\nE       #15 0x56132cc74618 <unknown>\nE       #16 0x56132cc747e2 <unknown>\nE       #17 0x56132cc8460c <unknown>\nE       #18 0x7ff1dfc94ac3 <unknown>\n\n/opt/hostedtoolcache/Python/3.10.14/x64/lib/python3.10/site-packages/selenium/webdriver/support/wait.py:105: TimeoutException","flaky":false,"newFailed":false,"newBroken":false,"newPassed":false,"retriesCount":4,"retriesStatusChange":true,"beforeStages":[{"name":"_xunit_setup_method_fixture_TestProgmusix","time":{"start":1725013973458,"stop":1725013975474,"duration":2016},"status":"passed","steps":[],"attachments":[],"parameters":[],"shouldDisplayMessage":false,"stepsCount":0,"attachmentsCount":0,"hasContent":false,"attachmentStep":false}],"afterStages":[{"name":"_xunit_setup_method_fixture_TestProgmusix::0","time":{"start":1725013980765,"stop":1725013980875,"duration":110},"status":"passed","steps":[],"attachments":[],"parameters":[],"shouldDisplayMessage":false,"stepsCount":0,"attachmentsCount":0,"hasContent":false,"attachmentStep":false}],"labels":[{"name":"suite","value":"test_progmusix"},{"name":"subSuite","value":"TestProgmusix"},{"name":"host","value":"fv-az1205-93"},{"name":"thread","value":"3659-MainThread"},{"name":"framework","value":"pytest"},{"name":"language","value":"cpython3"},{"name":"package","value":"test_progmusix"},{"name":"resultFormat","value":"allure2"}],"parameters":[],"links":[],"hidden":false,"retry":false,"extra":{"severity":"normal","retries":[{"uid":"4a8ff0ad29a684fe","status":"passed","time":{"start":1724855015851,"stop":1724855016287,"duration":436}},{"uid":"8b68f2bea907c27c","status":"broken","statusDetails":"selenium.common.exceptions.WebDriverException: Message: unknown error: net::ERR_CONNECTION_REFUSED\n  (Session info: chrome-headless-shell=127.0.6533.122)\nStacktrace:\n\tGetHandleVerifier [0x00007FF6722A9642+30946]\n\t(No symbol) [0x00007FF67225E3D9]\n\t(No symbol) [0x00007FF672156FDA]\n\t(No symbol) [0x00007FF67214F0B5]\n\t(No symbol) [0x00007FF6721401E9]\n\t(No symbol) [0x00007FF672141D62]\n\t(No symbol) [0x00007FF6721404CE]\n\t(No symbol) [0x00007FF67213FD41]\n\t(No symbol) [0x00007FF67213FC80]\n\t(No symbol) [0x00007FF67213DE84]\n\t(No symbol) [0x00007FF67213E29C]\n\t(No symbol) [0x00007FF67215A041]\n\t(No symbol) [0x00007FF6721EBA2E]\n\t(No symbol) [0x00007FF6721CCA6A]\n\t(No symbol) [0x00007FF6721EB041]\n\t(No symbol) [0x00007FF6721CC813]\n\t(No symbol) [0x00007FF67219A6E5]\n\t(No symbol) [0x00007FF67219B021]\n\tGetHandleVerifier [0x00007FF6723DF84D+1301229]\n\tGetHandleVerifier [0x00007FF6723EBDC7+1351783]\n\tGetHandleVerifier [0x00007FF6723E2A13+1313971]\n\tGetHandleVerifier [0x00007FF6722DDD16+245686]\n\t(No symbol) [0x00007FF67226759F]\n\t(No symbol) [0x00007FF672263814]\n\t(No symbol) [0x00007FF6722639A2]\n\t(No symbol) [0x00007FF67225A3FF]\n\tBaseThreadInitThunk [0x00007FFBA625257D+29]\n\tRtlUserThreadStart [0x00007FFBA6EEAF28+40]","time":{"start":1724854930227,"stop":1724854930227,"duration":0}},{"uid":"9f25c1d16f9745ba","status":"passed","time":{"start":1724698225007,"stop":1724698225658,"duration":651}},{"uid":"90354bba9bb469e1","status":"broken","statusDetails":"selenium.common.exceptions.ElementNotInteractableException: Message: element not interactable\n  (Session info: chrome-headless-shell=127.0.6533.122)\nStacktrace:\n\tGetHandleVerifier [0x00007FF7E13C9642+30946]\n\t(No symbol) [0x00007FF7E137E3D9]\n\t(No symbol) [0x00007FF7E1276E09]\n\t(No symbol) [0x00007FF7E12C9712]\n\t(No symbol) [0x00007FF7E12BC271]\n\t(No symbol) [0x00007FF7E12ECA6A]\n\t(No symbol) [0x00007FF7E12BBBB6]\n\t(No symbol) [0x00007FF7E12ECC80]\n\t(No symbol) [0x00007FF7E130B041]\n\t(No symbol) [0x00007FF7E12EC813]\n\t(No symbol) [0x00007FF7E12BA6E5]\n\t(No symbol) [0x00007FF7E12BB021]\n\tGetHandleVerifier [0x00007FF7E14FF84D+1301229]\n\tGetHandleVerifier [0x00007FF7E150BDC7+1351783]\n\tGetHandleVerifier [0x00007FF7E1502A13+1313971]\n\tGetHandleVerifier [0x00007FF7E13FDD16+245686]\n\t(No symbol) [0x00007FF7E138759F]\n\t(No symbol) [0x00007FF7E1383814]\n\t(No symbol) [0x00007FF7E13839A2]\n\t(No symbol) [0x00007FF7E137A3FF]\n\tBaseThreadInitThunk [0x00007FFBA625257D+29]\n\tRtlUserThreadStart [0x00007FFBA6EEAF28+40]","time":{"start":1724698147231,"stop":1724698147251,"duration":20}}],"categories":[{"name":"Test defects","matchedStatuses":[],"flaky":false}],"tags":[]},"source":"de878749e24255a3.json","parameterValues":[]}