{"uid":"c4240f7ad52696d1","name":"test_contact","fullName":"test_progmusix.TestProgmusix#test_contact","historyId":"b5dce28c82d19d1a9dd51e40aa11eb9f","time":{"start":1724757862848,"stop":1724757869050,"duration":6202},"status":"broken","statusMessage":"selenium.common.exceptions.TimeoutException: Message: \nStacktrace:\n#0 0x55dab7c3381a <unknown>\n#1 0x55dab7901e50 <unknown>\n#2 0x55dab7951644 <unknown>\n#3 0x55dab7951931 <unknown>\n#4 0x55dab7997534 <unknown>\n#5 0x55dab79764bd <unknown>\n#6 0x55dab79949c6 <unknown>\n#7 0x55dab7976233 <unknown>\n#8 0x55dab7944093 <unknown>\n#9 0x55dab794509e <unknown>\n#10 0x55dab7bfaa7b <unknown>\n#11 0x55dab7bfea31 <unknown>\n#12 0x55dab7be6645 <unknown>\n#13 0x55dab7bff5a2 <unknown>\n#14 0x55dab7bcb81f <unknown>\n#15 0x55dab7c22618 <unknown>\n#16 0x55dab7c227e2 <unknown>\n#17 0x55dab7c3260c <unknown>\n#18 0x7f4c4c294ac3 <unknown>","statusTrace":"self = <test_progmusix.TestProgmusix object at 0x7fd66af08d60>\n\n    def test_contact(self):\n        self.page.contact_btn().click()\n        self.page.map_icon().click()\n        #Megjelenik-e a cím, ha rákattint a helyzetjelző ikonra:\n        assert TESTDATA['address'] in self.page.address()\n        self.page.contact_name().send_keys(TESTDATA['contact_name'])\n        self.page.contact_email().send_keys(TESTDATA['contact_email'])\n        self.page.contact_field().send_keys(TESTDATA['contact_field'])\n        self.page.contact_send_btm().click()\n        #Sikerességet igazoló üzenet megjelenése:\n>       assert self.page.contact_msg_succ() == TESTDATA['contact_msg_succ']\n\ntest_progmusix.py:77: \n_ _ _ _ _ _ _ _ _ _ _ _ _ _ _ _ _ _ _ _ _ _ _ _ _ _ _ _ _ _ _ _ _ _ _ _ _ _ _ _ \npage_model.py:161: in contact_msg_succ\n    return WebDriverWait(self.browser, 5).until(EC.visibility_of_element_located((By.XPATH,'//div[@class=\"mat-dialog-content\"]'))).text\n_ _ _ _ _ _ _ _ _ _ _ _ _ _ _ _ _ _ _ _ _ _ _ _ _ _ _ _ _ _ _ _ _ _ _ _ _ _ _ _ \n\nself = <selenium.webdriver.support.wait.WebDriverWait (session=\"27501d48ca8e13da74db0f21cb02fda8\")>\nmethod = <function visibility_of_element_located.<locals>._predicate at 0x7fd66a9ea830>\nmessage = ''\n\n    def until(self, method: Callable[[D], Union[Literal[False], T]], message: str = \"\") -> T:\n        \"\"\"Calls the method provided with the driver as an argument until the \\\n        return value does not evaluate to ``False``.\n    \n        :param method: callable(WebDriver)\n        :param message: optional message for :exc:`TimeoutException`\n        :returns: the result of the last call to `method`\n        :raises: :exc:`selenium.common.exceptions.TimeoutException` if timeout occurs\n        \"\"\"\n        screen = None\n        stacktrace = None\n    \n        end_time = time.monotonic() + self._timeout\n        while True:\n            try:\n                value = method(self._driver)\n                if value:\n                    return value\n            except self._ignored_exceptions as exc:\n                screen = getattr(exc, \"screen\", None)\n                stacktrace = getattr(exc, \"stacktrace\", None)\n            time.sleep(self._poll)\n            if time.monotonic() > end_time:\n                break\n>       raise TimeoutException(message, screen, stacktrace)\nE       selenium.common.exceptions.TimeoutException: Message: \nE       Stacktrace:\nE       #0 0x55dab7c3381a <unknown>\nE       #1 0x55dab7901e50 <unknown>\nE       #2 0x55dab7951644 <unknown>\nE       #3 0x55dab7951931 <unknown>\nE       #4 0x55dab7997534 <unknown>\nE       #5 0x55dab79764bd <unknown>\nE       #6 0x55dab79949c6 <unknown>\nE       #7 0x55dab7976233 <unknown>\nE       #8 0x55dab7944093 <unknown>\nE       #9 0x55dab794509e <unknown>\nE       #10 0x55dab7bfaa7b <unknown>\nE       #11 0x55dab7bfea31 <unknown>\nE       #12 0x55dab7be6645 <unknown>\nE       #13 0x55dab7bff5a2 <unknown>\nE       #14 0x55dab7bcb81f <unknown>\nE       #15 0x55dab7c22618 <unknown>\nE       #16 0x55dab7c227e2 <unknown>\nE       #17 0x55dab7c3260c <unknown>\nE       #18 0x7f4c4c294ac3 <unknown>\n\n/opt/hostedtoolcache/Python/3.10.14/x64/lib/python3.10/site-packages/selenium/webdriver/support/wait.py:105: TimeoutException","flaky":false,"newFailed":false,"newBroken":false,"newPassed":false,"retriesCount":0,"retriesStatusChange":false,"beforeStages":[{"name":"_xunit_setup_method_fixture_TestProgmusix","time":{"start":1724757862181,"stop":1724757862848,"duration":667},"status":"passed","steps":[],"attachments":[],"parameters":[],"shouldDisplayMessage":false,"stepsCount":0,"attachmentsCount":0,"hasContent":false,"attachmentStep":false}],"afterStages":[{"name":"_xunit_setup_method_fixture_TestProgmusix::0","time":{"start":1724757869088,"stop":1724757869199,"duration":111},"status":"passed","steps":[],"attachments":[],"parameters":[],"shouldDisplayMessage":false,"stepsCount":0,"attachmentsCount":0,"hasContent":false,"attachmentStep":false}],"labels":[{"name":"suite","value":"test_progmusix"},{"name":"subSuite","value":"TestProgmusix"},{"name":"host","value":"fv-az1052-468"},{"name":"thread","value":"2550-MainThread"},{"name":"framework","value":"pytest"},{"name":"language","value":"cpython3"},{"name":"package","value":"test_progmusix"},{"name":"resultFormat","value":"allure2"}],"parameters":[],"links":[],"hidden":false,"retry":false,"extra":{"severity":"normal","retries":[],"categories":[{"name":"Test defects","matchedStatuses":[],"flaky":false}],"tags":[]},"source":"c4240f7ad52696d1.json","parameterValues":[]}