{"uid":"a98468982339f38d","name":"test_paying","fullName":"test_ProgMusix.TestProgmusix#test_paying","historyId":"f83dd1e30486b0875c70cb546b58a679","time":{"start":1725894279408,"stop":1725894300067,"duration":20659},"status":"broken","statusMessage":"selenium.common.exceptions.TimeoutException: Message: \nStacktrace:\n#0 0x5625cb4298da <unknown>\n#1 0x5625cb0f7e50 <unknown>\n#2 0x5625cb147644 <unknown>\n#3 0x5625cb147931 <unknown>\n#4 0x5625cb18d534 <unknown>\n#5 0x5625cb16c4bd <unknown>\n#6 0x5625cb18a9c6 <unknown>\n#7 0x5625cb16c233 <unknown>\n#8 0x5625cb13a093 <unknown>\n#9 0x5625cb13b09e <unknown>\n#10 0x5625cb3f0b3b <unknown>\n#11 0x5625cb3f4af1 <unknown>\n#12 0x5625cb3dc705 <unknown>\n#13 0x5625cb3f5662 <unknown>\n#14 0x5625cb3c18df <unknown>\n#15 0x5625cb4186d8 <unknown>\n#16 0x5625cb4188a2 <unknown>\n#17 0x5625cb4286cc <unknown>\n#18 0x7f591d094ac3 <unknown>","statusTrace":"self = <test_ProgMusix.TestProgmusix object at 0x7f4323b05f30>\n\n    @pytest.mark.order(4)\n    def test_paying(self):\n        #Login\n        self.page.login_method_p()\n        #Kosárba helyezés:\n        self.page.purchase_random_method()\n        # Fizetés\n>       self.page.paying_method()\n\ntest_ProgMusix.py:132: \n_ _ _ _ _ _ _ _ _ _ _ _ _ _ _ _ _ _ _ _ _ _ _ _ _ _ _ _ _ _ _ _ _ _ _ _ _ _ _ _ \nProgMusix/page_model.py:402: in paying_method\n    self.input_username().send_keys(TESTDATA['username_p'])\nProgMusix/page_model.py:526: in input_username\n    return WebDriverWait(self.browser, 15).until(\n_ _ _ _ _ _ _ _ _ _ _ _ _ _ _ _ _ _ _ _ _ _ _ _ _ _ _ _ _ _ _ _ _ _ _ _ _ _ _ _ \n\nself = <selenium.webdriver.support.wait.WebDriverWait (session=\"3815c7498f48e90629ce94179dcb735a\")>\nmethod = <function visibility_of_element_located.<locals>._predicate at 0x7f4323bbdb40>\nmessage = ''\n\n    def until(self, method: Callable[[D], Union[Literal[False], T]], message: str = \"\") -> T:\n        \"\"\"Calls the method provided with the driver as an argument until the \\\n        return value does not evaluate to ``False``.\n    \n        :param method: callable(WebDriver)\n        :param message: optional message for :exc:`TimeoutException`\n        :returns: the result of the last call to `method`\n        :raises: :exc:`selenium.common.exceptions.TimeoutException` if timeout occurs\n        \"\"\"\n        screen = None\n        stacktrace = None\n    \n        end_time = time.monotonic() + self._timeout\n        while True:\n            try:\n                value = method(self._driver)\n                if value:\n                    return value\n            except self._ignored_exceptions as exc:\n                screen = getattr(exc, \"screen\", None)\n                stacktrace = getattr(exc, \"stacktrace\", None)\n            time.sleep(self._poll)\n            if time.monotonic() > end_time:\n                break\n>       raise TimeoutException(message, screen, stacktrace)\nE       selenium.common.exceptions.TimeoutException: Message: \nE       Stacktrace:\nE       #0 0x5625cb4298da <unknown>\nE       #1 0x5625cb0f7e50 <unknown>\nE       #2 0x5625cb147644 <unknown>\nE       #3 0x5625cb147931 <unknown>\nE       #4 0x5625cb18d534 <unknown>\nE       #5 0x5625cb16c4bd <unknown>\nE       #6 0x5625cb18a9c6 <unknown>\nE       #7 0x5625cb16c233 <unknown>\nE       #8 0x5625cb13a093 <unknown>\nE       #9 0x5625cb13b09e <unknown>\nE       #10 0x5625cb3f0b3b <unknown>\nE       #11 0x5625cb3f4af1 <unknown>\nE       #12 0x5625cb3dc705 <unknown>\nE       #13 0x5625cb3f5662 <unknown>\nE       #14 0x5625cb3c18df <unknown>\nE       #15 0x5625cb4186d8 <unknown>\nE       #16 0x5625cb4188a2 <unknown>\nE       #17 0x5625cb4286cc <unknown>\nE       #18 0x7f591d094ac3 <unknown>\n\n/opt/hostedtoolcache/Python/3.10.14/x64/lib/python3.10/site-packages/selenium/webdriver/support/wait.py:105: TimeoutException","flaky":false,"newFailed":false,"newBroken":false,"newPassed":false,"retriesCount":0,"retriesStatusChange":false,"beforeStages":[{"name":"_xunit_setup_method_fixture_TestProgmusix","time":{"start":1725894278805,"stop":1725894279407,"duration":602},"status":"passed","steps":[],"attachments":[],"parameters":[],"shouldDisplayMessage":false,"stepsCount":0,"attachmentsCount":0,"hasContent":false,"attachmentStep":false}],"afterStages":[{"name":"_xunit_setup_method_fixture_TestProgmusix::0","time":{"start":1725894300092,"stop":1725894300092,"duration":0},"status":"passed","steps":[],"attachments":[],"parameters":[],"shouldDisplayMessage":false,"stepsCount":0,"attachmentsCount":0,"hasContent":false,"attachmentStep":false}],"labels":[{"name":"tag","value":"order(4)"},{"name":"suite","value":"test_ProgMusix"},{"name":"subSuite","value":"TestProgmusix"},{"name":"host","value":"fv-az564-64"},{"name":"thread","value":"3330-MainThread"},{"name":"framework","value":"pytest"},{"name":"language","value":"cpython3"},{"name":"package","value":"test_ProgMusix"},{"name":"resultFormat","value":"allure2"}],"parameters":[],"links":[],"hidden":false,"retry":false,"extra":{"severity":"normal","retries":[],"categories":[{"name":"Test defects","matchedStatuses":[],"flaky":false}],"tags":["order(4)"]},"source":"a98468982339f38d.json","parameterValues":[]}