{"uid":"eb6e3598ca7d7b35","name":"test_regtest","fullName":"test_ProgMusix.TestProgmusix#test_regtest","historyId":"b67b4280f52c4e5d3b830068a7aadd65","time":{"start":1725894157634,"stop":1725894211029,"duration":53395},"status":"broken","statusMessage":"selenium.common.exceptions.TimeoutException: Message: \nStacktrace:\n#0 0x558b1c82e8da <unknown>\n#1 0x558b1c4fce50 <unknown>\n#2 0x558b1c54c644 <unknown>\n#3 0x558b1c54c931 <unknown>\n#4 0x558b1c592534 <unknown>\n#5 0x558b1c5714bd <unknown>\n#6 0x558b1c58f9c6 <unknown>\n#7 0x558b1c571233 <unknown>\n#8 0x558b1c53f093 <unknown>\n#9 0x558b1c54009e <unknown>\n#10 0x558b1c7f5b3b <unknown>\n#11 0x558b1c7f9af1 <unknown>\n#12 0x558b1c7e1705 <unknown>\n#13 0x558b1c7fa662 <unknown>\n#14 0x558b1c7c68df <unknown>\n#15 0x558b1c81d6d8 <unknown>\n#16 0x558b1c81d8a2 <unknown>\n#17 0x558b1c82d6cc <unknown>\n#18 0x7f6cf3c94ac3 <unknown>","statusTrace":"self = <test_ProgMusix.TestProgmusix object at 0x7f4323b04d00>\n\n    @pytest.mark.order(1)\n    def test_regtest(self):\n>       self.page.registration()\n\ntest_ProgMusix.py:29: \n_ _ _ _ _ _ _ _ _ _ _ _ _ _ _ _ _ _ _ _ _ _ _ _ _ _ _ _ _ _ _ _ _ _ _ _ _ _ _ _ \nProgMusix/page_model.py:265: in registration\n    self.create_page_btn().click()\nProgMusix/page_model.py:78: in create_page_btn\n    return WebDriverWait(self.browser, 50).until(EC.visibility_of_element_located((By.CSS_SELECTOR, '.create_account')))\n_ _ _ _ _ _ _ _ _ _ _ _ _ _ _ _ _ _ _ _ _ _ _ _ _ _ _ _ _ _ _ _ _ _ _ _ _ _ _ _ \n\nself = <selenium.webdriver.support.wait.WebDriverWait (session=\"e821a92d8493dabbe5c5c93edd962d2c\")>\nmethod = <function visibility_of_element_located.<locals>._predicate at 0x7f4324b99630>\nmessage = ''\n\n    def until(self, method: Callable[[D], Union[Literal[False], T]], message: str = \"\") -> T:\n        \"\"\"Calls the method provided with the driver as an argument until the \\\n        return value does not evaluate to ``False``.\n    \n        :param method: callable(WebDriver)\n        :param message: optional message for :exc:`TimeoutException`\n        :returns: the result of the last call to `method`\n        :raises: :exc:`selenium.common.exceptions.TimeoutException` if timeout occurs\n        \"\"\"\n        screen = None\n        stacktrace = None\n    \n        end_time = time.monotonic() + self._timeout\n        while True:\n            try:\n                value = method(self._driver)\n                if value:\n                    return value\n            except self._ignored_exceptions as exc:\n                screen = getattr(exc, \"screen\", None)\n                stacktrace = getattr(exc, \"stacktrace\", None)\n            time.sleep(self._poll)\n            if time.monotonic() > end_time:\n                break\n>       raise TimeoutException(message, screen, stacktrace)\nE       selenium.common.exceptions.TimeoutException: Message: \nE       Stacktrace:\nE       #0 0x558b1c82e8da <unknown>\nE       #1 0x558b1c4fce50 <unknown>\nE       #2 0x558b1c54c644 <unknown>\nE       #3 0x558b1c54c931 <unknown>\nE       #4 0x558b1c592534 <unknown>\nE       #5 0x558b1c5714bd <unknown>\nE       #6 0x558b1c58f9c6 <unknown>\nE       #7 0x558b1c571233 <unknown>\nE       #8 0x558b1c53f093 <unknown>\nE       #9 0x558b1c54009e <unknown>\nE       #10 0x558b1c7f5b3b <unknown>\nE       #11 0x558b1c7f9af1 <unknown>\nE       #12 0x558b1c7e1705 <unknown>\nE       #13 0x558b1c7fa662 <unknown>\nE       #14 0x558b1c7c68df <unknown>\nE       #15 0x558b1c81d6d8 <unknown>\nE       #16 0x558b1c81d8a2 <unknown>\nE       #17 0x558b1c82d6cc <unknown>\nE       #18 0x7f6cf3c94ac3 <unknown>\n\n/opt/hostedtoolcache/Python/3.10.14/x64/lib/python3.10/site-packages/selenium/webdriver/support/wait.py:105: TimeoutException","flaky":false,"newFailed":false,"newBroken":false,"newPassed":false,"retriesCount":0,"retriesStatusChange":false,"beforeStages":[{"name":"_xunit_setup_method_fixture_TestProgmusix","time":{"start":1725894156443,"stop":1725894157633,"duration":1190},"status":"passed","steps":[],"attachments":[],"parameters":[],"shouldDisplayMessage":false,"stepsCount":0,"attachmentsCount":0,"hasContent":false,"attachmentStep":false}],"afterStages":[{"name":"_xunit_setup_method_fixture_TestProgmusix::0","time":{"start":1725894211079,"stop":1725894211079,"duration":0},"status":"passed","steps":[],"attachments":[],"parameters":[],"shouldDisplayMessage":false,"stepsCount":0,"attachmentsCount":0,"hasContent":false,"attachmentStep":false}],"labels":[{"name":"tag","value":"order(1)"},{"name":"suite","value":"test_ProgMusix"},{"name":"subSuite","value":"TestProgmusix"},{"name":"host","value":"fv-az564-64"},{"name":"thread","value":"3330-MainThread"},{"name":"framework","value":"pytest"},{"name":"language","value":"cpython3"},{"name":"package","value":"test_ProgMusix"},{"name":"resultFormat","value":"allure2"}],"parameters":[],"links":[],"hidden":false,"retry":false,"extra":{"severity":"normal","retries":[],"categories":[{"name":"Test defects","matchedStatuses":[],"flaky":false}],"tags":["order(1)"]},"source":"eb6e3598ca7d7b35.json","parameterValues":[]}