{"uid":"df9ca650cc5a814d","name":"test_reg_TAB","fullName":"test_progmusix.TestProgmusix#test_reg_TAB","historyId":"3f1742bd14efa3992bcbbc6425f47b24","time":{"start":1725012958578,"stop":1725012958684,"duration":106},"status":"broken","statusMessage":"selenium.common.exceptions.NoSuchElementException: Message: no such element: Unable to locate element: {\"method\":\"xpath\",\"selector\":\"//button[@class=\"create_account\"]\"}\n  (Session info: chrome=128.0.6613.84); For documentation on this error, please visit: https://www.selenium.dev/documentation/webdriver/troubleshooting/errors#no-such-element-exception\nStacktrace:\n#0 0x556477c8381a <unknown>\n#1 0x556477951e50 <unknown>\n#2 0x5564779a1644 <unknown>\n#3 0x5564779a1931 <unknown>\n#4 0x5564779e7534 <unknown>\n#5 0x5564779c64bd <unknown>\n#6 0x5564779e49c6 <unknown>\n#7 0x5564779c6233 <unknown>\n#8 0x556477994093 <unknown>\n#9 0x55647799509e <unknown>\n#10 0x556477c4aa7b <unknown>\n#11 0x556477c4ea31 <unknown>\n#12 0x556477c36645 <unknown>\n#13 0x556477c4f5a2 <unknown>\n#14 0x556477c1b81f <unknown>\n#15 0x556477c72618 <unknown>\n#16 0x556477c727e2 <unknown>\n#17 0x556477c8260c <unknown>\n#18 0x7fe3d6c94ac3 <unknown>","statusTrace":"self = <test_progmusix.TestProgmusix object at 0x7efd106f2920>\n\n    def test_reg_TAB(self):\n>       self.page.reg_TAB_method()\n\ntest_progmusix.py:16: \n_ _ _ _ _ _ _ _ _ _ _ _ _ _ _ _ _ _ _ _ _ _ _ _ _ _ _ _ _ _ _ _ _ _ _ _ _ _ _ _ \npage_model.py:229: in reg_TAB_method\n    self.create_btn().click()\npage_model.py:77: in create_btn\n    return self.browser.find_element(By.XPATH, '//button[@class=\"create_account\"]')\n/opt/hostedtoolcache/Python/3.10.14/x64/lib/python3.10/site-packages/selenium/webdriver/remote/webdriver.py:748: in find_element\n    return self.execute(Command.FIND_ELEMENT, {\"using\": by, \"value\": value})[\"value\"]\n/opt/hostedtoolcache/Python/3.10.14/x64/lib/python3.10/site-packages/selenium/webdriver/remote/webdriver.py:354: in execute\n    self.error_handler.check_response(response)\n_ _ _ _ _ _ _ _ _ _ _ _ _ _ _ _ _ _ _ _ _ _ _ _ _ _ _ _ _ _ _ _ _ _ _ _ _ _ _ _ \n\nself = <selenium.webdriver.remote.errorhandler.ErrorHandler object at 0x7efd0fd1c370>\nresponse = {'status': 404, 'value': '{\"value\":{\"error\":\"no such element\",\"message\":\"no such element: Unable to locate element: {\\...\\\\n#16 0x556477c727e2 \\\\u003Cunknown>\\\\n#17 0x556477c8260c \\\\u003Cunknown>\\\\n#18 0x7fe3d6c94ac3 \\\\u003Cunknown>\\\\n\"}}'}\n\n    def check_response(self, response: Dict[str, Any]) -> None:\n        \"\"\"Checks that a JSON response from the WebDriver does not have an\n        error.\n    \n        :Args:\n         - response - The JSON response from the WebDriver server as a dictionary\n           object.\n    \n        :Raises: If the response contains an error message.\n        \"\"\"\n        status = response.get(\"status\", None)\n        if not status or status == ErrorCode.SUCCESS:\n            return\n        value = None\n        message = response.get(\"message\", \"\")\n        screen: str = response.get(\"screen\", \"\")\n        stacktrace = None\n        if isinstance(status, int):\n            value_json = response.get(\"value\", None)\n            if value_json and isinstance(value_json, str):\n                import json\n    \n                try:\n                    value = json.loads(value_json)\n                    if len(value) == 1:\n                        value = value[\"value\"]\n                    status = value.get(\"error\", None)\n                    if not status:\n                        status = value.get(\"status\", ErrorCode.UNKNOWN_ERROR)\n                        message = value.get(\"value\") or value.get(\"message\")\n                        if not isinstance(message, str):\n                            value = message\n                            message = message.get(\"message\")\n                    else:\n                        message = value.get(\"message\", None)\n                except ValueError:\n                    pass\n    \n        exception_class: Type[WebDriverException]\n        e = ErrorCode()\n        error_codes = [item for item in dir(e) if not item.startswith(\"__\")]\n        for error_code in error_codes:\n            error_info = getattr(ErrorCode, error_code)\n            if isinstance(error_info, list) and status in error_info:\n                exception_class = getattr(ExceptionMapping, error_code, WebDriverException)\n                break\n        else:\n            exception_class = WebDriverException\n    \n        if not value:\n            value = response[\"value\"]\n        if isinstance(value, str):\n            raise exception_class(value)\n        if message == \"\" and \"message\" in value:\n            message = value[\"message\"]\n    \n        screen = None  # type: ignore[assignment]\n        if \"screen\" in value:\n            screen = value[\"screen\"]\n    \n        stacktrace = None\n        st_value = value.get(\"stackTrace\") or value.get(\"stacktrace\")\n        if st_value:\n            if isinstance(st_value, str):\n                stacktrace = st_value.split(\"\\n\")\n            else:\n                stacktrace = []\n                try:\n                    for frame in st_value:\n                        line = frame.get(\"lineNumber\", \"\")\n                        file = frame.get(\"fileName\", \"<anonymous>\")\n                        if line:\n                            file = f\"{file}:{line}\"\n                        meth = frame.get(\"methodName\", \"<anonymous>\")\n                        if \"className\" in frame:\n                            meth = f\"{frame['className']}.{meth}\"\n                        msg = \"    at %s (%s)\"\n                        msg = msg % (meth, file)\n                        stacktrace.append(msg)\n                except TypeError:\n                    pass\n        if exception_class == UnexpectedAlertPresentException:\n            alert_text = None\n            if \"data\" in value:\n                alert_text = value[\"data\"].get(\"text\")\n            elif \"alert\" in value:\n                alert_text = value[\"alert\"].get(\"text\")\n            raise exception_class(message, screen, stacktrace, alert_text)  # type: ignore[call-arg]  # mypy is not smart enough here\n>       raise exception_class(message, screen, stacktrace)\nE       selenium.common.exceptions.NoSuchElementException: Message: no such element: Unable to locate element: {\"method\":\"xpath\",\"selector\":\"//button[@class=\"create_account\"]\"}\nE         (Session info: chrome=128.0.6613.84); For documentation on this error, please visit: https://www.selenium.dev/documentation/webdriver/troubleshooting/errors#no-such-element-exception\nE       Stacktrace:\nE       #0 0x556477c8381a <unknown>\nE       #1 0x556477951e50 <unknown>\nE       #2 0x5564779a1644 <unknown>\nE       #3 0x5564779a1931 <unknown>\nE       #4 0x5564779e7534 <unknown>\nE       #5 0x5564779c64bd <unknown>\nE       #6 0x5564779e49c6 <unknown>\nE       #7 0x5564779c6233 <unknown>\nE       #8 0x556477994093 <unknown>\nE       #9 0x55647799509e <unknown>\nE       #10 0x556477c4aa7b <unknown>\nE       #11 0x556477c4ea31 <unknown>\nE       #12 0x556477c36645 <unknown>\nE       #13 0x556477c4f5a2 <unknown>\nE       #14 0x556477c1b81f <unknown>\nE       #15 0x556477c72618 <unknown>\nE       #16 0x556477c727e2 <unknown>\nE       #17 0x556477c8260c <unknown>\nE       #18 0x7fe3d6c94ac3 <unknown>\n\n/opt/hostedtoolcache/Python/3.10.14/x64/lib/python3.10/site-packages/selenium/webdriver/remote/errorhandler.py:229: NoSuchElementException","flaky":false,"newFailed":false,"newBroken":false,"newPassed":false,"retriesCount":4,"retriesStatusChange":true,"beforeStages":[{"name":"_xunit_setup_method_fixture_TestProgmusix","time":{"start":1725012957432,"stop":1725012958578,"duration":1146},"status":"passed","steps":[],"attachments":[],"parameters":[],"shouldDisplayMessage":false,"stepsCount":0,"attachmentsCount":0,"hasContent":false,"attachmentStep":false}],"afterStages":[{"name":"_xunit_setup_method_fixture_TestProgmusix::0","time":{"start":1725012958756,"stop":1725012958866,"duration":110},"status":"passed","steps":[],"attachments":[],"parameters":[],"shouldDisplayMessage":false,"stepsCount":0,"attachmentsCount":0,"hasContent":false,"attachmentStep":false}],"labels":[{"name":"suite","value":"test_progmusix"},{"name":"subSuite","value":"TestProgmusix"},{"name":"host","value":"fv-az1242-772"},{"name":"thread","value":"3664-MainThread"},{"name":"framework","value":"pytest"},{"name":"language","value":"cpython3"},{"name":"package","value":"test_progmusix"},{"name":"resultFormat","value":"allure2"}],"parameters":[],"links":[],"hidden":false,"retry":false,"extra":{"severity":"normal","retries":[{"uid":"feec86ae4bcfb1","status":"passed","time":{"start":1724855015851,"stop":1724855016287,"duration":436}},{"uid":"561a3a3c54733412","status":"broken","statusDetails":"selenium.common.exceptions.WebDriverException: Message: unknown error: net::ERR_CONNECTION_REFUSED\n  (Session info: chrome-headless-shell=127.0.6533.122)\nStacktrace:\n\tGetHandleVerifier [0x00007FF6722A9642+30946]\n\t(No symbol) [0x00007FF67225E3D9]\n\t(No symbol) [0x00007FF672156FDA]\n\t(No symbol) [0x00007FF67214F0B5]\n\t(No symbol) [0x00007FF6721401E9]\n\t(No symbol) [0x00007FF672141D62]\n\t(No symbol) [0x00007FF6721404CE]\n\t(No symbol) [0x00007FF67213FD41]\n\t(No symbol) [0x00007FF67213FC80]\n\t(No symbol) [0x00007FF67213DE84]\n\t(No symbol) [0x00007FF67213E29C]\n\t(No symbol) [0x00007FF67215A041]\n\t(No symbol) [0x00007FF6721EBA2E]\n\t(No symbol) [0x00007FF6721CCA6A]\n\t(No symbol) [0x00007FF6721EB041]\n\t(No symbol) [0x00007FF6721CC813]\n\t(No symbol) [0x00007FF67219A6E5]\n\t(No symbol) [0x00007FF67219B021]\n\tGetHandleVerifier [0x00007FF6723DF84D+1301229]\n\tGetHandleVerifier [0x00007FF6723EBDC7+1351783]\n\tGetHandleVerifier [0x00007FF6723E2A13+1313971]\n\tGetHandleVerifier [0x00007FF6722DDD16+245686]\n\t(No symbol) [0x00007FF67226759F]\n\t(No symbol) [0x00007FF672263814]\n\t(No symbol) [0x00007FF6722639A2]\n\t(No symbol) [0x00007FF67225A3FF]\n\tBaseThreadInitThunk [0x00007FFBA625257D+29]\n\tRtlUserThreadStart [0x00007FFBA6EEAF28+40]","time":{"start":1724854930227,"stop":1724854930227,"duration":0}},{"uid":"2022e5971d7c07d6","status":"passed","time":{"start":1724698225007,"stop":1724698225658,"duration":651}},{"uid":"75073c44ab5abed6","status":"broken","statusDetails":"selenium.common.exceptions.ElementNotInteractableException: Message: element not interactable\n  (Session info: chrome-headless-shell=127.0.6533.122)\nStacktrace:\n\tGetHandleVerifier [0x00007FF7E13C9642+30946]\n\t(No symbol) [0x00007FF7E137E3D9]\n\t(No symbol) [0x00007FF7E1276E09]\n\t(No symbol) [0x00007FF7E12C9712]\n\t(No symbol) [0x00007FF7E12BC271]\n\t(No symbol) [0x00007FF7E12ECA6A]\n\t(No symbol) [0x00007FF7E12BBBB6]\n\t(No symbol) [0x00007FF7E12ECC80]\n\t(No symbol) [0x00007FF7E130B041]\n\t(No symbol) [0x00007FF7E12EC813]\n\t(No symbol) [0x00007FF7E12BA6E5]\n\t(No symbol) [0x00007FF7E12BB021]\n\tGetHandleVerifier [0x00007FF7E14FF84D+1301229]\n\tGetHandleVerifier [0x00007FF7E150BDC7+1351783]\n\tGetHandleVerifier [0x00007FF7E1502A13+1313971]\n\tGetHandleVerifier [0x00007FF7E13FDD16+245686]\n\t(No symbol) [0x00007FF7E138759F]\n\t(No symbol) [0x00007FF7E1383814]\n\t(No symbol) [0x00007FF7E13839A2]\n\t(No symbol) [0x00007FF7E137A3FF]\n\tBaseThreadInitThunk [0x00007FFBA625257D+29]\n\tRtlUserThreadStart [0x00007FFBA6EEAF28+40]","time":{"start":1724698147231,"stop":1724698147251,"duration":20}}],"categories":[{"name":"Test defects","matchedStatuses":[],"flaky":false}],"tags":[]},"source":"df9ca650cc5a814d.json","parameterValues":[]}