{"uid":"2d5871d8839b0135","name":"test_regtest","fullName":"test_registration_pm.TestProgmusix#test_regtest","historyId":"33bf7989d87c4584cbf7256d01d42bd0","time":{"start":1726051111033,"stop":1726051117314,"duration":6281},"status":"broken","statusMessage":"selenium.common.exceptions.TimeoutException: Message: \nStacktrace:\n#0 0x5624eaf208da <unknown>\n#1 0x5624eabeee50 <unknown>\n#2 0x5624eac3e644 <unknown>\n#3 0x5624eac3e931 <unknown>\n#4 0x5624eac84534 <unknown>\n#5 0x5624eac634bd <unknown>\n#6 0x5624eac819c6 <unknown>\n#7 0x5624eac63233 <unknown>\n#8 0x5624eac31093 <unknown>\n#9 0x5624eac3209e <unknown>\n#10 0x5624eaee7b3b <unknown>\n#11 0x5624eaeebaf1 <unknown>\n#12 0x5624eaed3705 <unknown>\n#13 0x5624eaeec662 <unknown>\n#14 0x5624eaeb88df <unknown>\n#15 0x5624eaf0f6d8 <unknown>\n#16 0x5624eaf0f8a2 <unknown>\n#17 0x5624eaf1f6cc <unknown>\n#18 0x7fc352c94ac3 <unknown>","statusTrace":"self = <test_registration_pm.TestProgmusix object at 0x7f0a06ddc610>\n\n    def test_regtest(self):\n        self.page.registration()\n>       self.page.reg_user_data_send()\n\ntest_registration_pm.py:15: \n_ _ _ _ _ _ _ _ _ _ _ _ _ _ _ _ _ _ _ _ _ _ _ _ _ _ _ _ _ _ _ _ _ _ _ _ _ _ _ _ \nProgMusix/page_model.py:284: in reg_user_data_send\n    self.email().send_keys(TESTDATA['email_p'])\nProgMusix/page_model.py:83: in email\n    return WebDriverWait(self.browser, 5).until(EC.visibility_of_element_located((By.ID, 'mat-input-2')))\n_ _ _ _ _ _ _ _ _ _ _ _ _ _ _ _ _ _ _ _ _ _ _ _ _ _ _ _ _ _ _ _ _ _ _ _ _ _ _ _ \n\nself = <selenium.webdriver.support.wait.WebDriverWait (session=\"4f635501c22f288ff2bea65fbc974cb6\")>\nmethod = <function visibility_of_element_located.<locals>._predicate at 0x7f0a07d99630>\nmessage = ''\n\n    def until(self, method: Callable[[D], Union[Literal[False], T]], message: str = \"\") -> T:\n        \"\"\"Calls the method provided with the driver as an argument until the \\\n        return value does not evaluate to ``False``.\n    \n        :param method: callable(WebDriver)\n        :param message: optional message for :exc:`TimeoutException`\n        :returns: the result of the last call to `method`\n        :raises: :exc:`selenium.common.exceptions.TimeoutException` if timeout occurs\n        \"\"\"\n        screen = None\n        stacktrace = None\n    \n        end_time = time.monotonic() + self._timeout\n        while True:\n            try:\n                value = method(self._driver)\n                if value:\n                    return value\n            except self._ignored_exceptions as exc:\n                screen = getattr(exc, \"screen\", None)\n                stacktrace = getattr(exc, \"stacktrace\", None)\n            time.sleep(self._poll)\n            if time.monotonic() > end_time:\n                break\n>       raise TimeoutException(message, screen, stacktrace)\nE       selenium.common.exceptions.TimeoutException: Message: \nE       Stacktrace:\nE       #0 0x5624eaf208da <unknown>\nE       #1 0x5624eabeee50 <unknown>\nE       #2 0x5624eac3e644 <unknown>\nE       #3 0x5624eac3e931 <unknown>\nE       #4 0x5624eac84534 <unknown>\nE       #5 0x5624eac634bd <unknown>\nE       #6 0x5624eac819c6 <unknown>\nE       #7 0x5624eac63233 <unknown>\nE       #8 0x5624eac31093 <unknown>\nE       #9 0x5624eac3209e <unknown>\nE       #10 0x5624eaee7b3b <unknown>\nE       #11 0x5624eaeebaf1 <unknown>\nE       #12 0x5624eaed3705 <unknown>\nE       #13 0x5624eaeec662 <unknown>\nE       #14 0x5624eaeb88df <unknown>\nE       #15 0x5624eaf0f6d8 <unknown>\nE       #16 0x5624eaf0f8a2 <unknown>\nE       #17 0x5624eaf1f6cc <unknown>\nE       #18 0x7fc352c94ac3 <unknown>\n\n/opt/hostedtoolcache/Python/3.10.14/x64/lib/python3.10/site-packages/selenium/webdriver/support/wait.py:105: TimeoutException","flaky":false,"newFailed":false,"newBroken":false,"newPassed":false,"retriesCount":0,"retriesStatusChange":false,"beforeStages":[{"name":"_xunit_setup_method_fixture_TestProgmusix","time":{"start":1726051108140,"stop":1726051111032,"duration":2892},"status":"passed","steps":[],"attachments":[],"parameters":[],"shouldDisplayMessage":false,"stepsCount":0,"attachmentsCount":0,"hasContent":false,"attachmentStep":false}],"afterStages":[{"name":"_xunit_setup_method_fixture_TestProgmusix::0","time":{"start":1726051117367,"stop":1726051117367,"duration":0},"status":"passed","steps":[],"attachments":[],"parameters":[],"shouldDisplayMessage":false,"stepsCount":0,"attachmentsCount":0,"hasContent":false,"attachmentStep":false}],"labels":[{"name":"suite","value":"test_registration_pm"},{"name":"subSuite","value":"TestProgmusix"},{"name":"host","value":"fv-az1459-625"},{"name":"thread","value":"2981-MainThread"},{"name":"framework","value":"pytest"},{"name":"language","value":"cpython3"},{"name":"package","value":"test_registration_pm"},{"name":"resultFormat","value":"allure2"}],"parameters":[],"links":[],"hidden":false,"retry":false,"extra":{"severity":"normal","retries":[],"categories":[{"name":"Test defects","matchedStatuses":[],"flaky":false}],"tags":[]},"source":"2d5871d8839b0135.json","parameterValues":[]}