{"uid":"2c72aa6e1e51ca59","name":"test_regtest","fullName":"test_ProgMusix.TestProgmusix#test_regtest","historyId":"b67b4280f52c4e5d3b830068a7aadd65","time":{"start":1725986854077,"stop":1725986907497,"duration":53420},"status":"broken","statusMessage":"selenium.common.exceptions.TimeoutException: Message: \nStacktrace:\n#0 0x56069eb5e8da <unknown>\n#1 0x56069e82ce50 <unknown>\n#2 0x56069e87c644 <unknown>\n#3 0x56069e87c931 <unknown>\n#4 0x56069e8c2534 <unknown>\n#5 0x56069e8a14bd <unknown>\n#6 0x56069e8bf9c6 <unknown>\n#7 0x56069e8a1233 <unknown>\n#8 0x56069e86f093 <unknown>\n#9 0x56069e87009e <unknown>\n#10 0x56069eb25b3b <unknown>\n#11 0x56069eb29af1 <unknown>\n#12 0x56069eb11705 <unknown>\n#13 0x56069eb2a662 <unknown>\n#14 0x56069eaf68df <unknown>\n#15 0x56069eb4d6d8 <unknown>\n#16 0x56069eb4d8a2 <unknown>\n#17 0x56069eb5d6cc <unknown>\n#18 0x7f8d8a894ac3 <unknown>","statusTrace":"self = <test_ProgMusix.TestProgmusix object at 0x7f05f110ce50>\n\n    @pytest.mark.order(1)\n    def test_regtest(self):\n>       self.page.registration()\n\ntest_ProgMusix.py:29: \n_ _ _ _ _ _ _ _ _ _ _ _ _ _ _ _ _ _ _ _ _ _ _ _ _ _ _ _ _ _ _ _ _ _ _ _ _ _ _ _ \nProgMusix/page_model.py:266: in registration\n    self.create_page_btn().click()\nProgMusix/page_model.py:79: in create_page_btn\n    return WebDriverWait(self.browser, 50).until(EC.visibility_of_element_located((By.CSS_SELECTOR, '.create_account')))\n_ _ _ _ _ _ _ _ _ _ _ _ _ _ _ _ _ _ _ _ _ _ _ _ _ _ _ _ _ _ _ _ _ _ _ _ _ _ _ _ \n\nself = <selenium.webdriver.support.wait.WebDriverWait (session=\"d68194f2aab2bc0353044b9516fcb7ae\")>\nmethod = <function visibility_of_element_located.<locals>._predicate at 0x7f05f2595630>\nmessage = ''\n\n    def until(self, method: Callable[[D], Union[Literal[False], T]], message: str = \"\") -> T:\n        \"\"\"Calls the method provided with the driver as an argument until the \\\n        return value does not evaluate to ``False``.\n    \n        :param method: callable(WebDriver)\n        :param message: optional message for :exc:`TimeoutException`\n        :returns: the result of the last call to `method`\n        :raises: :exc:`selenium.common.exceptions.TimeoutException` if timeout occurs\n        \"\"\"\n        screen = None\n        stacktrace = None\n    \n        end_time = time.monotonic() + self._timeout\n        while True:\n            try:\n                value = method(self._driver)\n                if value:\n                    return value\n            except self._ignored_exceptions as exc:\n                screen = getattr(exc, \"screen\", None)\n                stacktrace = getattr(exc, \"stacktrace\", None)\n            time.sleep(self._poll)\n            if time.monotonic() > end_time:\n                break\n>       raise TimeoutException(message, screen, stacktrace)\nE       selenium.common.exceptions.TimeoutException: Message: \nE       Stacktrace:\nE       #0 0x56069eb5e8da <unknown>\nE       #1 0x56069e82ce50 <unknown>\nE       #2 0x56069e87c644 <unknown>\nE       #3 0x56069e87c931 <unknown>\nE       #4 0x56069e8c2534 <unknown>\nE       #5 0x56069e8a14bd <unknown>\nE       #6 0x56069e8bf9c6 <unknown>\nE       #7 0x56069e8a1233 <unknown>\nE       #8 0x56069e86f093 <unknown>\nE       #9 0x56069e87009e <unknown>\nE       #10 0x56069eb25b3b <unknown>\nE       #11 0x56069eb29af1 <unknown>\nE       #12 0x56069eb11705 <unknown>\nE       #13 0x56069eb2a662 <unknown>\nE       #14 0x56069eaf68df <unknown>\nE       #15 0x56069eb4d6d8 <unknown>\nE       #16 0x56069eb4d8a2 <unknown>\nE       #17 0x56069eb5d6cc <unknown>\nE       #18 0x7f8d8a894ac3 <unknown>\n\n/opt/hostedtoolcache/Python/3.10.14/x64/lib/python3.10/site-packages/selenium/webdriver/support/wait.py:105: TimeoutException","flaky":false,"newFailed":false,"newBroken":false,"newPassed":false,"retriesCount":0,"retriesStatusChange":false,"beforeStages":[{"name":"_xunit_setup_method_fixture_TestProgmusix","time":{"start":1725986852616,"stop":1725986854076,"duration":1460},"status":"passed","steps":[],"attachments":[],"parameters":[],"shouldDisplayMessage":false,"stepsCount":0,"attachmentsCount":0,"hasContent":false,"attachmentStep":false}],"afterStages":[{"name":"_xunit_setup_method_fixture_TestProgmusix::0","time":{"start":1725986907552,"stop":1725986907552,"duration":0},"status":"passed","steps":[],"attachments":[],"parameters":[],"shouldDisplayMessage":false,"stepsCount":0,"attachmentsCount":0,"hasContent":false,"attachmentStep":false}],"labels":[{"name":"tag","value":"order(1)"},{"name":"suite","value":"test_ProgMusix"},{"name":"subSuite","value":"TestProgmusix"},{"name":"host","value":"fv-az1208-160"},{"name":"thread","value":"3320-MainThread"},{"name":"framework","value":"pytest"},{"name":"language","value":"cpython3"},{"name":"package","value":"test_ProgMusix"},{"name":"resultFormat","value":"allure2"}],"parameters":[],"links":[],"hidden":false,"retry":false,"extra":{"severity":"normal","retries":[],"categories":[{"name":"Test defects","matchedStatuses":[],"flaky":false}],"tags":["order(1)"]},"source":"2c72aa6e1e51ca59.json","parameterValues":[]}