{"uid":"41b945467c79b0c","name":"test_paying","fullName":"test_ProgMusix.TestProgmusix#test_paying","historyId":"f83dd1e30486b0875c70cb546b58a679","time":{"start":1725986976731,"stop":1725986997265,"duration":20534},"status":"broken","statusMessage":"selenium.common.exceptions.TimeoutException: Message: \nStacktrace:\n#0 0x561b8a7608da <unknown>\n#1 0x561b8a42ee50 <unknown>\n#2 0x561b8a47e644 <unknown>\n#3 0x561b8a47e931 <unknown>\n#4 0x561b8a4c4534 <unknown>\n#5 0x561b8a4a34bd <unknown>\n#6 0x561b8a4c19c6 <unknown>\n#7 0x561b8a4a3233 <unknown>\n#8 0x561b8a471093 <unknown>\n#9 0x561b8a47209e <unknown>\n#10 0x561b8a727b3b <unknown>\n#11 0x561b8a72baf1 <unknown>\n#12 0x561b8a713705 <unknown>\n#13 0x561b8a72c662 <unknown>\n#14 0x561b8a6f88df <unknown>\n#15 0x561b8a74f6d8 <unknown>\n#16 0x561b8a74f8a2 <unknown>\n#17 0x561b8a75f6cc <unknown>\n#18 0x7ff4ca294ac3 <unknown>","statusTrace":"self = <test_ProgMusix.TestProgmusix object at 0x7f05f110e3e0>\n\n    @pytest.mark.order(-1)\n    def test_paying(self):\n        #Login\n        self.page.login_method_p()\n        # self.page.purchase_random_method()\n>       self.page.paying_method()\n\ntest_ProgMusix.py:130: \n_ _ _ _ _ _ _ _ _ _ _ _ _ _ _ _ _ _ _ _ _ _ _ _ _ _ _ _ _ _ _ _ _ _ _ _ _ _ _ _ \nProgMusix/page_model.py:404: in paying_method\n    self.input_username().send_keys(TESTDATA['username_p'])\nProgMusix/page_model.py:528: in input_username\n    return WebDriverWait(self.browser, 15).until(\n_ _ _ _ _ _ _ _ _ _ _ _ _ _ _ _ _ _ _ _ _ _ _ _ _ _ _ _ _ _ _ _ _ _ _ _ _ _ _ _ \n\nself = <selenium.webdriver.support.wait.WebDriverWait (session=\"5f6ab7f5b7bf741f2fe7ee23a5105163\")>\nmethod = <function visibility_of_element_located.<locals>._predicate at 0x7f05f11c8c10>\nmessage = ''\n\n    def until(self, method: Callable[[D], Union[Literal[False], T]], message: str = \"\") -> T:\n        \"\"\"Calls the method provided with the driver as an argument until the \\\n        return value does not evaluate to ``False``.\n    \n        :param method: callable(WebDriver)\n        :param message: optional message for :exc:`TimeoutException`\n        :returns: the result of the last call to `method`\n        :raises: :exc:`selenium.common.exceptions.TimeoutException` if timeout occurs\n        \"\"\"\n        screen = None\n        stacktrace = None\n    \n        end_time = time.monotonic() + self._timeout\n        while True:\n            try:\n                value = method(self._driver)\n                if value:\n                    return value\n            except self._ignored_exceptions as exc:\n                screen = getattr(exc, \"screen\", None)\n                stacktrace = getattr(exc, \"stacktrace\", None)\n            time.sleep(self._poll)\n            if time.monotonic() > end_time:\n                break\n>       raise TimeoutException(message, screen, stacktrace)\nE       selenium.common.exceptions.TimeoutException: Message: \nE       Stacktrace:\nE       #0 0x561b8a7608da <unknown>\nE       #1 0x561b8a42ee50 <unknown>\nE       #2 0x561b8a47e644 <unknown>\nE       #3 0x561b8a47e931 <unknown>\nE       #4 0x561b8a4c4534 <unknown>\nE       #5 0x561b8a4a34bd <unknown>\nE       #6 0x561b8a4c19c6 <unknown>\nE       #7 0x561b8a4a3233 <unknown>\nE       #8 0x561b8a471093 <unknown>\nE       #9 0x561b8a47209e <unknown>\nE       #10 0x561b8a727b3b <unknown>\nE       #11 0x561b8a72baf1 <unknown>\nE       #12 0x561b8a713705 <unknown>\nE       #13 0x561b8a72c662 <unknown>\nE       #14 0x561b8a6f88df <unknown>\nE       #15 0x561b8a74f6d8 <unknown>\nE       #16 0x561b8a74f8a2 <unknown>\nE       #17 0x561b8a75f6cc <unknown>\nE       #18 0x7ff4ca294ac3 <unknown>\n\n/opt/hostedtoolcache/Python/3.10.14/x64/lib/python3.10/site-packages/selenium/webdriver/support/wait.py:105: TimeoutException","flaky":false,"newFailed":false,"newBroken":false,"newPassed":false,"retriesCount":0,"retriesStatusChange":false,"beforeStages":[{"name":"_xunit_setup_method_fixture_TestProgmusix","time":{"start":1725986975996,"stop":1725986976730,"duration":734},"status":"passed","steps":[],"attachments":[],"parameters":[],"shouldDisplayMessage":false,"stepsCount":0,"attachmentsCount":0,"hasContent":false,"attachmentStep":false}],"afterStages":[{"name":"_xunit_setup_method_fixture_TestProgmusix::0","time":{"start":1725986997285,"stop":1725986997285,"duration":0},"status":"passed","steps":[],"attachments":[],"parameters":[],"shouldDisplayMessage":false,"stepsCount":0,"attachmentsCount":0,"hasContent":false,"attachmentStep":false}],"labels":[{"name":"tag","value":"order(-1)"},{"name":"suite","value":"test_ProgMusix"},{"name":"subSuite","value":"TestProgmusix"},{"name":"host","value":"fv-az1208-160"},{"name":"thread","value":"3320-MainThread"},{"name":"framework","value":"pytest"},{"name":"language","value":"cpython3"},{"name":"package","value":"test_ProgMusix"},{"name":"resultFormat","value":"allure2"}],"parameters":[],"links":[],"hidden":false,"retry":false,"extra":{"severity":"normal","retries":[],"categories":[{"name":"Test defects","matchedStatuses":[],"flaky":false}],"tags":["order(-1)"]},"source":"41b945467c79b0c.json","parameterValues":[]}