{"uid":"7bb935d30ab21dd8","name":"test_paying","fullName":"test_ProgMusix.TestProgmusix#test_paying","historyId":"f83dd1e30486b0875c70cb546b58a679","time":{"start":1725628301322,"stop":1725628321649,"duration":20327},"status":"broken","statusMessage":"selenium.common.exceptions.TimeoutException: Message: \nStacktrace:\n#0 0x5627a9d898da <unknown>\n#1 0x5627a9a57e50 <unknown>\n#2 0x5627a9aa7644 <unknown>\n#3 0x5627a9aa7931 <unknown>\n#4 0x5627a9aed534 <unknown>\n#5 0x5627a9acc4bd <unknown>\n#6 0x5627a9aea9c6 <unknown>\n#7 0x5627a9acc233 <unknown>\n#8 0x5627a9a9a093 <unknown>\n#9 0x5627a9a9b09e <unknown>\n#10 0x5627a9d50b3b <unknown>\n#11 0x5627a9d54af1 <unknown>\n#12 0x5627a9d3c705 <unknown>\n#13 0x5627a9d55662 <unknown>\n#14 0x5627a9d218df <unknown>\n#15 0x5627a9d786d8 <unknown>\n#16 0x5627a9d788a2 <unknown>\n#17 0x5627a9d886cc <unknown>\n#18 0x7f35cf494ac3 <unknown>","statusTrace":"self = <test_ProgMusix.TestProgmusix object at 0x7f1e6b70dba0>\n\n    def test_paying(self):\n        #Login\n        self.page.login_method_p()\n        #Kosárba helyezés:\n        self.page.purchase_random_method()\n        # Fizetés\n>       self.page.paying_method()\n\ntest_ProgMusix.py:119: \n_ _ _ _ _ _ _ _ _ _ _ _ _ _ _ _ _ _ _ _ _ _ _ _ _ _ _ _ _ _ _ _ _ _ _ _ _ _ _ _ \nProgMusix/page_model.py:381: in paying_method\n    self.input_username().clear()\nProgMusix/page_model.py:518: in input_username\n    return WebDriverWait(self.browser, 15).until(\n_ _ _ _ _ _ _ _ _ _ _ _ _ _ _ _ _ _ _ _ _ _ _ _ _ _ _ _ _ _ _ _ _ _ _ _ _ _ _ _ \n\nself = <selenium.webdriver.support.wait.WebDriverWait (session=\"fb0d1ed3739ff5c27a361948c46cad96\")>\nmethod = <function visibility_of_element_located.<locals>._predicate at 0x7f1e6adc08b0>\nmessage = ''\n\n    def until(self, method: Callable[[D], Union[Literal[False], T]], message: str = \"\") -> T:\n        \"\"\"Calls the method provided with the driver as an argument until the \\\n        return value does not evaluate to ``False``.\n    \n        :param method: callable(WebDriver)\n        :param message: optional message for :exc:`TimeoutException`\n        :returns: the result of the last call to `method`\n        :raises: :exc:`selenium.common.exceptions.TimeoutException` if timeout occurs\n        \"\"\"\n        screen = None\n        stacktrace = None\n    \n        end_time = time.monotonic() + self._timeout\n        while True:\n            try:\n                value = method(self._driver)\n                if value:\n                    return value\n            except self._ignored_exceptions as exc:\n                screen = getattr(exc, \"screen\", None)\n                stacktrace = getattr(exc, \"stacktrace\", None)\n            time.sleep(self._poll)\n            if time.monotonic() > end_time:\n                break\n>       raise TimeoutException(message, screen, stacktrace)\nE       selenium.common.exceptions.TimeoutException: Message: \nE       Stacktrace:\nE       #0 0x5627a9d898da <unknown>\nE       #1 0x5627a9a57e50 <unknown>\nE       #2 0x5627a9aa7644 <unknown>\nE       #3 0x5627a9aa7931 <unknown>\nE       #4 0x5627a9aed534 <unknown>\nE       #5 0x5627a9acc4bd <unknown>\nE       #6 0x5627a9aea9c6 <unknown>\nE       #7 0x5627a9acc233 <unknown>\nE       #8 0x5627a9a9a093 <unknown>\nE       #9 0x5627a9a9b09e <unknown>\nE       #10 0x5627a9d50b3b <unknown>\nE       #11 0x5627a9d54af1 <unknown>\nE       #12 0x5627a9d3c705 <unknown>\nE       #13 0x5627a9d55662 <unknown>\nE       #14 0x5627a9d218df <unknown>\nE       #15 0x5627a9d786d8 <unknown>\nE       #16 0x5627a9d788a2 <unknown>\nE       #17 0x5627a9d886cc <unknown>\nE       #18 0x7f35cf494ac3 <unknown>\n\n/opt/hostedtoolcache/Python/3.10.14/x64/lib/python3.10/site-packages/selenium/webdriver/support/wait.py:105: TimeoutException","flaky":false,"newFailed":false,"newBroken":false,"newPassed":false,"retriesCount":0,"retriesStatusChange":false,"beforeStages":[{"name":"_xunit_setup_method_fixture_TestProgmusix","time":{"start":1725628300569,"stop":1725628301321,"duration":752},"status":"passed","steps":[],"attachments":[],"parameters":[],"shouldDisplayMessage":false,"stepsCount":0,"attachmentsCount":0,"hasContent":false,"attachmentStep":false}],"afterStages":[{"name":"_xunit_setup_method_fixture_TestProgmusix::0","time":{"start":1725628321669,"stop":1725628321669,"duration":0},"status":"passed","steps":[],"attachments":[],"parameters":[],"shouldDisplayMessage":false,"stepsCount":0,"attachmentsCount":0,"hasContent":false,"attachmentStep":false}],"labels":[{"name":"suite","value":"test_ProgMusix"},{"name":"subSuite","value":"TestProgmusix"},{"name":"host","value":"fv-az735-752"},{"name":"thread","value":"3193-MainThread"},{"name":"framework","value":"pytest"},{"name":"language","value":"cpython3"},{"name":"package","value":"test_ProgMusix"},{"name":"resultFormat","value":"allure2"}],"parameters":[],"links":[],"hidden":false,"retry":false,"extra":{"severity":"normal","retries":[],"categories":[{"name":"Test defects","matchedStatuses":[],"flaky":false}],"tags":[]},"source":"7bb935d30ab21dd8.json","parameterValues":[]}