{"uid":"4a7d024a7c0b385e","name":"test_reg_negative","fullName":"test_progmusix.TestProgmusix#test_reg_negative","historyId":"6e8870676342e2470afc3bc184966b77","time":{"start":1725034644916,"stop":1725034650159,"duration":5243},"status":"broken","statusMessage":"selenium.common.exceptions.TimeoutException: Message: \nStacktrace:\n#0 0x556a3e0d081a <unknown>\n#1 0x556a3dd9ee50 <unknown>\n#2 0x556a3ddee644 <unknown>\n#3 0x556a3ddee931 <unknown>\n#4 0x556a3de34534 <unknown>\n#5 0x556a3de134bd <unknown>\n#6 0x556a3de319c6 <unknown>\n#7 0x556a3de13233 <unknown>\n#8 0x556a3dde1093 <unknown>\n#9 0x556a3dde209e <unknown>\n#10 0x556a3e097a7b <unknown>\n#11 0x556a3e09ba31 <unknown>\n#12 0x556a3e083645 <unknown>\n#13 0x556a3e09c5a2 <unknown>\n#14 0x556a3e06881f <unknown>\n#15 0x556a3e0bf618 <unknown>\n#16 0x556a3e0bf7e2 <unknown>\n#17 0x556a3e0cf60c <unknown>\n#18 0x7f2b53a94ac3 <unknown>","statusTrace":"self = <test_progmusix.TestProgmusix object at 0x7f778cb140a0>\n\n    def test_reg_negative(self):\n>       self.page.reg_negative_method()\n\ntest_progmusix.py:29: \n_ _ _ _ _ _ _ _ _ _ _ _ _ _ _ _ _ _ _ _ _ _ _ _ _ _ _ _ _ _ _ _ _ _ _ _ _ _ _ _ \npage_model.py:242: in reg_negative_method\n    self.create_btn().click()\npage_model.py:80: in create_btn\n    return WebDriverWait(self.browser, 5).until(EC.visibility_of_element_located((By.XPATH, '//button[@class=\"create_account\"]')))\n_ _ _ _ _ _ _ _ _ _ _ _ _ _ _ _ _ _ _ _ _ _ _ _ _ _ _ _ _ _ _ _ _ _ _ _ _ _ _ _ \n\nself = <selenium.webdriver.support.wait.WebDriverWait (session=\"2846491de7bba95488448d30564d9863\")>\nmethod = <function visibility_of_element_located.<locals>._predicate at 0x7f778e0f12d0>\nmessage = ''\n\n    def until(self, method: Callable[[D], Union[Literal[False], T]], message: str = \"\") -> T:\n        \"\"\"Calls the method provided with the driver as an argument until the \\\n        return value does not evaluate to ``False``.\n    \n        :param method: callable(WebDriver)\n        :param message: optional message for :exc:`TimeoutException`\n        :returns: the result of the last call to `method`\n        :raises: :exc:`selenium.common.exceptions.TimeoutException` if timeout occurs\n        \"\"\"\n        screen = None\n        stacktrace = None\n    \n        end_time = time.monotonic() + self._timeout\n        while True:\n            try:\n                value = method(self._driver)\n                if value:\n                    return value\n            except self._ignored_exceptions as exc:\n                screen = getattr(exc, \"screen\", None)\n                stacktrace = getattr(exc, \"stacktrace\", None)\n            time.sleep(self._poll)\n            if time.monotonic() > end_time:\n                break\n>       raise TimeoutException(message, screen, stacktrace)\nE       selenium.common.exceptions.TimeoutException: Message: \nE       Stacktrace:\nE       #0 0x556a3e0d081a <unknown>\nE       #1 0x556a3dd9ee50 <unknown>\nE       #2 0x556a3ddee644 <unknown>\nE       #3 0x556a3ddee931 <unknown>\nE       #4 0x556a3de34534 <unknown>\nE       #5 0x556a3de134bd <unknown>\nE       #6 0x556a3de319c6 <unknown>\nE       #7 0x556a3de13233 <unknown>\nE       #8 0x556a3dde1093 <unknown>\nE       #9 0x556a3dde209e <unknown>\nE       #10 0x556a3e097a7b <unknown>\nE       #11 0x556a3e09ba31 <unknown>\nE       #12 0x556a3e083645 <unknown>\nE       #13 0x556a3e09c5a2 <unknown>\nE       #14 0x556a3e06881f <unknown>\nE       #15 0x556a3e0bf618 <unknown>\nE       #16 0x556a3e0bf7e2 <unknown>\nE       #17 0x556a3e0cf60c <unknown>\nE       #18 0x7f2b53a94ac3 <unknown>\n\n/opt/hostedtoolcache/Python/3.10.14/x64/lib/python3.10/site-packages/selenium/webdriver/support/wait.py:105: TimeoutException","flaky":false,"newFailed":false,"newBroken":false,"newPassed":false,"retriesCount":4,"retriesStatusChange":true,"beforeStages":[{"name":"_xunit_setup_method_fixture_TestProgmusix","time":{"start":1725034644023,"stop":1725034644915,"duration":892},"status":"passed","steps":[],"attachments":[],"parameters":[],"shouldDisplayMessage":false,"stepsCount":0,"attachmentsCount":0,"hasContent":false,"attachmentStep":false}],"afterStages":[{"name":"_xunit_setup_method_fixture_TestProgmusix::0","time":{"start":1725034650206,"stop":1725034650316,"duration":110},"status":"passed","steps":[],"attachments":[],"parameters":[],"shouldDisplayMessage":false,"stepsCount":0,"attachmentsCount":0,"hasContent":false,"attachmentStep":false}],"labels":[{"name":"suite","value":"test_progmusix"},{"name":"subSuite","value":"TestProgmusix"},{"name":"host","value":"fv-az1383-231"},{"name":"thread","value":"3141-MainThread"},{"name":"framework","value":"pytest"},{"name":"language","value":"cpython3"},{"name":"package","value":"test_progmusix"},{"name":"resultFormat","value":"allure2"}],"parameters":[],"links":[],"hidden":false,"retry":false,"extra":{"severity":"normal","retries":[{"uid":"92e63304e5644bb1","status":"passed","time":{"start":1724855018229,"stop":1724855018656,"duration":427}},{"uid":"d5e030d47a5dda06","status":"broken","statusDetails":"selenium.common.exceptions.WebDriverException: Message: unknown error: net::ERR_CONNECTION_REFUSED\n  (Session info: chrome-headless-shell=127.0.6533.122)\nStacktrace:\n\tGetHandleVerifier [0x00007FF6722A9642+30946]\n\t(No symbol) [0x00007FF67225E3D9]\n\t(No symbol) [0x00007FF672156FDA]\n\t(No symbol) [0x00007FF67214F0B5]\n\t(No symbol) [0x00007FF6721401E9]\n\t(No symbol) [0x00007FF672141D62]\n\t(No symbol) [0x00007FF6721404CE]\n\t(No symbol) [0x00007FF67213FD41]\n\t(No symbol) [0x00007FF67213FC80]\n\t(No symbol) [0x00007FF67213DE84]\n\t(No symbol) [0x00007FF67213E29C]\n\t(No symbol) [0x00007FF67215A041]\n\t(No symbol) [0x00007FF6721EBA2E]\n\t(No symbol) [0x00007FF6721CCA6A]\n\t(No symbol) [0x00007FF6721EB041]\n\t(No symbol) [0x00007FF6721CC813]\n\t(No symbol) [0x00007FF67219A6E5]\n\t(No symbol) [0x00007FF67219B021]\n\tGetHandleVerifier [0x00007FF6723DF84D+1301229]\n\tGetHandleVerifier [0x00007FF6723EBDC7+1351783]\n\tGetHandleVerifier [0x00007FF6723E2A13+1313971]\n\tGetHandleVerifier [0x00007FF6722DDD16+245686]\n\t(No symbol) [0x00007FF67226759F]\n\t(No symbol) [0x00007FF672263814]\n\t(No symbol) [0x00007FF6722639A2]\n\t(No symbol) [0x00007FF67225A3FF]\n\tBaseThreadInitThunk [0x00007FFBA625257D+29]\n\tRtlUserThreadStart [0x00007FFBA6EEAF28+40]","time":{"start":1724854934667,"stop":1724854934667,"duration":0}},{"uid":"611c064a9df57cf7","status":"passed","time":{"start":1724698228423,"stop":1724698229044,"duration":621}},{"uid":"80f0c293941f0938","status":"broken","statusDetails":"selenium.common.exceptions.ElementNotInteractableException: Message: element not interactable\n  (Session info: chrome-headless-shell=127.0.6533.122)\nStacktrace:\n\tGetHandleVerifier [0x00007FF7E13C9642+30946]\n\t(No symbol) [0x00007FF7E137E3D9]\n\t(No symbol) [0x00007FF7E1276E09]\n\t(No symbol) [0x00007FF7E12C9712]\n\t(No symbol) [0x00007FF7E12BC271]\n\t(No symbol) [0x00007FF7E12ECA6A]\n\t(No symbol) [0x00007FF7E12BBBB6]\n\t(No symbol) [0x00007FF7E12ECC80]\n\t(No symbol) [0x00007FF7E130B041]\n\t(No symbol) [0x00007FF7E12EC813]\n\t(No symbol) [0x00007FF7E12BA6E5]\n\t(No symbol) [0x00007FF7E12BB021]\n\tGetHandleVerifier [0x00007FF7E14FF84D+1301229]\n\tGetHandleVerifier [0x00007FF7E150BDC7+1351783]\n\tGetHandleVerifier [0x00007FF7E1502A13+1313971]\n\tGetHandleVerifier [0x00007FF7E13FDD16+245686]\n\t(No symbol) [0x00007FF7E138759F]\n\t(No symbol) [0x00007FF7E1383814]\n\t(No symbol) [0x00007FF7E13839A2]\n\t(No symbol) [0x00007FF7E137A3FF]\n\tBaseThreadInitThunk [0x00007FFBA625257D+29]\n\tRtlUserThreadStart [0x00007FFBA6EEAF28+40]","time":{"start":1724698149116,"stop":1724698149135,"duration":19}}],"categories":[{"name":"Test defects","matchedStatuses":[],"flaky":false}],"tags":[]},"source":"4a7d024a7c0b385e.json","parameterValues":[]}