{"uid":"47dcf4405b96a10e","name":"test_regtest","fullName":"test_pm.TestProgmusix#test_regtest","historyId":"b4f92fa6c66ecf78e4f673644132b5a9","time":{"start":1726000979085,"stop":1726001029647,"duration":50562},"status":"broken","statusMessage":"selenium.common.exceptions.TimeoutException: Message: \nStacktrace:\n#0 0x563e9523d8da <unknown>\n#1 0x563e94f0be50 <unknown>\n#2 0x563e94f5b644 <unknown>\n#3 0x563e94f5b931 <unknown>\n#4 0x563e94fa1534 <unknown>\n#5 0x563e94f804bd <unknown>\n#6 0x563e94f9e9c6 <unknown>\n#7 0x563e94f80233 <unknown>\n#8 0x563e94f4e093 <unknown>\n#9 0x563e94f4f09e <unknown>\n#10 0x563e95204b3b <unknown>\n#11 0x563e95208af1 <unknown>\n#12 0x563e951f0705 <unknown>\n#13 0x563e95209662 <unknown>\n#14 0x563e951d58df <unknown>\n#15 0x563e9522c6d8 <unknown>\n#16 0x563e9522c8a2 <unknown>\n#17 0x563e9523c6cc <unknown>\n#18 0x7ff90c494ac3 <unknown>","statusTrace":"self = <test_pm.TestProgmusix object at 0x7fd229afcca0>\n\n    def test_regtest(self):\n>       self.page.registration()\n\ntest_pm.py:14: \n_ _ _ _ _ _ _ _ _ _ _ _ _ _ _ _ _ _ _ _ _ _ _ _ _ _ _ _ _ _ _ _ _ _ _ _ _ _ _ _ \nProgMusix/page_model.py:265: in registration\n    self.create_page_btn().click()\nProgMusix/page_model.py:79: in create_page_btn\n    return WebDriverWait(self.browser, 50).until(EC.visibility_of_element_located((By.CLASS_NAME, 'create_account')))\n_ _ _ _ _ _ _ _ _ _ _ _ _ _ _ _ _ _ _ _ _ _ _ _ _ _ _ _ _ _ _ _ _ _ _ _ _ _ _ _ \n\nself = <selenium.webdriver.support.wait.WebDriverWait (session=\"bf2c3df8c3913513ce863ea7e71df938\")>\nmethod = <function visibility_of_element_located.<locals>._predicate at 0x7fd22a781630>\nmessage = ''\n\n    def until(self, method: Callable[[D], Union[Literal[False], T]], message: str = \"\") -> T:\n        \"\"\"Calls the method provided with the driver as an argument until the \\\n        return value does not evaluate to ``False``.\n    \n        :param method: callable(WebDriver)\n        :param message: optional message for :exc:`TimeoutException`\n        :returns: the result of the last call to `method`\n        :raises: :exc:`selenium.common.exceptions.TimeoutException` if timeout occurs\n        \"\"\"\n        screen = None\n        stacktrace = None\n    \n        end_time = time.monotonic() + self._timeout\n        while True:\n            try:\n                value = method(self._driver)\n                if value:\n                    return value\n            except self._ignored_exceptions as exc:\n                screen = getattr(exc, \"screen\", None)\n                stacktrace = getattr(exc, \"stacktrace\", None)\n            time.sleep(self._poll)\n            if time.monotonic() > end_time:\n                break\n>       raise TimeoutException(message, screen, stacktrace)\nE       selenium.common.exceptions.TimeoutException: Message: \nE       Stacktrace:\nE       #0 0x563e9523d8da <unknown>\nE       #1 0x563e94f0be50 <unknown>\nE       #2 0x563e94f5b644 <unknown>\nE       #3 0x563e94f5b931 <unknown>\nE       #4 0x563e94fa1534 <unknown>\nE       #5 0x563e94f804bd <unknown>\nE       #6 0x563e94f9e9c6 <unknown>\nE       #7 0x563e94f80233 <unknown>\nE       #8 0x563e94f4e093 <unknown>\nE       #9 0x563e94f4f09e <unknown>\nE       #10 0x563e95204b3b <unknown>\nE       #11 0x563e95208af1 <unknown>\nE       #12 0x563e951f0705 <unknown>\nE       #13 0x563e95209662 <unknown>\nE       #14 0x563e951d58df <unknown>\nE       #15 0x563e9522c6d8 <unknown>\nE       #16 0x563e9522c8a2 <unknown>\nE       #17 0x563e9523c6cc <unknown>\nE       #18 0x7ff90c494ac3 <unknown>\n\n/opt/hostedtoolcache/Python/3.10.14/x64/lib/python3.10/site-packages/selenium/webdriver/support/wait.py:105: TimeoutException","flaky":false,"newFailed":false,"newBroken":false,"newPassed":false,"retriesCount":0,"retriesStatusChange":false,"beforeStages":[{"name":"_xunit_setup_method_fixture_TestProgmusix","time":{"start":1726000976459,"stop":1726000979084,"duration":2625},"status":"passed","steps":[],"attachments":[],"parameters":[],"shouldDisplayMessage":false,"stepsCount":0,"attachmentsCount":0,"hasContent":false,"attachmentStep":false}],"afterStages":[{"name":"_xunit_setup_method_fixture_TestProgmusix::0","time":{"start":1726001029727,"stop":1726001029727,"duration":0},"status":"passed","steps":[],"attachments":[],"parameters":[],"shouldDisplayMessage":false,"stepsCount":0,"attachmentsCount":0,"hasContent":false,"attachmentStep":false}],"labels":[{"name":"suite","value":"test_pm"},{"name":"subSuite","value":"TestProgmusix"},{"name":"host","value":"fv-az1520-491"},{"name":"thread","value":"3053-MainThread"},{"name":"framework","value":"pytest"},{"name":"language","value":"cpython3"},{"name":"package","value":"test_pm"},{"name":"resultFormat","value":"allure2"}],"parameters":[],"links":[],"hidden":false,"retry":false,"extra":{"severity":"normal","retries":[],"categories":[{"name":"Test defects","matchedStatuses":[],"flaky":false}],"tags":[]},"source":"47dcf4405b96a10e.json","parameterValues":[]}