{"uid":"9125098e108b24f","name":"test_regtest","fullName":"test_registration_pm.TestProgmusix#test_regtest","historyId":"33bf7989d87c4584cbf7256d01d42bd0","time":{"start":1726048868063,"stop":1726048918604,"duration":50541},"status":"broken","statusMessage":"selenium.common.exceptions.TimeoutException: Message: \nStacktrace:\n#0 0x55fae44a38da <unknown>\n#1 0x55fae4171e50 <unknown>\n#2 0x55fae41c1644 <unknown>\n#3 0x55fae41c1931 <unknown>\n#4 0x55fae4207534 <unknown>\n#5 0x55fae41e64bd <unknown>\n#6 0x55fae42049c6 <unknown>\n#7 0x55fae41e6233 <unknown>\n#8 0x55fae41b4093 <unknown>\n#9 0x55fae41b509e <unknown>\n#10 0x55fae446ab3b <unknown>\n#11 0x55fae446eaf1 <unknown>\n#12 0x55fae4456705 <unknown>\n#13 0x55fae446f662 <unknown>\n#14 0x55fae443b8df <unknown>\n#15 0x55fae44926d8 <unknown>\n#16 0x55fae44928a2 <unknown>\n#17 0x55fae44a26cc <unknown>\n#18 0x7f8ad7294ac3 <unknown>","statusTrace":"self = <test_registration_pm.TestProgmusix object at 0x7fa0aedd8f10>\n\n    def test_regtest(self):\n>       self.page.registration()\n\ntest_registration_pm.py:12: \n_ _ _ _ _ _ _ _ _ _ _ _ _ _ _ _ _ _ _ _ _ _ _ _ _ _ _ _ _ _ _ _ _ _ _ _ _ _ _ _ \nProgMusix/page_model.py:278: in registration\n    self.registration_refresh()\nProgMusix/page_model.py:270: in registration_refresh\n    self.create_page_btn().click()\nProgMusix/page_model.py:80: in create_page_btn\n    return WebDriverWait(self.browser, 50).until(EC.visibility_of_element_located((By.CLASS_NAME, 'create_account')))\n_ _ _ _ _ _ _ _ _ _ _ _ _ _ _ _ _ _ _ _ _ _ _ _ _ _ _ _ _ _ _ _ _ _ _ _ _ _ _ _ \n\nself = <selenium.webdriver.support.wait.WebDriverWait (session=\"19f8c7c7e17b8c3c412110b5f53778a6\")>\nmethod = <function visibility_of_element_located.<locals>._predicate at 0x7fa0afd9d630>\nmessage = ''\n\n    def until(self, method: Callable[[D], Union[Literal[False], T]], message: str = \"\") -> T:\n        \"\"\"Calls the method provided with the driver as an argument until the \\\n        return value does not evaluate to ``False``.\n    \n        :param method: callable(WebDriver)\n        :param message: optional message for :exc:`TimeoutException`\n        :returns: the result of the last call to `method`\n        :raises: :exc:`selenium.common.exceptions.TimeoutException` if timeout occurs\n        \"\"\"\n        screen = None\n        stacktrace = None\n    \n        end_time = time.monotonic() + self._timeout\n        while True:\n            try:\n                value = method(self._driver)\n                if value:\n                    return value\n            except self._ignored_exceptions as exc:\n                screen = getattr(exc, \"screen\", None)\n                stacktrace = getattr(exc, \"stacktrace\", None)\n            time.sleep(self._poll)\n            if time.monotonic() > end_time:\n                break\n>       raise TimeoutException(message, screen, stacktrace)\nE       selenium.common.exceptions.TimeoutException: Message: \nE       Stacktrace:\nE       #0 0x55fae44a38da <unknown>\nE       #1 0x55fae4171e50 <unknown>\nE       #2 0x55fae41c1644 <unknown>\nE       #3 0x55fae41c1931 <unknown>\nE       #4 0x55fae4207534 <unknown>\nE       #5 0x55fae41e64bd <unknown>\nE       #6 0x55fae42049c6 <unknown>\nE       #7 0x55fae41e6233 <unknown>\nE       #8 0x55fae41b4093 <unknown>\nE       #9 0x55fae41b509e <unknown>\nE       #10 0x55fae446ab3b <unknown>\nE       #11 0x55fae446eaf1 <unknown>\nE       #12 0x55fae4456705 <unknown>\nE       #13 0x55fae446f662 <unknown>\nE       #14 0x55fae443b8df <unknown>\nE       #15 0x55fae44926d8 <unknown>\nE       #16 0x55fae44928a2 <unknown>\nE       #17 0x55fae44a26cc <unknown>\nE       #18 0x7f8ad7294ac3 <unknown>\n\n/opt/hostedtoolcache/Python/3.10.14/x64/lib/python3.10/site-packages/selenium/webdriver/support/wait.py:105: TimeoutException","flaky":false,"newFailed":false,"newBroken":false,"newPassed":false,"retriesCount":0,"retriesStatusChange":false,"beforeStages":[{"name":"_xunit_setup_method_fixture_TestProgmusix","time":{"start":1726048866472,"stop":1726048868062,"duration":1590},"status":"passed","steps":[],"attachments":[],"parameters":[],"shouldDisplayMessage":false,"stepsCount":0,"attachmentsCount":0,"hasContent":false,"attachmentStep":false}],"afterStages":[{"name":"_xunit_setup_method_fixture_TestProgmusix::0","time":{"start":1726048918663,"stop":1726048918663,"duration":0},"status":"passed","steps":[],"attachments":[],"parameters":[],"shouldDisplayMessage":false,"stepsCount":0,"attachmentsCount":0,"hasContent":false,"attachmentStep":false}],"labels":[{"name":"suite","value":"test_registration_pm"},{"name":"subSuite","value":"TestProgmusix"},{"name":"host","value":"fv-az1521-609"},{"name":"thread","value":"3068-MainThread"},{"name":"framework","value":"pytest"},{"name":"language","value":"cpython3"},{"name":"package","value":"test_registration_pm"},{"name":"resultFormat","value":"allure2"}],"parameters":[],"links":[],"hidden":false,"retry":false,"extra":{"severity":"normal","retries":[],"categories":[{"name":"Test defects","matchedStatuses":[],"flaky":false}],"tags":[]},"source":"9125098e108b24f.json","parameterValues":[]}