{"uid":"16b5f5eaab291a06","name":"test_registration","fullName":"test_ProgMusix.TestProgmusix#test_registration","historyId":"a63dea985cc83311e478e3aff68ad806","time":{"start":1725697197432,"stop":1725697214946,"duration":17514},"status":"broken","statusMessage":"selenium.common.exceptions.TimeoutException: Message: \nStacktrace:\n#0 0x558a7889b8da <unknown>\n#1 0x558a78569e50 <unknown>\n#2 0x558a785b9644 <unknown>\n#3 0x558a785b9931 <unknown>\n#4 0x558a785ff534 <unknown>\n#5 0x558a785de4bd <unknown>\n#6 0x558a785fc9c6 <unknown>\n#7 0x558a785de233 <unknown>\n#8 0x558a785ac093 <unknown>\n#9 0x558a785ad09e <unknown>\n#10 0x558a78862b3b <unknown>\n#11 0x558a78866af1 <unknown>\n#12 0x558a7884e705 <unknown>\n#13 0x558a78867662 <unknown>\n#14 0x558a788338df <unknown>\n#15 0x558a7888a6d8 <unknown>\n#16 0x558a7888a8a2 <unknown>\n#17 0x558a7889a6cc <unknown>\n#18 0x7f564ee94ac3 <unknown>","statusTrace":"self = <test_ProgMusix.TestProgmusix object at 0x7f819b914790>\n\n    def test_registration(self):\n>       self.page.registration_method()\n\ntest_ProgMusix.py:17: \n_ _ _ _ _ _ _ _ _ _ _ _ _ _ _ _ _ _ _ _ _ _ _ _ _ _ _ _ _ _ _ _ _ _ _ _ _ _ _ _ \nProgMusix/page_model.py:258: in registration_method\n    self.create_page_btn().click()\nProgMusix/page_model.py:78: in create_page_btn\n    return WebDriverWait(self.browser, 15).until(\n_ _ _ _ _ _ _ _ _ _ _ _ _ _ _ _ _ _ _ _ _ _ _ _ _ _ _ _ _ _ _ _ _ _ _ _ _ _ _ _ \n\nself = <selenium.webdriver.support.wait.WebDriverWait (session=\"12558106f37a19e2b62766815cde408e\")>\nmethod = <function element_to_be_clickable.<locals>._predicate at 0x7f819bf612d0>\nmessage = ''\n\n    def until(self, method: Callable[[D], Union[Literal[False], T]], message: str = \"\") -> T:\n        \"\"\"Calls the method provided with the driver as an argument until the \\\n        return value does not evaluate to ``False``.\n    \n        :param method: callable(WebDriver)\n        :param message: optional message for :exc:`TimeoutException`\n        :returns: the result of the last call to `method`\n        :raises: :exc:`selenium.common.exceptions.TimeoutException` if timeout occurs\n        \"\"\"\n        screen = None\n        stacktrace = None\n    \n        end_time = time.monotonic() + self._timeout\n        while True:\n            try:\n                value = method(self._driver)\n                if value:\n                    return value\n            except self._ignored_exceptions as exc:\n                screen = getattr(exc, \"screen\", None)\n                stacktrace = getattr(exc, \"stacktrace\", None)\n            time.sleep(self._poll)\n            if time.monotonic() > end_time:\n                break\n>       raise TimeoutException(message, screen, stacktrace)\nE       selenium.common.exceptions.TimeoutException: Message: \nE       Stacktrace:\nE       #0 0x558a7889b8da <unknown>\nE       #1 0x558a78569e50 <unknown>\nE       #2 0x558a785b9644 <unknown>\nE       #3 0x558a785b9931 <unknown>\nE       #4 0x558a785ff534 <unknown>\nE       #5 0x558a785de4bd <unknown>\nE       #6 0x558a785fc9c6 <unknown>\nE       #7 0x558a785de233 <unknown>\nE       #8 0x558a785ac093 <unknown>\nE       #9 0x558a785ad09e <unknown>\nE       #10 0x558a78862b3b <unknown>\nE       #11 0x558a78866af1 <unknown>\nE       #12 0x558a7884e705 <unknown>\nE       #13 0x558a78867662 <unknown>\nE       #14 0x558a788338df <unknown>\nE       #15 0x558a7888a6d8 <unknown>\nE       #16 0x558a7888a8a2 <unknown>\nE       #17 0x558a7889a6cc <unknown>\nE       #18 0x7f564ee94ac3 <unknown>\n\n/opt/hostedtoolcache/Python/3.10.14/x64/lib/python3.10/site-packages/selenium/webdriver/support/wait.py:105: TimeoutException","flaky":false,"newFailed":false,"newBroken":false,"newPassed":false,"retriesCount":0,"retriesStatusChange":false,"beforeStages":[{"name":"_xunit_setup_method_fixture_TestProgmusix","time":{"start":1725697195661,"stop":1725697197431,"duration":1770},"status":"passed","steps":[],"attachments":[],"parameters":[],"shouldDisplayMessage":false,"stepsCount":0,"attachmentsCount":0,"hasContent":false,"attachmentStep":false}],"afterStages":[{"name":"_xunit_setup_method_fixture_TestProgmusix::0","time":{"start":1725697215001,"stop":1725697215111,"duration":110},"status":"passed","steps":[],"attachments":[],"parameters":[],"shouldDisplayMessage":false,"stepsCount":0,"attachmentsCount":0,"hasContent":false,"attachmentStep":false}],"labels":[{"name":"suite","value":"test_ProgMusix"},{"name":"subSuite","value":"TestProgmusix"},{"name":"host","value":"fv-az768-351"},{"name":"thread","value":"3220-MainThread"},{"name":"framework","value":"pytest"},{"name":"language","value":"cpython3"},{"name":"package","value":"test_ProgMusix"},{"name":"resultFormat","value":"allure2"}],"parameters":[],"links":[],"hidden":false,"retry":false,"extra":{"severity":"normal","retries":[],"categories":[{"name":"Test defects","matchedStatuses":[],"flaky":false}],"tags":[]},"source":"16b5f5eaab291a06.json","parameterValues":[]}