{"uid":"2396430a12160d00","name":"test_regtest","fullName":"test_ProgMusix.TestProgmusix#test_regtest","historyId":"b67b4280f52c4e5d3b830068a7aadd65","time":{"start":1725968847214,"stop":1725968900611,"duration":53397},"status":"broken","statusMessage":"selenium.common.exceptions.TimeoutException: Message: \nStacktrace:\n#0 0x55cc95da68da <unknown>\n#1 0x55cc95a74e50 <unknown>\n#2 0x55cc95ac4644 <unknown>\n#3 0x55cc95ac4931 <unknown>\n#4 0x55cc95b0a534 <unknown>\n#5 0x55cc95ae94bd <unknown>\n#6 0x55cc95b079c6 <unknown>\n#7 0x55cc95ae9233 <unknown>\n#8 0x55cc95ab7093 <unknown>\n#9 0x55cc95ab809e <unknown>\n#10 0x55cc95d6db3b <unknown>\n#11 0x55cc95d71af1 <unknown>\n#12 0x55cc95d59705 <unknown>\n#13 0x55cc95d72662 <unknown>\n#14 0x55cc95d3e8df <unknown>\n#15 0x55cc95d956d8 <unknown>\n#16 0x55cc95d958a2 <unknown>\n#17 0x55cc95da56cc <unknown>\n#18 0x7ff55a894ac3 <unknown>","statusTrace":"self = <test_ProgMusix.TestProgmusix object at 0x7f6a6a704c40>\n\n    @pytest.mark.order(1)\n    def test_regtest(self):\n>       self.page.registration()\n\ntest_ProgMusix.py:29: \n_ _ _ _ _ _ _ _ _ _ _ _ _ _ _ _ _ _ _ _ _ _ _ _ _ _ _ _ _ _ _ _ _ _ _ _ _ _ _ _ \nProgMusix/page_model.py:265: in registration\n    self.create_page_btn().click()\nProgMusix/page_model.py:78: in create_page_btn\n    return WebDriverWait(self.browser, 50).until(EC.visibility_of_element_located((By.CSS_SELECTOR, '.create_account')))\n_ _ _ _ _ _ _ _ _ _ _ _ _ _ _ _ _ _ _ _ _ _ _ _ _ _ _ _ _ _ _ _ _ _ _ _ _ _ _ _ \n\nself = <selenium.webdriver.support.wait.WebDriverWait (session=\"274a3d8c050f2f2baeecb55cbbc654b2\")>\nmethod = <function visibility_of_element_located.<locals>._predicate at 0x7f6a6b7a1630>\nmessage = ''\n\n    def until(self, method: Callable[[D], Union[Literal[False], T]], message: str = \"\") -> T:\n        \"\"\"Calls the method provided with the driver as an argument until the \\\n        return value does not evaluate to ``False``.\n    \n        :param method: callable(WebDriver)\n        :param message: optional message for :exc:`TimeoutException`\n        :returns: the result of the last call to `method`\n        :raises: :exc:`selenium.common.exceptions.TimeoutException` if timeout occurs\n        \"\"\"\n        screen = None\n        stacktrace = None\n    \n        end_time = time.monotonic() + self._timeout\n        while True:\n            try:\n                value = method(self._driver)\n                if value:\n                    return value\n            except self._ignored_exceptions as exc:\n                screen = getattr(exc, \"screen\", None)\n                stacktrace = getattr(exc, \"stacktrace\", None)\n            time.sleep(self._poll)\n            if time.monotonic() > end_time:\n                break\n>       raise TimeoutException(message, screen, stacktrace)\nE       selenium.common.exceptions.TimeoutException: Message: \nE       Stacktrace:\nE       #0 0x55cc95da68da <unknown>\nE       #1 0x55cc95a74e50 <unknown>\nE       #2 0x55cc95ac4644 <unknown>\nE       #3 0x55cc95ac4931 <unknown>\nE       #4 0x55cc95b0a534 <unknown>\nE       #5 0x55cc95ae94bd <unknown>\nE       #6 0x55cc95b079c6 <unknown>\nE       #7 0x55cc95ae9233 <unknown>\nE       #8 0x55cc95ab7093 <unknown>\nE       #9 0x55cc95ab809e <unknown>\nE       #10 0x55cc95d6db3b <unknown>\nE       #11 0x55cc95d71af1 <unknown>\nE       #12 0x55cc95d59705 <unknown>\nE       #13 0x55cc95d72662 <unknown>\nE       #14 0x55cc95d3e8df <unknown>\nE       #15 0x55cc95d956d8 <unknown>\nE       #16 0x55cc95d958a2 <unknown>\nE       #17 0x55cc95da56cc <unknown>\nE       #18 0x7ff55a894ac3 <unknown>\n\n/opt/hostedtoolcache/Python/3.10.14/x64/lib/python3.10/site-packages/selenium/webdriver/support/wait.py:105: TimeoutException","flaky":false,"newFailed":false,"newBroken":false,"newPassed":false,"retriesCount":0,"retriesStatusChange":false,"beforeStages":[{"name":"_xunit_setup_method_fixture_TestProgmusix","time":{"start":1725968845483,"stop":1725968847213,"duration":1730},"status":"passed","steps":[],"attachments":[],"parameters":[],"shouldDisplayMessage":false,"stepsCount":0,"attachmentsCount":0,"hasContent":false,"attachmentStep":false}],"afterStages":[{"name":"_xunit_setup_method_fixture_TestProgmusix::0","time":{"start":1725968900661,"stop":1725968900661,"duration":0},"status":"passed","steps":[],"attachments":[],"parameters":[],"shouldDisplayMessage":false,"stepsCount":0,"attachmentsCount":0,"hasContent":false,"attachmentStep":false}],"labels":[{"name":"tag","value":"order(1)"},{"name":"suite","value":"test_ProgMusix"},{"name":"subSuite","value":"TestProgmusix"},{"name":"host","value":"fv-az1532-294"},{"name":"thread","value":"3284-MainThread"},{"name":"framework","value":"pytest"},{"name":"language","value":"cpython3"},{"name":"package","value":"test_ProgMusix"},{"name":"resultFormat","value":"allure2"}],"parameters":[],"links":[],"hidden":false,"retry":false,"extra":{"severity":"normal","retries":[],"categories":[{"name":"Test defects","matchedStatuses":[],"flaky":false}],"tags":["order(1)"]},"source":"2396430a12160d00.json","parameterValues":[]}