{"uid":"8f0fe0f220e87ebe","name":"test_paying","fullName":"test_ProgMusix.TestProgmusix#test_paying","historyId":"f83dd1e30486b0875c70cb546b58a679","time":{"start":1725968481791,"stop":1725968502713,"duration":20922},"status":"broken","statusMessage":"selenium.common.exceptions.TimeoutException: Message: \nStacktrace:\n#0 0x56109e7c88da <unknown>\n#1 0x56109e496e50 <unknown>\n#2 0x56109e4e6644 <unknown>\n#3 0x56109e4e6931 <unknown>\n#4 0x56109e52c534 <unknown>\n#5 0x56109e50b4bd <unknown>\n#6 0x56109e5299c6 <unknown>\n#7 0x56109e50b233 <unknown>\n#8 0x56109e4d9093 <unknown>\n#9 0x56109e4da09e <unknown>\n#10 0x56109e78fb3b <unknown>\n#11 0x56109e793af1 <unknown>\n#12 0x56109e77b705 <unknown>\n#13 0x56109e794662 <unknown>\n#14 0x56109e7608df <unknown>\n#15 0x56109e7b76d8 <unknown>\n#16 0x56109e7b78a2 <unknown>\n#17 0x56109e7c76cc <unknown>\n#18 0x7fce0e094ac3 <unknown>","statusTrace":"self = <test_ProgMusix.TestProgmusix object at 0x7f9dd5ffa0b0>\n\n    @pytest.mark.order(4)\n    def test_paying(self):\n        #Login\n        self.page.login_method_p()\n        # self.page.purchase_random_method()\n>       self.page.paying_method()\n\ntest_ProgMusix.py:130: \n_ _ _ _ _ _ _ _ _ _ _ _ _ _ _ _ _ _ _ _ _ _ _ _ _ _ _ _ _ _ _ _ _ _ _ _ _ _ _ _ \nProgMusix/page_model.py:403: in paying_method\n    self.input_username().send_keys(TESTDATA['username_p'])\nProgMusix/page_model.py:527: in input_username\n    return WebDriverWait(self.browser, 15).until(\n_ _ _ _ _ _ _ _ _ _ _ _ _ _ _ _ _ _ _ _ _ _ _ _ _ _ _ _ _ _ _ _ _ _ _ _ _ _ _ _ \n\nself = <selenium.webdriver.support.wait.WebDriverWait (session=\"cd38bb307423f0f41903dd3d9ad70f22\")>\nmethod = <function visibility_of_element_located.<locals>._predicate at 0x7f9dd60b4e50>\nmessage = ''\n\n    def until(self, method: Callable[[D], Union[Literal[False], T]], message: str = \"\") -> T:\n        \"\"\"Calls the method provided with the driver as an argument until the \\\n        return value does not evaluate to ``False``.\n    \n        :param method: callable(WebDriver)\n        :param message: optional message for :exc:`TimeoutException`\n        :returns: the result of the last call to `method`\n        :raises: :exc:`selenium.common.exceptions.TimeoutException` if timeout occurs\n        \"\"\"\n        screen = None\n        stacktrace = None\n    \n        end_time = time.monotonic() + self._timeout\n        while True:\n            try:\n                value = method(self._driver)\n                if value:\n                    return value\n            except self._ignored_exceptions as exc:\n                screen = getattr(exc, \"screen\", None)\n                stacktrace = getattr(exc, \"stacktrace\", None)\n            time.sleep(self._poll)\n            if time.monotonic() > end_time:\n                break\n>       raise TimeoutException(message, screen, stacktrace)\nE       selenium.common.exceptions.TimeoutException: Message: \nE       Stacktrace:\nE       #0 0x56109e7c88da <unknown>\nE       #1 0x56109e496e50 <unknown>\nE       #2 0x56109e4e6644 <unknown>\nE       #3 0x56109e4e6931 <unknown>\nE       #4 0x56109e52c534 <unknown>\nE       #5 0x56109e50b4bd <unknown>\nE       #6 0x56109e5299c6 <unknown>\nE       #7 0x56109e50b233 <unknown>\nE       #8 0x56109e4d9093 <unknown>\nE       #9 0x56109e4da09e <unknown>\nE       #10 0x56109e78fb3b <unknown>\nE       #11 0x56109e793af1 <unknown>\nE       #12 0x56109e77b705 <unknown>\nE       #13 0x56109e794662 <unknown>\nE       #14 0x56109e7608df <unknown>\nE       #15 0x56109e7b76d8 <unknown>\nE       #16 0x56109e7b78a2 <unknown>\nE       #17 0x56109e7c76cc <unknown>\nE       #18 0x7fce0e094ac3 <unknown>\n\n/opt/hostedtoolcache/Python/3.10.14/x64/lib/python3.10/site-packages/selenium/webdriver/support/wait.py:105: TimeoutException","flaky":false,"newFailed":false,"newBroken":false,"newPassed":false,"retriesCount":0,"retriesStatusChange":false,"beforeStages":[{"name":"_xunit_setup_method_fixture_TestProgmusix","time":{"start":1725968480994,"stop":1725968481790,"duration":796},"status":"passed","steps":[],"attachments":[],"parameters":[],"shouldDisplayMessage":false,"stepsCount":0,"attachmentsCount":0,"hasContent":false,"attachmentStep":false}],"afterStages":[{"name":"_xunit_setup_method_fixture_TestProgmusix::0","time":{"start":1725968502733,"stop":1725968502733,"duration":0},"status":"passed","steps":[],"attachments":[],"parameters":[],"shouldDisplayMessage":false,"stepsCount":0,"attachmentsCount":0,"hasContent":false,"attachmentStep":false}],"labels":[{"name":"tag","value":"order(4)"},{"name":"suite","value":"test_ProgMusix"},{"name":"subSuite","value":"TestProgmusix"},{"name":"host","value":"fv-az530-782"},{"name":"thread","value":"3273-MainThread"},{"name":"framework","value":"pytest"},{"name":"language","value":"cpython3"},{"name":"package","value":"test_ProgMusix"},{"name":"resultFormat","value":"allure2"}],"parameters":[],"links":[],"hidden":false,"retry":false,"extra":{"severity":"normal","retries":[],"categories":[{"name":"Test defects","matchedStatuses":[],"flaky":false}],"tags":["order(4)"]},"source":"8f0fe0f220e87ebe.json","parameterValues":[]}