{"uid":"a8029f0f9967a8a","name":"test_regtest","fullName":"test_ProgMusix.TestProgmusix#test_regtest","historyId":"b67b4280f52c4e5d3b830068a7aadd65","time":{"start":1725879576544,"stop":1725879626975,"duration":50431},"status":"broken","statusMessage":"selenium.common.exceptions.TimeoutException: Message: \nStacktrace:\n#0 0x55c8cd7058da <unknown>\n#1 0x55c8cd3d3e50 <unknown>\n#2 0x55c8cd423644 <unknown>\n#3 0x55c8cd423931 <unknown>\n#4 0x55c8cd469534 <unknown>\n#5 0x55c8cd4484bd <unknown>\n#6 0x55c8cd4669c6 <unknown>\n#7 0x55c8cd448233 <unknown>\n#8 0x55c8cd416093 <unknown>\n#9 0x55c8cd41709e <unknown>\n#10 0x55c8cd6ccb3b <unknown>\n#11 0x55c8cd6d0af1 <unknown>\n#12 0x55c8cd6b8705 <unknown>\n#13 0x55c8cd6d1662 <unknown>\n#14 0x55c8cd69d8df <unknown>\n#15 0x55c8cd6f46d8 <unknown>\n#16 0x55c8cd6f48a2 <unknown>\n#17 0x55c8cd7046cc <unknown>\n#18 0x7f7c12294ac3 <unknown>","statusTrace":"self = <test_ProgMusix.TestProgmusix object at 0x7fdfb57b4850>\n\n    def test_regtest(self):\n>       self.page.registration()\n\ntest_ProgMusix.py:26: \n_ _ _ _ _ _ _ _ _ _ _ _ _ _ _ _ _ _ _ _ _ _ _ _ _ _ _ _ _ _ _ _ _ _ _ _ _ _ _ _ \nProgMusix/page_model.py:264: in registration\n    self.create_page_btn().click()\nProgMusix/page_model.py:78: in create_page_btn\n    return WebDriverWait(self.browser, 50).until(EC.visibility_of_element_located((By.CSS_SELECTOR, '.create_account')))\n_ _ _ _ _ _ _ _ _ _ _ _ _ _ _ _ _ _ _ _ _ _ _ _ _ _ _ _ _ _ _ _ _ _ _ _ _ _ _ _ \n\nself = <selenium.webdriver.support.wait.WebDriverWait (session=\"e33b9993d358425697fdc29b9abf1fd0\")>\nmethod = <function visibility_of_element_located.<locals>._predicate at 0x7fdfb5d8d2d0>\nmessage = ''\n\n    def until(self, method: Callable[[D], Union[Literal[False], T]], message: str = \"\") -> T:\n        \"\"\"Calls the method provided with the driver as an argument until the \\\n        return value does not evaluate to ``False``.\n    \n        :param method: callable(WebDriver)\n        :param message: optional message for :exc:`TimeoutException`\n        :returns: the result of the last call to `method`\n        :raises: :exc:`selenium.common.exceptions.TimeoutException` if timeout occurs\n        \"\"\"\n        screen = None\n        stacktrace = None\n    \n        end_time = time.monotonic() + self._timeout\n        while True:\n            try:\n                value = method(self._driver)\n                if value:\n                    return value\n            except self._ignored_exceptions as exc:\n                screen = getattr(exc, \"screen\", None)\n                stacktrace = getattr(exc, \"stacktrace\", None)\n            time.sleep(self._poll)\n            if time.monotonic() > end_time:\n                break\n>       raise TimeoutException(message, screen, stacktrace)\nE       selenium.common.exceptions.TimeoutException: Message: \nE       Stacktrace:\nE       #0 0x55c8cd7058da <unknown>\nE       #1 0x55c8cd3d3e50 <unknown>\nE       #2 0x55c8cd423644 <unknown>\nE       #3 0x55c8cd423931 <unknown>\nE       #4 0x55c8cd469534 <unknown>\nE       #5 0x55c8cd4484bd <unknown>\nE       #6 0x55c8cd4669c6 <unknown>\nE       #7 0x55c8cd448233 <unknown>\nE       #8 0x55c8cd416093 <unknown>\nE       #9 0x55c8cd41709e <unknown>\nE       #10 0x55c8cd6ccb3b <unknown>\nE       #11 0x55c8cd6d0af1 <unknown>\nE       #12 0x55c8cd6b8705 <unknown>\nE       #13 0x55c8cd6d1662 <unknown>\nE       #14 0x55c8cd69d8df <unknown>\nE       #15 0x55c8cd6f46d8 <unknown>\nE       #16 0x55c8cd6f48a2 <unknown>\nE       #17 0x55c8cd7046cc <unknown>\nE       #18 0x7f7c12294ac3 <unknown>\n\n/opt/hostedtoolcache/Python/3.10.14/x64/lib/python3.10/site-packages/selenium/webdriver/support/wait.py:105: TimeoutException","flaky":false,"newFailed":false,"newBroken":false,"newPassed":false,"retriesCount":0,"retriesStatusChange":false,"beforeStages":[{"name":"_xunit_setup_method_fixture_TestProgmusix","time":{"start":1725879575348,"stop":1725879576543,"duration":1195},"status":"passed","steps":[],"attachments":[],"parameters":[],"shouldDisplayMessage":false,"stepsCount":0,"attachmentsCount":0,"hasContent":false,"attachmentStep":false}],"afterStages":[{"name":"_xunit_setup_method_fixture_TestProgmusix::0","time":{"start":1725879627026,"stop":1725879627026,"duration":0},"status":"passed","steps":[],"attachments":[],"parameters":[],"shouldDisplayMessage":false,"stepsCount":0,"attachmentsCount":0,"hasContent":false,"attachmentStep":false}],"labels":[{"name":"suite","value":"test_ProgMusix"},{"name":"subSuite","value":"TestProgmusix"},{"name":"host","value":"fv-az770-597"},{"name":"thread","value":"3260-MainThread"},{"name":"framework","value":"pytest"},{"name":"language","value":"cpython3"},{"name":"package","value":"test_ProgMusix"},{"name":"resultFormat","value":"allure2"}],"parameters":[],"links":[],"hidden":false,"retry":false,"extra":{"severity":"normal","retries":[],"categories":[{"name":"Test defects","matchedStatuses":[],"flaky":false}],"tags":[]},"source":"a8029f0f9967a8a.json","parameterValues":[]}