{"uid":"443fd4e53afb45a1","name":"test_regtest","fullName":"test_ProgMusix.TestProgmusix#test_regtest","historyId":"b67b4280f52c4e5d3b830068a7aadd65","time":{"start":1726044501496,"stop":1726044552021,"duration":50525},"status":"broken","statusMessage":"selenium.common.exceptions.TimeoutException: Message: \nStacktrace:\n#0 0x55c9f815d8da <unknown>\n#1 0x55c9f7e2be50 <unknown>\n#2 0x55c9f7e7b644 <unknown>\n#3 0x55c9f7e7b931 <unknown>\n#4 0x55c9f7ec1534 <unknown>\n#5 0x55c9f7ea04bd <unknown>\n#6 0x55c9f7ebe9c6 <unknown>\n#7 0x55c9f7ea0233 <unknown>\n#8 0x55c9f7e6e093 <unknown>\n#9 0x55c9f7e6f09e <unknown>\n#10 0x55c9f8124b3b <unknown>\n#11 0x55c9f8128af1 <unknown>\n#12 0x55c9f8110705 <unknown>\n#13 0x55c9f8129662 <unknown>\n#14 0x55c9f80f58df <unknown>\n#15 0x55c9f814c6d8 <unknown>\n#16 0x55c9f814c8a2 <unknown>\n#17 0x55c9f815c6cc <unknown>\n#18 0x7fd510294ac3 <unknown>","statusTrace":"self = <test_ProgMusix.TestProgmusix object at 0x7feb8ab14f70>\n\n    @pytest.mark.order(1)\n    def test_regtest(self):\n>       self.page.registration()\n\ntest_ProgMusix.py:29: \n_ _ _ _ _ _ _ _ _ _ _ _ _ _ _ _ _ _ _ _ _ _ _ _ _ _ _ _ _ _ _ _ _ _ _ _ _ _ _ _ \nProgMusix/page_model.py:678: in registration\n    self.registration_refres()\nProgMusix/page_model.py:669: in registration_refres\n    self.create_page_btn().click()\nProgMusix/page_model.py:80: in create_page_btn\n    return WebDriverWait(self.browser, 50).until(EC.visibility_of_element_located((By.CLASS_NAME, 'create_account')))\n_ _ _ _ _ _ _ _ _ _ _ _ _ _ _ _ _ _ _ _ _ _ _ _ _ _ _ _ _ _ _ _ _ _ _ _ _ _ _ _ \n\nself = <selenium.webdriver.support.wait.WebDriverWait (session=\"c9f0519f1d123694d23fb7d64fa04b3e\")>\nmethod = <function visibility_of_element_located.<locals>._predicate at 0x7feb8c191630>\nmessage = ''\n\n    def until(self, method: Callable[[D], Union[Literal[False], T]], message: str = \"\") -> T:\n        \"\"\"Calls the method provided with the driver as an argument until the \\\n        return value does not evaluate to ``False``.\n    \n        :param method: callable(WebDriver)\n        :param message: optional message for :exc:`TimeoutException`\n        :returns: the result of the last call to `method`\n        :raises: :exc:`selenium.common.exceptions.TimeoutException` if timeout occurs\n        \"\"\"\n        screen = None\n        stacktrace = None\n    \n        end_time = time.monotonic() + self._timeout\n        while True:\n            try:\n                value = method(self._driver)\n                if value:\n                    return value\n            except self._ignored_exceptions as exc:\n                screen = getattr(exc, \"screen\", None)\n                stacktrace = getattr(exc, \"stacktrace\", None)\n            time.sleep(self._poll)\n            if time.monotonic() > end_time:\n                break\n>       raise TimeoutException(message, screen, stacktrace)\nE       selenium.common.exceptions.TimeoutException: Message: \nE       Stacktrace:\nE       #0 0x55c9f815d8da <unknown>\nE       #1 0x55c9f7e2be50 <unknown>\nE       #2 0x55c9f7e7b644 <unknown>\nE       #3 0x55c9f7e7b931 <unknown>\nE       #4 0x55c9f7ec1534 <unknown>\nE       #5 0x55c9f7ea04bd <unknown>\nE       #6 0x55c9f7ebe9c6 <unknown>\nE       #7 0x55c9f7ea0233 <unknown>\nE       #8 0x55c9f7e6e093 <unknown>\nE       #9 0x55c9f7e6f09e <unknown>\nE       #10 0x55c9f8124b3b <unknown>\nE       #11 0x55c9f8128af1 <unknown>\nE       #12 0x55c9f8110705 <unknown>\nE       #13 0x55c9f8129662 <unknown>\nE       #14 0x55c9f80f58df <unknown>\nE       #15 0x55c9f814c6d8 <unknown>\nE       #16 0x55c9f814c8a2 <unknown>\nE       #17 0x55c9f815c6cc <unknown>\nE       #18 0x7fd510294ac3 <unknown>\n\n/opt/hostedtoolcache/Python/3.10.14/x64/lib/python3.10/site-packages/selenium/webdriver/support/wait.py:105: TimeoutException","flaky":false,"newFailed":false,"newBroken":false,"newPassed":false,"retriesCount":0,"retriesStatusChange":false,"beforeStages":[{"name":"_xunit_setup_method_fixture_TestProgmusix","time":{"start":1726044499599,"stop":1726044501495,"duration":1896},"status":"passed","steps":[],"attachments":[],"parameters":[],"attachmentsCount":0,"hasContent":false,"attachmentStep":false,"stepsCount":0,"shouldDisplayMessage":false}],"afterStages":[{"name":"_xunit_setup_method_fixture_TestProgmusix::0","time":{"start":1726044552081,"stop":1726044552081,"duration":0},"status":"passed","steps":[],"attachments":[],"parameters":[],"attachmentsCount":0,"hasContent":false,"attachmentStep":false,"stepsCount":0,"shouldDisplayMessage":false}],"labels":[{"name":"tag","value":"order(1)"},{"name":"suite","value":"test_ProgMusix"},{"name":"subSuite","value":"TestProgmusix"},{"name":"host","value":"fv-az1361-440"},{"name":"thread","value":"3004-MainThread"},{"name":"framework","value":"pytest"},{"name":"language","value":"cpython3"},{"name":"package","value":"test_ProgMusix"},{"name":"resultFormat","value":"allure2"}],"parameters":[],"links":[],"hidden":false,"retry":false,"extra":{"severity":"normal","retries":[],"categories":[{"name":"Test defects","matchedStatuses":[],"flaky":false}],"tags":["order(1)"]},"source":"443fd4e53afb45a1.json","parameterValues":[]}