{"uid":"8198c7d007c9ae20","name":"test_regtest","fullName":"test_pm.TestProgmusix#test_regtest","historyId":"b4f92fa6c66ecf78e4f673644132b5a9","time":{"start":1726001615113,"stop":1726001625577,"duration":10464},"status":"broken","statusMessage":"selenium.common.exceptions.TimeoutException: Message: \nStacktrace:\n#0 0x5586db8d78da <unknown>\n#1 0x5586db5a5e50 <unknown>\n#2 0x5586db5f5644 <unknown>\n#3 0x5586db5f5931 <unknown>\n#4 0x5586db63b534 <unknown>\n#5 0x5586db61a4bd <unknown>\n#6 0x5586db6389c6 <unknown>\n#7 0x5586db61a233 <unknown>\n#8 0x5586db5e8093 <unknown>\n#9 0x5586db5e909e <unknown>\n#10 0x5586db89eb3b <unknown>\n#11 0x5586db8a2af1 <unknown>\n#12 0x5586db88a705 <unknown>\n#13 0x5586db8a3662 <unknown>\n#14 0x5586db86f8df <unknown>\n#15 0x5586db8c66d8 <unknown>\n#16 0x5586db8c68a2 <unknown>\n#17 0x5586db8d66cc <unknown>\n#18 0x7fe9a0694ac3 <unknown>","statusTrace":"self = <test_pm.TestProgmusix object at 0x7f0c1c7e0dc0>\n\n    def test_regtest(self):\n>       self.page.registration()\n\ntest_pm.py:14: \n_ _ _ _ _ _ _ _ _ _ _ _ _ _ _ _ _ _ _ _ _ _ _ _ _ _ _ _ _ _ _ _ _ _ _ _ _ _ _ _ \nProgMusix/page_model.py:265: in registration\n    self.create_page_btn_try().click()\nProgMusix/page_model.py:664: in create_page_btn_try\n    return self.wait_for_element_to_be_clickable('create_account')\nProgMusix/page_model.py:660: in wait_for_element_to_be_clickable\n    return WebDriverWait(self.browser, timeout).until(EC.element_to_be_clickable((By.CLASS_NAME, class_name)))\n_ _ _ _ _ _ _ _ _ _ _ _ _ _ _ _ _ _ _ _ _ _ _ _ _ _ _ _ _ _ _ _ _ _ _ _ _ _ _ _ \n\nself = <selenium.webdriver.support.wait.WebDriverWait (session=\"c0083b7c50256029975a22e46d0b9d72\")>\nmethod = <function element_to_be_clickable.<locals>._predicate at 0x7f0c1d799630>\nmessage = ''\n\n    def until(self, method: Callable[[D], Union[Literal[False], T]], message: str = \"\") -> T:\n        \"\"\"Calls the method provided with the driver as an argument until the \\\n        return value does not evaluate to ``False``.\n    \n        :param method: callable(WebDriver)\n        :param message: optional message for :exc:`TimeoutException`\n        :returns: the result of the last call to `method`\n        :raises: :exc:`selenium.common.exceptions.TimeoutException` if timeout occurs\n        \"\"\"\n        screen = None\n        stacktrace = None\n    \n        end_time = time.monotonic() + self._timeout\n        while True:\n            try:\n                value = method(self._driver)\n                if value:\n                    return value\n            except self._ignored_exceptions as exc:\n                screen = getattr(exc, \"screen\", None)\n                stacktrace = getattr(exc, \"stacktrace\", None)\n            time.sleep(self._poll)\n            if time.monotonic() > end_time:\n                break\n>       raise TimeoutException(message, screen, stacktrace)\nE       selenium.common.exceptions.TimeoutException: Message: \nE       Stacktrace:\nE       #0 0x5586db8d78da <unknown>\nE       #1 0x5586db5a5e50 <unknown>\nE       #2 0x5586db5f5644 <unknown>\nE       #3 0x5586db5f5931 <unknown>\nE       #4 0x5586db63b534 <unknown>\nE       #5 0x5586db61a4bd <unknown>\nE       #6 0x5586db6389c6 <unknown>\nE       #7 0x5586db61a233 <unknown>\nE       #8 0x5586db5e8093 <unknown>\nE       #9 0x5586db5e909e <unknown>\nE       #10 0x5586db89eb3b <unknown>\nE       #11 0x5586db8a2af1 <unknown>\nE       #12 0x5586db88a705 <unknown>\nE       #13 0x5586db8a3662 <unknown>\nE       #14 0x5586db86f8df <unknown>\nE       #15 0x5586db8c66d8 <unknown>\nE       #16 0x5586db8c68a2 <unknown>\nE       #17 0x5586db8d66cc <unknown>\nE       #18 0x7fe9a0694ac3 <unknown>\n\n/opt/hostedtoolcache/Python/3.10.14/x64/lib/python3.10/site-packages/selenium/webdriver/support/wait.py:105: TimeoutException","flaky":false,"newFailed":false,"newBroken":false,"newPassed":false,"retriesCount":0,"retriesStatusChange":false,"beforeStages":[{"name":"_xunit_setup_method_fixture_TestProgmusix","time":{"start":1726001612991,"stop":1726001615112,"duration":2121},"status":"passed","steps":[],"attachments":[],"parameters":[],"shouldDisplayMessage":false,"stepsCount":0,"attachmentsCount":0,"hasContent":false,"attachmentStep":false}],"afterStages":[{"name":"_xunit_setup_method_fixture_TestProgmusix::0","time":{"start":1726001625684,"stop":1726001625684,"duration":0},"status":"passed","steps":[],"attachments":[],"parameters":[],"shouldDisplayMessage":false,"stepsCount":0,"attachmentsCount":0,"hasContent":false,"attachmentStep":false}],"labels":[{"name":"suite","value":"test_pm"},{"name":"subSuite","value":"TestProgmusix"},{"name":"host","value":"fv-az1528-414"},{"name":"thread","value":"3058-MainThread"},{"name":"framework","value":"pytest"},{"name":"language","value":"cpython3"},{"name":"package","value":"test_pm"},{"name":"resultFormat","value":"allure2"}],"parameters":[],"links":[],"hidden":false,"retry":false,"extra":{"severity":"normal","retries":[],"categories":[{"name":"Test defects","matchedStatuses":[],"flaky":false}],"tags":[]},"source":"8198c7d007c9ae20.json","parameterValues":[]}