{"uid":"e8e37889443f6b32","name":"test_regtest","fullName":"test_pm.TestProgmusix#test_regtest","historyId":"b4f92fa6c66ecf78e4f673644132b5a9","time":{"start":1726043274811,"stop":1726043285246,"duration":10435},"status":"broken","statusMessage":"selenium.common.exceptions.TimeoutException: Message: \nStacktrace:\n#0 0x558297b0d8da <unknown>\n#1 0x5582977dbe50 <unknown>\n#2 0x55829782b644 <unknown>\n#3 0x55829782b931 <unknown>\n#4 0x558297871534 <unknown>\n#5 0x5582978504bd <unknown>\n#6 0x55829786e9c6 <unknown>\n#7 0x558297850233 <unknown>\n#8 0x55829781e093 <unknown>\n#9 0x55829781f09e <unknown>\n#10 0x558297ad4b3b <unknown>\n#11 0x558297ad8af1 <unknown>\n#12 0x558297ac0705 <unknown>\n#13 0x558297ad9662 <unknown>\n#14 0x558297aa58df <unknown>\n#15 0x558297afc6d8 <unknown>\n#16 0x558297afc8a2 <unknown>\n#17 0x558297b0c6cc <unknown>\n#18 0x7ff3c5e94ac3 <unknown>","statusTrace":"self = <test_pm.TestProgmusix object at 0x7f7ec45cce50>\n\n    def test_regtest(self):\n>       self.page.registration()\n\ntest_pm.py:14: \n_ _ _ _ _ _ _ _ _ _ _ _ _ _ _ _ _ _ _ _ _ _ _ _ _ _ _ _ _ _ _ _ _ _ _ _ _ _ _ _ \nProgMusix/page_model.py:265: in registration\n    self.create_page_btn_try().click()\nProgMusix/page_model.py:664: in create_page_btn_try\n    return self.wait_for_element_to_be_clickable('create_account')\nProgMusix/page_model.py:660: in wait_for_element_to_be_clickable\n    return WebDriverWait(self.browser, timeout).until(EC.element_to_be_clickable((By.CLASS_NAME, class_name)))\n_ _ _ _ _ _ _ _ _ _ _ _ _ _ _ _ _ _ _ _ _ _ _ _ _ _ _ _ _ _ _ _ _ _ _ _ _ _ _ _ \n\nself = <selenium.webdriver.support.wait.WebDriverWait (session=\"7a454bc9acea4082a7b21b1d19dbc256\")>\nmethod = <function element_to_be_clickable.<locals>._predicate at 0x7f7ec5591630>\nmessage = ''\n\n    def until(self, method: Callable[[D], Union[Literal[False], T]], message: str = \"\") -> T:\n        \"\"\"Calls the method provided with the driver as an argument until the \\\n        return value does not evaluate to ``False``.\n    \n        :param method: callable(WebDriver)\n        :param message: optional message for :exc:`TimeoutException`\n        :returns: the result of the last call to `method`\n        :raises: :exc:`selenium.common.exceptions.TimeoutException` if timeout occurs\n        \"\"\"\n        screen = None\n        stacktrace = None\n    \n        end_time = time.monotonic() + self._timeout\n        while True:\n            try:\n                value = method(self._driver)\n                if value:\n                    return value\n            except self._ignored_exceptions as exc:\n                screen = getattr(exc, \"screen\", None)\n                stacktrace = getattr(exc, \"stacktrace\", None)\n            time.sleep(self._poll)\n            if time.monotonic() > end_time:\n                break\n>       raise TimeoutException(message, screen, stacktrace)\nE       selenium.common.exceptions.TimeoutException: Message: \nE       Stacktrace:\nE       #0 0x558297b0d8da <unknown>\nE       #1 0x5582977dbe50 <unknown>\nE       #2 0x55829782b644 <unknown>\nE       #3 0x55829782b931 <unknown>\nE       #4 0x558297871534 <unknown>\nE       #5 0x5582978504bd <unknown>\nE       #6 0x55829786e9c6 <unknown>\nE       #7 0x558297850233 <unknown>\nE       #8 0x55829781e093 <unknown>\nE       #9 0x55829781f09e <unknown>\nE       #10 0x558297ad4b3b <unknown>\nE       #11 0x558297ad8af1 <unknown>\nE       #12 0x558297ac0705 <unknown>\nE       #13 0x558297ad9662 <unknown>\nE       #14 0x558297aa58df <unknown>\nE       #15 0x558297afc6d8 <unknown>\nE       #16 0x558297afc8a2 <unknown>\nE       #17 0x558297b0c6cc <unknown>\nE       #18 0x7ff3c5e94ac3 <unknown>\n\n/opt/hostedtoolcache/Python/3.10.14/x64/lib/python3.10/site-packages/selenium/webdriver/support/wait.py:105: TimeoutException","flaky":false,"newFailed":false,"newBroken":false,"newPassed":false,"retriesCount":0,"retriesStatusChange":false,"beforeStages":[{"name":"_xunit_setup_method_fixture_TestProgmusix","time":{"start":1726043272590,"stop":1726043274810,"duration":2220},"status":"passed","steps":[],"attachments":[],"parameters":[],"attachmentsCount":0,"attachmentStep":false,"hasContent":false,"shouldDisplayMessage":false,"stepsCount":0}],"afterStages":[{"name":"_xunit_setup_method_fixture_TestProgmusix::0","time":{"start":1726043285397,"stop":1726043285397,"duration":0},"status":"passed","steps":[],"attachments":[],"parameters":[],"attachmentsCount":0,"attachmentStep":false,"hasContent":false,"shouldDisplayMessage":false,"stepsCount":0}],"labels":[{"name":"suite","value":"test_pm"},{"name":"subSuite","value":"TestProgmusix"},{"name":"host","value":"fv-az1412-198"},{"name":"thread","value":"3071-MainThread"},{"name":"framework","value":"pytest"},{"name":"language","value":"cpython3"},{"name":"package","value":"test_pm"},{"name":"resultFormat","value":"allure2"}],"parameters":[],"links":[],"hidden":false,"retry":false,"extra":{"severity":"normal","retries":[],"categories":[{"name":"Test defects","matchedStatuses":[],"flaky":false}],"tags":[]},"source":"e8e37889443f6b32.json","parameterValues":[]}