{"uid":"afcb87d82c6f817c","name":"test_paying","fullName":"test_ProgMusix.TestProgmusix#test_paying","historyId":"f83dd1e30486b0875c70cb546b58a679","time":{"start":1725721917608,"stop":1725721937942,"duration":20334},"status":"broken","statusMessage":"selenium.common.exceptions.TimeoutException: Message: \nStacktrace:\n#0 0x562945c178da <unknown>\n#1 0x5629458e5e50 <unknown>\n#2 0x562945935644 <unknown>\n#3 0x562945935931 <unknown>\n#4 0x56294597b534 <unknown>\n#5 0x56294595a4bd <unknown>\n#6 0x5629459789c6 <unknown>\n#7 0x56294595a233 <unknown>\n#8 0x562945928093 <unknown>\n#9 0x56294592909e <unknown>\n#10 0x562945bdeb3b <unknown>\n#11 0x562945be2af1 <unknown>\n#12 0x562945bca705 <unknown>\n#13 0x562945be3662 <unknown>\n#14 0x562945baf8df <unknown>\n#15 0x562945c066d8 <unknown>\n#16 0x562945c068a2 <unknown>\n#17 0x562945c166cc <unknown>\n#18 0x7fa44bc94ac3 <unknown>","statusTrace":"self = <test_ProgMusix.TestProgmusix object at 0x7f256df11b10>\n\n    def test_paying(self):\n        #Login\n        self.page.login_method_p()\n        #Kosárba helyezés:\n        self.page.purchase_random_method()\n        # Fizetés\n>       self.page.paying_method()\n\ntest_ProgMusix.py:119: \n_ _ _ _ _ _ _ _ _ _ _ _ _ _ _ _ _ _ _ _ _ _ _ _ _ _ _ _ _ _ _ _ _ _ _ _ _ _ _ _ \nProgMusix/page_model.py:396: in paying_method\n    self.input_username().send_keys(TESTDATA['username_p'])\nProgMusix/page_model.py:520: in input_username\n    return WebDriverWait(self.browser, 15).until(\n_ _ _ _ _ _ _ _ _ _ _ _ _ _ _ _ _ _ _ _ _ _ _ _ _ _ _ _ _ _ _ _ _ _ _ _ _ _ _ _ \n\nself = <selenium.webdriver.support.wait.WebDriverWait (session=\"8e48b33d66175aedf97f791ff8b4501d\")>\nmethod = <function visibility_of_element_located.<locals>._predicate at 0x7f256d5c8f70>\nmessage = ''\n\n    def until(self, method: Callable[[D], Union[Literal[False], T]], message: str = \"\") -> T:\n        \"\"\"Calls the method provided with the driver as an argument until the \\\n        return value does not evaluate to ``False``.\n    \n        :param method: callable(WebDriver)\n        :param message: optional message for :exc:`TimeoutException`\n        :returns: the result of the last call to `method`\n        :raises: :exc:`selenium.common.exceptions.TimeoutException` if timeout occurs\n        \"\"\"\n        screen = None\n        stacktrace = None\n    \n        end_time = time.monotonic() + self._timeout\n        while True:\n            try:\n                value = method(self._driver)\n                if value:\n                    return value\n            except self._ignored_exceptions as exc:\n                screen = getattr(exc, \"screen\", None)\n                stacktrace = getattr(exc, \"stacktrace\", None)\n            time.sleep(self._poll)\n            if time.monotonic() > end_time:\n                break\n>       raise TimeoutException(message, screen, stacktrace)\nE       selenium.common.exceptions.TimeoutException: Message: \nE       Stacktrace:\nE       #0 0x562945c178da <unknown>\nE       #1 0x5629458e5e50 <unknown>\nE       #2 0x562945935644 <unknown>\nE       #3 0x562945935931 <unknown>\nE       #4 0x56294597b534 <unknown>\nE       #5 0x56294595a4bd <unknown>\nE       #6 0x5629459789c6 <unknown>\nE       #7 0x56294595a233 <unknown>\nE       #8 0x562945928093 <unknown>\nE       #9 0x56294592909e <unknown>\nE       #10 0x562945bdeb3b <unknown>\nE       #11 0x562945be2af1 <unknown>\nE       #12 0x562945bca705 <unknown>\nE       #13 0x562945be3662 <unknown>\nE       #14 0x562945baf8df <unknown>\nE       #15 0x562945c066d8 <unknown>\nE       #16 0x562945c068a2 <unknown>\nE       #17 0x562945c166cc <unknown>\nE       #18 0x7fa44bc94ac3 <unknown>\n\n/opt/hostedtoolcache/Python/3.10.14/x64/lib/python3.10/site-packages/selenium/webdriver/support/wait.py:105: TimeoutException","flaky":false,"newFailed":false,"newBroken":false,"newPassed":false,"retriesCount":0,"retriesStatusChange":false,"beforeStages":[{"name":"_xunit_setup_method_fixture_TestProgmusix","time":{"start":1725721917034,"stop":1725721917607,"duration":573},"status":"passed","steps":[],"attachments":[],"parameters":[],"shouldDisplayMessage":false,"stepsCount":0,"attachmentsCount":0,"hasContent":false,"attachmentStep":false}],"afterStages":[{"name":"_xunit_setup_method_fixture_TestProgmusix::0","time":{"start":1725721937962,"stop":1725721938073,"duration":111},"status":"passed","steps":[],"attachments":[],"parameters":[],"shouldDisplayMessage":false,"stepsCount":0,"attachmentsCount":0,"hasContent":false,"attachmentStep":false}],"labels":[{"name":"suite","value":"test_ProgMusix"},{"name":"subSuite","value":"TestProgmusix"},{"name":"host","value":"fv-az735-752"},{"name":"thread","value":"3204-MainThread"},{"name":"framework","value":"pytest"},{"name":"language","value":"cpython3"},{"name":"package","value":"test_ProgMusix"},{"name":"resultFormat","value":"allure2"}],"parameters":[],"links":[],"hidden":false,"retry":false,"extra":{"severity":"normal","retries":[],"categories":[{"name":"Test defects","matchedStatuses":[],"flaky":false}],"tags":[]},"source":"afcb87d82c6f817c.json","parameterValues":[]}