{"uid":"4c878a5786be5675","name":"test_regtest","fullName":"test_ProgMusix.TestProgmusix#test_regtest","historyId":"b67b4280f52c4e5d3b830068a7aadd65","time":{"start":1725893569195,"stop":1725893622601,"duration":53406},"status":"broken","statusMessage":"selenium.common.exceptions.TimeoutException: Message: \nStacktrace:\n#0 0x556453b318da <unknown>\n#1 0x5564537ffe50 <unknown>\n#2 0x55645384f644 <unknown>\n#3 0x55645384f931 <unknown>\n#4 0x556453895534 <unknown>\n#5 0x5564538744bd <unknown>\n#6 0x5564538929c6 <unknown>\n#7 0x556453874233 <unknown>\n#8 0x556453842093 <unknown>\n#9 0x55645384309e <unknown>\n#10 0x556453af8b3b <unknown>\n#11 0x556453afcaf1 <unknown>\n#12 0x556453ae4705 <unknown>\n#13 0x556453afd662 <unknown>\n#14 0x556453ac98df <unknown>\n#15 0x556453b206d8 <unknown>\n#16 0x556453b208a2 <unknown>\n#17 0x556453b306cc <unknown>\n#18 0x7fe025a94ac3 <unknown>","statusTrace":"self = <test_ProgMusix.TestProgmusix object at 0x7fa46aa24cd0>\n\n    @pytest.mark.order(1)\n    def test_regtest(self):\n>       self.page.registration()\n\ntest_ProgMusix.py:29: \n_ _ _ _ _ _ _ _ _ _ _ _ _ _ _ _ _ _ _ _ _ _ _ _ _ _ _ _ _ _ _ _ _ _ _ _ _ _ _ _ \nProgMusix/page_model.py:265: in registration\n    self.create_page_btn().click()\nProgMusix/page_model.py:78: in create_page_btn\n    return WebDriverWait(self.browser, 50).until(EC.visibility_of_element_located((By.CSS_SELECTOR, '.create_account')))\n_ _ _ _ _ _ _ _ _ _ _ _ _ _ _ _ _ _ _ _ _ _ _ _ _ _ _ _ _ _ _ _ _ _ _ _ _ _ _ _ \n\nself = <selenium.webdriver.support.wait.WebDriverWait (session=\"d6fe65f0c190883238d797754a3ce7f9\")>\nmethod = <function visibility_of_element_located.<locals>._predicate at 0x7fa46b7a5630>\nmessage = ''\n\n    def until(self, method: Callable[[D], Union[Literal[False], T]], message: str = \"\") -> T:\n        \"\"\"Calls the method provided with the driver as an argument until the \\\n        return value does not evaluate to ``False``.\n    \n        :param method: callable(WebDriver)\n        :param message: optional message for :exc:`TimeoutException`\n        :returns: the result of the last call to `method`\n        :raises: :exc:`selenium.common.exceptions.TimeoutException` if timeout occurs\n        \"\"\"\n        screen = None\n        stacktrace = None\n    \n        end_time = time.monotonic() + self._timeout\n        while True:\n            try:\n                value = method(self._driver)\n                if value:\n                    return value\n            except self._ignored_exceptions as exc:\n                screen = getattr(exc, \"screen\", None)\n                stacktrace = getattr(exc, \"stacktrace\", None)\n            time.sleep(self._poll)\n            if time.monotonic() > end_time:\n                break\n>       raise TimeoutException(message, screen, stacktrace)\nE       selenium.common.exceptions.TimeoutException: Message: \nE       Stacktrace:\nE       #0 0x556453b318da <unknown>\nE       #1 0x5564537ffe50 <unknown>\nE       #2 0x55645384f644 <unknown>\nE       #3 0x55645384f931 <unknown>\nE       #4 0x556453895534 <unknown>\nE       #5 0x5564538744bd <unknown>\nE       #6 0x5564538929c6 <unknown>\nE       #7 0x556453874233 <unknown>\nE       #8 0x556453842093 <unknown>\nE       #9 0x55645384309e <unknown>\nE       #10 0x556453af8b3b <unknown>\nE       #11 0x556453afcaf1 <unknown>\nE       #12 0x556453ae4705 <unknown>\nE       #13 0x556453afd662 <unknown>\nE       #14 0x556453ac98df <unknown>\nE       #15 0x556453b206d8 <unknown>\nE       #16 0x556453b208a2 <unknown>\nE       #17 0x556453b306cc <unknown>\nE       #18 0x7fe025a94ac3 <unknown>\n\n/opt/hostedtoolcache/Python/3.10.14/x64/lib/python3.10/site-packages/selenium/webdriver/support/wait.py:105: TimeoutException","flaky":false,"newFailed":false,"newBroken":false,"newPassed":false,"retriesCount":0,"retriesStatusChange":false,"beforeStages":[{"name":"_xunit_setup_method_fixture_TestProgmusix","time":{"start":1725893568092,"stop":1725893569194,"duration":1102},"status":"passed","steps":[],"attachments":[],"parameters":[],"shouldDisplayMessage":false,"stepsCount":0,"attachmentsCount":0,"hasContent":false,"attachmentStep":false}],"afterStages":[{"name":"_xunit_setup_method_fixture_TestProgmusix::0","time":{"start":1725893622652,"stop":1725893622652,"duration":0},"status":"passed","steps":[],"attachments":[],"parameters":[],"shouldDisplayMessage":false,"stepsCount":0,"attachmentsCount":0,"hasContent":false,"attachmentStep":false}],"labels":[{"name":"tag","value":"order(1)"},{"name":"suite","value":"test_ProgMusix"},{"name":"subSuite","value":"TestProgmusix"},{"name":"host","value":"fv-az1532-294"},{"name":"thread","value":"3243-MainThread"},{"name":"framework","value":"pytest"},{"name":"language","value":"cpython3"},{"name":"package","value":"test_ProgMusix"},{"name":"resultFormat","value":"allure2"}],"parameters":[],"links":[],"hidden":false,"retry":false,"extra":{"severity":"normal","retries":[],"categories":[{"name":"Test defects","matchedStatuses":[],"flaky":false}],"tags":["order(1)"]},"source":"4c878a5786be5675.json","parameterValues":[]}