{"uid":"cefc1b8eafd2b230","name":"test_registration","fullName":"test_ProgMusix.TestProgmusix#test_registration","historyId":"a63dea985cc83311e478e3aff68ad806","time":{"start":1725787129551,"stop":1725787179938,"duration":50387},"status":"broken","statusMessage":"selenium.common.exceptions.TimeoutException: Message: \nStacktrace:\n#0 0x55b17c0b58da <unknown>\n#1 0x55b17bd83e50 <unknown>\n#2 0x55b17bdd3644 <unknown>\n#3 0x55b17bdd3931 <unknown>\n#4 0x55b17be19534 <unknown>\n#5 0x55b17bdf84bd <unknown>\n#6 0x55b17be169c6 <unknown>\n#7 0x55b17bdf8233 <unknown>\n#8 0x55b17bdc6093 <unknown>\n#9 0x55b17bdc709e <unknown>\n#10 0x55b17c07cb3b <unknown>\n#11 0x55b17c080af1 <unknown>\n#12 0x55b17c068705 <unknown>\n#13 0x55b17c081662 <unknown>\n#14 0x55b17c04d8df <unknown>\n#15 0x55b17c0a46d8 <unknown>\n#16 0x55b17c0a48a2 <unknown>\n#17 0x55b17c0b46cc <unknown>\n#18 0x7fab6fc94ac3 <unknown>","statusTrace":"self = <test_ProgMusix.TestProgmusix object at 0x7f2eca1007c0>\n\n    def test_registration(self):\n>       self.page.registration_method()\n\ntest_ProgMusix.py:17: \n_ _ _ _ _ _ _ _ _ _ _ _ _ _ _ _ _ _ _ _ _ _ _ _ _ _ _ _ _ _ _ _ _ _ _ _ _ _ _ _ \nProgMusix/page_model.py:257: in registration_method\n    self.create_page_btn().click()\nProgMusix/page_model.py:78: in create_page_btn\n    return WebDriverWait(self.browser, 50).until(\n_ _ _ _ _ _ _ _ _ _ _ _ _ _ _ _ _ _ _ _ _ _ _ _ _ _ _ _ _ _ _ _ _ _ _ _ _ _ _ _ \n\nself = <selenium.webdriver.support.wait.WebDriverWait (session=\"828bdfc7eee01fdf3687cc2e92234e5b\")>\nmethod = <function visibility_of_element_located.<locals>._predicate at 0x7f2ecb1952d0>\nmessage = ''\n\n    def until(self, method: Callable[[D], Union[Literal[False], T]], message: str = \"\") -> T:\n        \"\"\"Calls the method provided with the driver as an argument until the \\\n        return value does not evaluate to ``False``.\n    \n        :param method: callable(WebDriver)\n        :param message: optional message for :exc:`TimeoutException`\n        :returns: the result of the last call to `method`\n        :raises: :exc:`selenium.common.exceptions.TimeoutException` if timeout occurs\n        \"\"\"\n        screen = None\n        stacktrace = None\n    \n        end_time = time.monotonic() + self._timeout\n        while True:\n            try:\n                value = method(self._driver)\n                if value:\n                    return value\n            except self._ignored_exceptions as exc:\n                screen = getattr(exc, \"screen\", None)\n                stacktrace = getattr(exc, \"stacktrace\", None)\n            time.sleep(self._poll)\n            if time.monotonic() > end_time:\n                break\n>       raise TimeoutException(message, screen, stacktrace)\nE       selenium.common.exceptions.TimeoutException: Message: \nE       Stacktrace:\nE       #0 0x55b17c0b58da <unknown>\nE       #1 0x55b17bd83e50 <unknown>\nE       #2 0x55b17bdd3644 <unknown>\nE       #3 0x55b17bdd3931 <unknown>\nE       #4 0x55b17be19534 <unknown>\nE       #5 0x55b17bdf84bd <unknown>\nE       #6 0x55b17be169c6 <unknown>\nE       #7 0x55b17bdf8233 <unknown>\nE       #8 0x55b17bdc6093 <unknown>\nE       #9 0x55b17bdc709e <unknown>\nE       #10 0x55b17c07cb3b <unknown>\nE       #11 0x55b17c080af1 <unknown>\nE       #12 0x55b17c068705 <unknown>\nE       #13 0x55b17c081662 <unknown>\nE       #14 0x55b17c04d8df <unknown>\nE       #15 0x55b17c0a46d8 <unknown>\nE       #16 0x55b17c0a48a2 <unknown>\nE       #17 0x55b17c0b46cc <unknown>\nE       #18 0x7fab6fc94ac3 <unknown>\n\n/opt/hostedtoolcache/Python/3.10.14/x64/lib/python3.10/site-packages/selenium/webdriver/support/wait.py:105: TimeoutException","flaky":false,"newFailed":false,"newBroken":false,"newPassed":false,"retriesCount":0,"retriesStatusChange":false,"beforeStages":[{"name":"_xunit_setup_method_fixture_TestProgmusix","time":{"start":1725787128432,"stop":1725787129550,"duration":1118},"status":"passed","steps":[],"attachments":[],"parameters":[],"shouldDisplayMessage":false,"stepsCount":0,"attachmentsCount":0,"hasContent":false,"attachmentStep":false}],"afterStages":[{"name":"_xunit_setup_method_fixture_TestProgmusix::0","time":{"start":1725787179989,"stop":1725787180100,"duration":111},"status":"passed","steps":[],"attachments":[],"parameters":[],"shouldDisplayMessage":false,"stepsCount":0,"attachmentsCount":0,"hasContent":false,"attachmentStep":false}],"labels":[{"name":"suite","value":"test_ProgMusix"},{"name":"subSuite","value":"TestProgmusix"},{"name":"host","value":"fv-az1240-166"},{"name":"thread","value":"3146-MainThread"},{"name":"framework","value":"pytest"},{"name":"language","value":"cpython3"},{"name":"package","value":"test_ProgMusix"},{"name":"resultFormat","value":"allure2"}],"parameters":[],"links":[],"hidden":false,"retry":false,"extra":{"severity":"normal","retries":[],"categories":[{"name":"Test defects","matchedStatuses":[],"flaky":false}],"tags":[]},"source":"cefc1b8eafd2b230.json","parameterValues":[]}