{"uid":"b6b395face0984b9","name":"test_contact","fullName":"test_progmusix.TestProgmusix#test_contact","historyId":"b5dce28c82d19d1a9dd51e40aa11eb9f","time":{"start":1725024619399,"stop":1725024620484,"duration":1085},"status":"broken","statusMessage":"TypeError: argument of type 'NoneType' is not iterable","statusTrace":"self = <test_progmusix.TestProgmusix object at 0x7f3e8f704220>\n\n    def test_contact(self):\n        self.page.contact_btn().click()\n        self.page.map_icon().click()\n        #Megjelenik-e a cím, ha rákattint a helyzetjelző ikonra:\n        assert TESTDATA['address'] in self.page.address()\n        self.page.contact_name().send_keys(TESTDATA['contact_name'])\n        self.page.contact_email().send_keys(TESTDATA['contact_email'])\n        self.page.contact_field().send_keys(TESTDATA['contact_field'])\n        self.page.contact_send_btm().click()\n        #Egyezik, megjelenik az adatbázisban a beírt név, email cím, üzenet szövege:\n>       assert TESTDATA['contact_email'] and TESTDATA['contact_field'] and TESTDATA['contact_name'] in self.page.last_msg_sql()\nE       TypeError: argument of type 'NoneType' is not iterable\n\ntest_progmusix.py:46: TypeError","flaky":false,"newFailed":false,"newBroken":false,"newPassed":false,"retriesCount":4,"retriesStatusChange":true,"beforeStages":[{"name":"_xunit_setup_method_fixture_TestProgmusix","time":{"start":1725024618846,"stop":1725024619398,"duration":552},"status":"passed","steps":[],"attachments":[],"parameters":[],"shouldDisplayMessage":false,"stepsCount":0,"attachmentsCount":0,"hasContent":false,"attachmentStep":false}],"afterStages":[{"name":"_xunit_setup_method_fixture_TestProgmusix::0","time":{"start":1725024620564,"stop":1725024620675,"duration":111},"status":"passed","steps":[],"attachments":[],"parameters":[],"shouldDisplayMessage":false,"stepsCount":0,"attachmentsCount":0,"hasContent":false,"attachmentStep":false}],"labels":[{"name":"suite","value":"test_progmusix"},{"name":"subSuite","value":"TestProgmusix"},{"name":"host","value":"fv-az1242-772"},{"name":"thread","value":"3666-MainThread"},{"name":"framework","value":"pytest"},{"name":"language","value":"cpython3"},{"name":"package","value":"test_progmusix"},{"name":"resultFormat","value":"allure2"}],"parameters":[],"links":[],"hidden":false,"retry":false,"extra":{"severity":"normal","retries":[{"uid":"21a9f689d753efa2","status":"passed","time":{"start":1724855020487,"stop":1724855021299,"duration":812}},{"uid":"962b2c98a3bfe5a6","status":"broken","statusDetails":"selenium.common.exceptions.WebDriverException: Message: unknown error: net::ERR_CONNECTION_REFUSED\n  (Session info: chrome-headless-shell=127.0.6533.122)\nStacktrace:\n\tGetHandleVerifier [0x00007FF6722A9642+30946]\n\t(No symbol) [0x00007FF67225E3D9]\n\t(No symbol) [0x00007FF672156FDA]\n\t(No symbol) [0x00007FF67214F0B5]\n\t(No symbol) [0x00007FF6721401E9]\n\t(No symbol) [0x00007FF672141D62]\n\t(No symbol) [0x00007FF6721404CE]\n\t(No symbol) [0x00007FF67213FD41]\n\t(No symbol) [0x00007FF67213FC80]\n\t(No symbol) [0x00007FF67213DE84]\n\t(No symbol) [0x00007FF67213E29C]\n\t(No symbol) [0x00007FF67215A041]\n\t(No symbol) [0x00007FF6721EBA2E]\n\t(No symbol) [0x00007FF6721CCA6A]\n\t(No symbol) [0x00007FF6721EB041]\n\t(No symbol) [0x00007FF6721CC813]\n\t(No symbol) [0x00007FF67219A6E5]\n\t(No symbol) [0x00007FF67219B021]\n\tGetHandleVerifier [0x00007FF6723DF84D+1301229]\n\tGetHandleVerifier [0x00007FF6723EBDC7+1351783]\n\tGetHandleVerifier [0x00007FF6723E2A13+1313971]\n\tGetHandleVerifier [0x00007FF6722DDD16+245686]\n\t(No symbol) [0x00007FF67226759F]\n\t(No symbol) [0x00007FF672263814]\n\t(No symbol) [0x00007FF6722639A2]\n\t(No symbol) [0x00007FF67225A3FF]\n\tBaseThreadInitThunk [0x00007FFBA625257D+29]\n\tRtlUserThreadStart [0x00007FFBA6EEAF28+40]","time":{"start":1724854938528,"stop":1724854938528,"duration":0}},{"uid":"51ca5d135bb61310","status":"passed","time":{"start":1724698231208,"stop":1724698232909,"duration":1701}},{"uid":"f0e681aea648d494","status":"broken","statusDetails":"selenium.common.exceptions.ElementNotInteractableException: Message: element not interactable\n  (Session info: chrome-headless-shell=127.0.6533.122)\nStacktrace:\n\tGetHandleVerifier [0x00007FF7E13C9642+30946]\n\t(No symbol) [0x00007FF7E137E3D9]\n\t(No symbol) [0x00007FF7E1276E09]\n\t(No symbol) [0x00007FF7E12C9712]\n\t(No symbol) [0x00007FF7E12BC271]\n\t(No symbol) [0x00007FF7E12ECA6A]\n\t(No symbol) [0x00007FF7E12BBBB6]\n\t(No symbol) [0x00007FF7E12ECC80]\n\t(No symbol) [0x00007FF7E130B041]\n\t(No symbol) [0x00007FF7E12EC813]\n\t(No symbol) [0x00007FF7E12BA6E5]\n\t(No symbol) [0x00007FF7E12BB021]\n\tGetHandleVerifier [0x00007FF7E14FF84D+1301229]\n\tGetHandleVerifier [0x00007FF7E150BDC7+1351783]\n\tGetHandleVerifier [0x00007FF7E1502A13+1313971]\n\tGetHandleVerifier [0x00007FF7E13FDD16+245686]\n\t(No symbol) [0x00007FF7E138759F]\n\t(No symbol) [0x00007FF7E1383814]\n\t(No symbol) [0x00007FF7E13839A2]\n\t(No symbol) [0x00007FF7E137A3FF]\n\tBaseThreadInitThunk [0x00007FFBA625257D+29]\n\tRtlUserThreadStart [0x00007FFBA6EEAF28+40]","time":{"start":1724698151004,"stop":1724698151023,"duration":19}}],"categories":[{"name":"Test defects","matchedStatuses":[],"flaky":false}],"tags":[]},"source":"b6b395face0984b9.json","parameterValues":[]}