{"uid":"bcd38c522f78827d","name":"test_registration","fullName":"test_ProgMusix.TestProgmusix#test_registration","historyId":"a63dea985cc83311e478e3aff68ad806","time":{"start":1725787921387,"stop":1725787971851,"duration":50464},"status":"broken","statusMessage":"selenium.common.exceptions.TimeoutException: Message: \nStacktrace:\n#0 0x55a2fd1398da <unknown>\n#1 0x55a2fce07e50 <unknown>\n#2 0x55a2fce57644 <unknown>\n#3 0x55a2fce57931 <unknown>\n#4 0x55a2fce9d534 <unknown>\n#5 0x55a2fce7c4bd <unknown>\n#6 0x55a2fce9a9c6 <unknown>\n#7 0x55a2fce7c233 <unknown>\n#8 0x55a2fce4a093 <unknown>\n#9 0x55a2fce4b09e <unknown>\n#10 0x55a2fd100b3b <unknown>\n#11 0x55a2fd104af1 <unknown>\n#12 0x55a2fd0ec705 <unknown>\n#13 0x55a2fd105662 <unknown>\n#14 0x55a2fd0d18df <unknown>\n#15 0x55a2fd1286d8 <unknown>\n#16 0x55a2fd1288a2 <unknown>\n#17 0x55a2fd1386cc <unknown>\n#18 0x7fe635694ac3 <unknown>","statusTrace":"self = <test_ProgMusix.TestProgmusix object at 0x7fa369f10730>\n\n    def test_registration(self):\n>       self.page.registration_method()\n\ntest_ProgMusix.py:17: \n_ _ _ _ _ _ _ _ _ _ _ _ _ _ _ _ _ _ _ _ _ _ _ _ _ _ _ _ _ _ _ _ _ _ _ _ _ _ _ _ \nProgMusix/page_model.py:257: in registration_method\n    self.create_page_btn().click()\nProgMusix/page_model.py:78: in create_page_btn\n    return WebDriverWait(self.browser, 50).until(\n_ _ _ _ _ _ _ _ _ _ _ _ _ _ _ _ _ _ _ _ _ _ _ _ _ _ _ _ _ _ _ _ _ _ _ _ _ _ _ _ \n\nself = <selenium.webdriver.support.wait.WebDriverWait (session=\"aa44138fcff075b5719356e2553f2956\")>\nmethod = <function visibility_of_element_located.<locals>._predicate at 0x7fa36a58d2d0>\nmessage = ''\n\n    def until(self, method: Callable[[D], Union[Literal[False], T]], message: str = \"\") -> T:\n        \"\"\"Calls the method provided with the driver as an argument until the \\\n        return value does not evaluate to ``False``.\n    \n        :param method: callable(WebDriver)\n        :param message: optional message for :exc:`TimeoutException`\n        :returns: the result of the last call to `method`\n        :raises: :exc:`selenium.common.exceptions.TimeoutException` if timeout occurs\n        \"\"\"\n        screen = None\n        stacktrace = None\n    \n        end_time = time.monotonic() + self._timeout\n        while True:\n            try:\n                value = method(self._driver)\n                if value:\n                    return value\n            except self._ignored_exceptions as exc:\n                screen = getattr(exc, \"screen\", None)\n                stacktrace = getattr(exc, \"stacktrace\", None)\n            time.sleep(self._poll)\n            if time.monotonic() > end_time:\n                break\n>       raise TimeoutException(message, screen, stacktrace)\nE       selenium.common.exceptions.TimeoutException: Message: \nE       Stacktrace:\nE       #0 0x55a2fd1398da <unknown>\nE       #1 0x55a2fce07e50 <unknown>\nE       #2 0x55a2fce57644 <unknown>\nE       #3 0x55a2fce57931 <unknown>\nE       #4 0x55a2fce9d534 <unknown>\nE       #5 0x55a2fce7c4bd <unknown>\nE       #6 0x55a2fce9a9c6 <unknown>\nE       #7 0x55a2fce7c233 <unknown>\nE       #8 0x55a2fce4a093 <unknown>\nE       #9 0x55a2fce4b09e <unknown>\nE       #10 0x55a2fd100b3b <unknown>\nE       #11 0x55a2fd104af1 <unknown>\nE       #12 0x55a2fd0ec705 <unknown>\nE       #13 0x55a2fd105662 <unknown>\nE       #14 0x55a2fd0d18df <unknown>\nE       #15 0x55a2fd1286d8 <unknown>\nE       #16 0x55a2fd1288a2 <unknown>\nE       #17 0x55a2fd1386cc <unknown>\nE       #18 0x7fe635694ac3 <unknown>\n\n/opt/hostedtoolcache/Python/3.10.14/x64/lib/python3.10/site-packages/selenium/webdriver/support/wait.py:105: TimeoutException","flaky":false,"newFailed":false,"newBroken":false,"newPassed":false,"retriesCount":0,"retriesStatusChange":false,"beforeStages":[{"name":"_xunit_setup_method_fixture_TestProgmusix","time":{"start":1725787912928,"stop":1725787921386,"duration":8458},"status":"passed","steps":[],"attachments":[],"parameters":[],"shouldDisplayMessage":false,"stepsCount":0,"attachmentsCount":0,"hasContent":false,"attachmentStep":false}],"afterStages":[{"name":"_xunit_setup_method_fixture_TestProgmusix::0","time":{"start":1725787971906,"stop":1725787972016,"duration":110},"status":"passed","steps":[],"attachments":[],"parameters":[],"shouldDisplayMessage":false,"stepsCount":0,"attachmentsCount":0,"hasContent":false,"attachmentStep":false}],"labels":[{"name":"suite","value":"test_ProgMusix"},{"name":"subSuite","value":"TestProgmusix"},{"name":"host","value":"fv-az1532-294"},{"name":"thread","value":"3337-MainThread"},{"name":"framework","value":"pytest"},{"name":"language","value":"cpython3"},{"name":"package","value":"test_ProgMusix"},{"name":"resultFormat","value":"allure2"}],"parameters":[],"links":[],"hidden":false,"retry":false,"extra":{"severity":"normal","retries":[],"categories":[{"name":"Test defects","matchedStatuses":[],"flaky":false}],"tags":[]},"source":"bcd38c522f78827d.json","parameterValues":[]}