{"uid":"93f36afd8b72a6a3","name":"test_paying","fullName":"test_ProgMusix.TestProgmusix#test_paying","historyId":"f83dd1e30486b0875c70cb546b58a679","time":{"start":1725633039482,"stop":1725633059895,"duration":20413},"status":"broken","statusMessage":"selenium.common.exceptions.TimeoutException: Message: \nStacktrace:\n#0 0x55e3451038da <unknown>\n#1 0x55e344dd1e50 <unknown>\n#2 0x55e344e21644 <unknown>\n#3 0x55e344e21931 <unknown>\n#4 0x55e344e67534 <unknown>\n#5 0x55e344e464bd <unknown>\n#6 0x55e344e649c6 <unknown>\n#7 0x55e344e46233 <unknown>\n#8 0x55e344e14093 <unknown>\n#9 0x55e344e1509e <unknown>\n#10 0x55e3450cab3b <unknown>\n#11 0x55e3450ceaf1 <unknown>\n#12 0x55e3450b6705 <unknown>\n#13 0x55e3450cf662 <unknown>\n#14 0x55e34509b8df <unknown>\n#15 0x55e3450f26d8 <unknown>\n#16 0x55e3450f28a2 <unknown>\n#17 0x55e3451026cc <unknown>\n#18 0x7fa10ce94ac3 <unknown>","statusTrace":"self = <test_ProgMusix.TestProgmusix object at 0x7fecbd021a50>\n\n    def test_paying(self):\n        #Login\n        self.page.login_method_p()\n        #Kosárba helyezés:\n        self.page.purchase_random_method()\n        # Fizetés\n>       self.page.paying_method()\n\ntest_ProgMusix.py:119: \n_ _ _ _ _ _ _ _ _ _ _ _ _ _ _ _ _ _ _ _ _ _ _ _ _ _ _ _ _ _ _ _ _ _ _ _ _ _ _ _ \nProgMusix/page_model.py:381: in paying_method\n    self.btn_step2().click()\nProgMusix/page_model.py:543: in btn_step2\n    return WebDriverWait(self.browser, 15).until(\n_ _ _ _ _ _ _ _ _ _ _ _ _ _ _ _ _ _ _ _ _ _ _ _ _ _ _ _ _ _ _ _ _ _ _ _ _ _ _ _ \n\nself = <selenium.webdriver.support.wait.WebDriverWait (session=\"1d4aa2ae2ca8a0caa2a595596071b538\")>\nmethod = <function visibility_of_element_located.<locals>._predicate at 0x7fecbd0ec8b0>\nmessage = ''\n\n    def until(self, method: Callable[[D], Union[Literal[False], T]], message: str = \"\") -> T:\n        \"\"\"Calls the method provided with the driver as an argument until the \\\n        return value does not evaluate to ``False``.\n    \n        :param method: callable(WebDriver)\n        :param message: optional message for :exc:`TimeoutException`\n        :returns: the result of the last call to `method`\n        :raises: :exc:`selenium.common.exceptions.TimeoutException` if timeout occurs\n        \"\"\"\n        screen = None\n        stacktrace = None\n    \n        end_time = time.monotonic() + self._timeout\n        while True:\n            try:\n                value = method(self._driver)\n                if value:\n                    return value\n            except self._ignored_exceptions as exc:\n                screen = getattr(exc, \"screen\", None)\n                stacktrace = getattr(exc, \"stacktrace\", None)\n            time.sleep(self._poll)\n            if time.monotonic() > end_time:\n                break\n>       raise TimeoutException(message, screen, stacktrace)\nE       selenium.common.exceptions.TimeoutException: Message: \nE       Stacktrace:\nE       #0 0x55e3451038da <unknown>\nE       #1 0x55e344dd1e50 <unknown>\nE       #2 0x55e344e21644 <unknown>\nE       #3 0x55e344e21931 <unknown>\nE       #4 0x55e344e67534 <unknown>\nE       #5 0x55e344e464bd <unknown>\nE       #6 0x55e344e649c6 <unknown>\nE       #7 0x55e344e46233 <unknown>\nE       #8 0x55e344e14093 <unknown>\nE       #9 0x55e344e1509e <unknown>\nE       #10 0x55e3450cab3b <unknown>\nE       #11 0x55e3450ceaf1 <unknown>\nE       #12 0x55e3450b6705 <unknown>\nE       #13 0x55e3450cf662 <unknown>\nE       #14 0x55e34509b8df <unknown>\nE       #15 0x55e3450f26d8 <unknown>\nE       #16 0x55e3450f28a2 <unknown>\nE       #17 0x55e3451026cc <unknown>\nE       #18 0x7fa10ce94ac3 <unknown>\n\n/opt/hostedtoolcache/Python/3.10.14/x64/lib/python3.10/site-packages/selenium/webdriver/support/wait.py:105: TimeoutException","flaky":false,"newFailed":false,"newBroken":false,"newPassed":false,"retriesCount":0,"retriesStatusChange":false,"beforeStages":[{"name":"_xunit_setup_method_fixture_TestProgmusix","time":{"start":1725633038790,"stop":1725633039481,"duration":691},"status":"passed","steps":[],"attachments":[],"parameters":[],"shouldDisplayMessage":false,"stepsCount":0,"attachmentsCount":0,"hasContent":false,"attachmentStep":false}],"afterStages":[{"name":"_xunit_setup_method_fixture_TestProgmusix::0","time":{"start":1725633059915,"stop":1725633059915,"duration":0},"status":"passed","steps":[],"attachments":[],"parameters":[],"shouldDisplayMessage":false,"stepsCount":0,"attachmentsCount":0,"hasContent":false,"attachmentStep":false}],"labels":[{"name":"suite","value":"test_ProgMusix"},{"name":"subSuite","value":"TestProgmusix"},{"name":"host","value":"fv-az692-847"},{"name":"thread","value":"3142-MainThread"},{"name":"framework","value":"pytest"},{"name":"language","value":"cpython3"},{"name":"package","value":"test_ProgMusix"},{"name":"resultFormat","value":"allure2"}],"parameters":[],"links":[],"hidden":false,"retry":false,"extra":{"severity":"normal","retries":[],"categories":[{"name":"Test defects","matchedStatuses":[],"flaky":false}],"tags":[]},"source":"93f36afd8b72a6a3.json","parameterValues":[]}