{"uid":"2ef16be6bbb65e3c","name":"test_registration","fullName":"test_ProgMusix.TestProgmusix#test_registration","historyId":"a63dea985cc83311e478e3aff68ad806","time":{"start":1725790559104,"stop":1725790609605,"duration":50501},"status":"broken","statusMessage":"selenium.common.exceptions.TimeoutException: Message: \nStacktrace:\n#0 0x55c2745c98da <unknown>\n#1 0x55c274297e50 <unknown>\n#2 0x55c2742e7644 <unknown>\n#3 0x55c2742e7931 <unknown>\n#4 0x55c27432d534 <unknown>\n#5 0x55c27430c4bd <unknown>\n#6 0x55c27432a9c6 <unknown>\n#7 0x55c27430c233 <unknown>\n#8 0x55c2742da093 <unknown>\n#9 0x55c2742db09e <unknown>\n#10 0x55c274590b3b <unknown>\n#11 0x55c274594af1 <unknown>\n#12 0x55c27457c705 <unknown>\n#13 0x55c274595662 <unknown>\n#14 0x55c2745618df <unknown>\n#15 0x55c2745b86d8 <unknown>\n#16 0x55c2745b88a2 <unknown>\n#17 0x55c2745c86cc <unknown>\n#18 0x7fab2ba94ac3 <unknown>","statusTrace":"self = <test_ProgMusix.TestProgmusix object at 0x7f47669c07f0>\n\n    def test_registration(self):\n>       self.page.registration_method()\n\ntest_ProgMusix.py:17: \n_ _ _ _ _ _ _ _ _ _ _ _ _ _ _ _ _ _ _ _ _ _ _ _ _ _ _ _ _ _ _ _ _ _ _ _ _ _ _ _ \nProgMusix/page_model.py:257: in registration_method\n    self.create_page_btn().click()\nProgMusix/page_model.py:78: in create_page_btn\n    return WebDriverWait(self.browser, 50).until(\n_ _ _ _ _ _ _ _ _ _ _ _ _ _ _ _ _ _ _ _ _ _ _ _ _ _ _ _ _ _ _ _ _ _ _ _ _ _ _ _ \n\nself = <selenium.webdriver.support.wait.WebDriverWait (session=\"802bc229ec1c9f22cbb63aa83c2dbc84\")>\nmethod = <function visibility_of_element_located.<locals>._predicate at 0x7f47671952d0>\nmessage = ''\n\n    def until(self, method: Callable[[D], Union[Literal[False], T]], message: str = \"\") -> T:\n        \"\"\"Calls the method provided with the driver as an argument until the \\\n        return value does not evaluate to ``False``.\n    \n        :param method: callable(WebDriver)\n        :param message: optional message for :exc:`TimeoutException`\n        :returns: the result of the last call to `method`\n        :raises: :exc:`selenium.common.exceptions.TimeoutException` if timeout occurs\n        \"\"\"\n        screen = None\n        stacktrace = None\n    \n        end_time = time.monotonic() + self._timeout\n        while True:\n            try:\n                value = method(self._driver)\n                if value:\n                    return value\n            except self._ignored_exceptions as exc:\n                screen = getattr(exc, \"screen\", None)\n                stacktrace = getattr(exc, \"stacktrace\", None)\n            time.sleep(self._poll)\n            if time.monotonic() > end_time:\n                break\n>       raise TimeoutException(message, screen, stacktrace)\nE       selenium.common.exceptions.TimeoutException: Message: \nE       Stacktrace:\nE       #0 0x55c2745c98da <unknown>\nE       #1 0x55c274297e50 <unknown>\nE       #2 0x55c2742e7644 <unknown>\nE       #3 0x55c2742e7931 <unknown>\nE       #4 0x55c27432d534 <unknown>\nE       #5 0x55c27430c4bd <unknown>\nE       #6 0x55c27432a9c6 <unknown>\nE       #7 0x55c27430c233 <unknown>\nE       #8 0x55c2742da093 <unknown>\nE       #9 0x55c2742db09e <unknown>\nE       #10 0x55c274590b3b <unknown>\nE       #11 0x55c274594af1 <unknown>\nE       #12 0x55c27457c705 <unknown>\nE       #13 0x55c274595662 <unknown>\nE       #14 0x55c2745618df <unknown>\nE       #15 0x55c2745b86d8 <unknown>\nE       #16 0x55c2745b88a2 <unknown>\nE       #17 0x55c2745c86cc <unknown>\nE       #18 0x7fab2ba94ac3 <unknown>\n\n/opt/hostedtoolcache/Python/3.10.14/x64/lib/python3.10/site-packages/selenium/webdriver/support/wait.py:105: TimeoutException","flaky":false,"newFailed":false,"newBroken":false,"newPassed":false,"retriesCount":0,"retriesStatusChange":false,"beforeStages":[{"name":"_xunit_setup_method_fixture_TestProgmusix","time":{"start":1725790557034,"stop":1725790559104,"duration":2070},"status":"passed","steps":[],"attachments":[],"parameters":[],"shouldDisplayMessage":false,"stepsCount":0,"attachmentsCount":0,"hasContent":false,"attachmentStep":false}],"afterStages":[{"name":"_xunit_setup_method_fixture_TestProgmusix::0","time":{"start":1725790609657,"stop":1725790609768,"duration":111},"status":"passed","steps":[],"attachments":[],"parameters":[],"shouldDisplayMessage":false,"stepsCount":0,"attachmentsCount":0,"hasContent":false,"attachmentStep":false}],"labels":[{"name":"suite","value":"test_ProgMusix"},{"name":"subSuite","value":"TestProgmusix"},{"name":"host","value":"fv-az840-454"},{"name":"thread","value":"3254-MainThread"},{"name":"framework","value":"pytest"},{"name":"language","value":"cpython3"},{"name":"package","value":"test_ProgMusix"},{"name":"resultFormat","value":"allure2"}],"parameters":[],"links":[],"hidden":false,"retry":false,"extra":{"severity":"normal","retries":[],"categories":[{"name":"Test defects","matchedStatuses":[],"flaky":false}],"tags":[]},"source":"2ef16be6bbb65e3c.json","parameterValues":[]}