{"uid":"a3caadc01268ef50","name":"test_regtest","fullName":"test_ProgMusix.TestProgmusix#test_regtest","historyId":"b67b4280f52c4e5d3b830068a7aadd65","time":{"start":1725988431459,"stop":1725988481938,"duration":50479},"status":"broken","statusMessage":"selenium.common.exceptions.TimeoutException: Message: \nStacktrace:\n#0 0x55d602c6e86a <unknown>\n#1 0x55d60293ce50 <unknown>\n#2 0x55d60298c644 <unknown>\n#3 0x55d60298c931 <unknown>\n#4 0x55d6029d2534 <unknown>\n#5 0x55d6029b14bd <unknown>\n#6 0x55d6029cf9c6 <unknown>\n#7 0x55d6029b1233 <unknown>\n#8 0x55d60297f093 <unknown>\n#9 0x55d60298009e <unknown>\n#10 0x55d602c35acb <unknown>\n#11 0x55d602c39a81 <unknown>\n#12 0x55d602c21695 <unknown>\n#13 0x55d602c3a5f2 <unknown>\n#14 0x55d602c0686f <unknown>\n#15 0x55d602c5d668 <unknown>\n#16 0x55d602c5d832 <unknown>\n#17 0x55d602c6d65c <unknown>\n#18 0x7f22d7e94ac3 <unknown>","statusTrace":"self = <test_ProgMusix.TestProgmusix object at 0x7f3af5710cd0>\n\n    @pytest.mark.order(1)\n    def test_regtest(self):\n>       self.page.registration()\n\ntest_ProgMusix.py:29: \n_ _ _ _ _ _ _ _ _ _ _ _ _ _ _ _ _ _ _ _ _ _ _ _ _ _ _ _ _ _ _ _ _ _ _ _ _ _ _ _ \nProgMusix/page_model.py:265: in registration\n    self.create_page_btn().click()\nProgMusix/page_model.py:79: in create_page_btn\n    return WebDriverWait(self.browser, 50).until(EC.visibility_of_element_located((By.CLASS_NAME, 'create_account')))\n_ _ _ _ _ _ _ _ _ _ _ _ _ _ _ _ _ _ _ _ _ _ _ _ _ _ _ _ _ _ _ _ _ _ _ _ _ _ _ _ \n\nself = <selenium.webdriver.support.wait.WebDriverWait (session=\"023f3f1b99983997d18343476ffb6b6e\")>\nmethod = <function visibility_of_element_located.<locals>._predicate at 0x7f3af6d91630>\nmessage = ''\n\n    def until(self, method: Callable[[D], Union[Literal[False], T]], message: str = \"\") -> T:\n        \"\"\"Calls the method provided with the driver as an argument until the \\\n        return value does not evaluate to ``False``.\n    \n        :param method: callable(WebDriver)\n        :param message: optional message for :exc:`TimeoutException`\n        :returns: the result of the last call to `method`\n        :raises: :exc:`selenium.common.exceptions.TimeoutException` if timeout occurs\n        \"\"\"\n        screen = None\n        stacktrace = None\n    \n        end_time = time.monotonic() + self._timeout\n        while True:\n            try:\n                value = method(self._driver)\n                if value:\n                    return value\n            except self._ignored_exceptions as exc:\n                screen = getattr(exc, \"screen\", None)\n                stacktrace = getattr(exc, \"stacktrace\", None)\n            time.sleep(self._poll)\n            if time.monotonic() > end_time:\n                break\n>       raise TimeoutException(message, screen, stacktrace)\nE       selenium.common.exceptions.TimeoutException: Message: \nE       Stacktrace:\nE       #0 0x55d602c6e86a <unknown>\nE       #1 0x55d60293ce50 <unknown>\nE       #2 0x55d60298c644 <unknown>\nE       #3 0x55d60298c931 <unknown>\nE       #4 0x55d6029d2534 <unknown>\nE       #5 0x55d6029b14bd <unknown>\nE       #6 0x55d6029cf9c6 <unknown>\nE       #7 0x55d6029b1233 <unknown>\nE       #8 0x55d60297f093 <unknown>\nE       #9 0x55d60298009e <unknown>\nE       #10 0x55d602c35acb <unknown>\nE       #11 0x55d602c39a81 <unknown>\nE       #12 0x55d602c21695 <unknown>\nE       #13 0x55d602c3a5f2 <unknown>\nE       #14 0x55d602c0686f <unknown>\nE       #15 0x55d602c5d668 <unknown>\nE       #16 0x55d602c5d832 <unknown>\nE       #17 0x55d602c6d65c <unknown>\nE       #18 0x7f22d7e94ac3 <unknown>\n\n/opt/hostedtoolcache/Python/3.10.14/x64/lib/python3.10/site-packages/selenium/webdriver/support/wait.py:105: TimeoutException","flaky":false,"newFailed":false,"newBroken":false,"newPassed":false,"retriesCount":0,"retriesStatusChange":false,"beforeStages":[{"name":"_xunit_setup_method_fixture_TestProgmusix","time":{"start":1725988430383,"stop":1725988431458,"duration":1075},"status":"passed","steps":[],"attachments":[],"parameters":[],"shouldDisplayMessage":false,"stepsCount":0,"attachmentsCount":0,"hasContent":false,"attachmentStep":false}],"afterStages":[{"name":"_xunit_setup_method_fixture_TestProgmusix::0","time":{"start":1725988481994,"stop":1725988481994,"duration":0},"status":"passed","steps":[],"attachments":[],"parameters":[],"shouldDisplayMessage":false,"stepsCount":0,"attachmentsCount":0,"hasContent":false,"attachmentStep":false}],"labels":[{"name":"tag","value":"order(1)"},{"name":"suite","value":"test_ProgMusix"},{"name":"subSuite","value":"TestProgmusix"},{"name":"host","value":"fv-az891-783"},{"name":"thread","value":"3250-MainThread"},{"name":"framework","value":"pytest"},{"name":"language","value":"cpython3"},{"name":"package","value":"test_ProgMusix"},{"name":"resultFormat","value":"allure2"}],"parameters":[],"links":[],"hidden":false,"retry":false,"extra":{"severity":"normal","retries":[],"categories":[{"name":"Test defects","matchedStatuses":[],"flaky":false}],"tags":["order(1)"]},"source":"a3caadc01268ef50.json","parameterValues":[]}