{"uid":"104c7dc0c06a3dc8","name":"test_paying","fullName":"test_ProgMusix.TestProgmusix#test_paying","historyId":"f83dd1e30486b0875c70cb546b58a679","time":{"start":1725991179431,"stop":1725991200460,"duration":21029},"status":"broken","statusMessage":"selenium.common.exceptions.TimeoutException: Message: \nStacktrace:\n#0 0x5641de68c8da <unknown>\n#1 0x5641de35ae50 <unknown>\n#2 0x5641de3aa644 <unknown>\n#3 0x5641de3aa931 <unknown>\n#4 0x5641de3f0534 <unknown>\n#5 0x5641de3cf4bd <unknown>\n#6 0x5641de3ed9c6 <unknown>\n#7 0x5641de3cf233 <unknown>\n#8 0x5641de39d093 <unknown>\n#9 0x5641de39e09e <unknown>\n#10 0x5641de653b3b <unknown>\n#11 0x5641de657af1 <unknown>\n#12 0x5641de63f705 <unknown>\n#13 0x5641de658662 <unknown>\n#14 0x5641de6248df <unknown>\n#15 0x5641de67b6d8 <unknown>\n#16 0x5641de67b8a2 <unknown>\n#17 0x5641de68b6cc <unknown>\n#18 0x7f064dc94ac3 <unknown>","statusTrace":"self = <test_ProgMusix.TestProgmusix object at 0x7fa2b6f12680>\n\n    @pytest.mark.order(-1)\n    def test_paying(self):\n        #Login\n        self.page.login_method_p()\n        # self.page.purchase_random_method()\n>       self.page.paying_method()\n\ntest_ProgMusix.py:132: \n_ _ _ _ _ _ _ _ _ _ _ _ _ _ _ _ _ _ _ _ _ _ _ _ _ _ _ _ _ _ _ _ _ _ _ _ _ _ _ _ \nProgMusix/page_model.py:403: in paying_method\n    self.input_username().send_keys(TESTDATA['username_p'])\nProgMusix/page_model.py:527: in input_username\n    return WebDriverWait(self.browser, 15).until(\n_ _ _ _ _ _ _ _ _ _ _ _ _ _ _ _ _ _ _ _ _ _ _ _ _ _ _ _ _ _ _ _ _ _ _ _ _ _ _ _ \n\nself = <selenium.webdriver.support.wait.WebDriverWait (session=\"3d717c1d1a6877b946d4fcbc6139ff5d\")>\nmethod = <function visibility_of_element_located.<locals>._predicate at 0x7fa2b6fd1b40>\nmessage = ''\n\n    def until(self, method: Callable[[D], Union[Literal[False], T]], message: str = \"\") -> T:\n        \"\"\"Calls the method provided with the driver as an argument until the \\\n        return value does not evaluate to ``False``.\n    \n        :param method: callable(WebDriver)\n        :param message: optional message for :exc:`TimeoutException`\n        :returns: the result of the last call to `method`\n        :raises: :exc:`selenium.common.exceptions.TimeoutException` if timeout occurs\n        \"\"\"\n        screen = None\n        stacktrace = None\n    \n        end_time = time.monotonic() + self._timeout\n        while True:\n            try:\n                value = method(self._driver)\n                if value:\n                    return value\n            except self._ignored_exceptions as exc:\n                screen = getattr(exc, \"screen\", None)\n                stacktrace = getattr(exc, \"stacktrace\", None)\n            time.sleep(self._poll)\n            if time.monotonic() > end_time:\n                break\n>       raise TimeoutException(message, screen, stacktrace)\nE       selenium.common.exceptions.TimeoutException: Message: \nE       Stacktrace:\nE       #0 0x5641de68c8da <unknown>\nE       #1 0x5641de35ae50 <unknown>\nE       #2 0x5641de3aa644 <unknown>\nE       #3 0x5641de3aa931 <unknown>\nE       #4 0x5641de3f0534 <unknown>\nE       #5 0x5641de3cf4bd <unknown>\nE       #6 0x5641de3ed9c6 <unknown>\nE       #7 0x5641de3cf233 <unknown>\nE       #8 0x5641de39d093 <unknown>\nE       #9 0x5641de39e09e <unknown>\nE       #10 0x5641de653b3b <unknown>\nE       #11 0x5641de657af1 <unknown>\nE       #12 0x5641de63f705 <unknown>\nE       #13 0x5641de658662 <unknown>\nE       #14 0x5641de6248df <unknown>\nE       #15 0x5641de67b6d8 <unknown>\nE       #16 0x5641de67b8a2 <unknown>\nE       #17 0x5641de68b6cc <unknown>\nE       #18 0x7f064dc94ac3 <unknown>\n\n/opt/hostedtoolcache/Python/3.10.14/x64/lib/python3.10/site-packages/selenium/webdriver/support/wait.py:105: TimeoutException","flaky":false,"newFailed":false,"newBroken":false,"newPassed":false,"retriesCount":0,"retriesStatusChange":false,"beforeStages":[{"name":"_xunit_setup_method_fixture_TestProgmusix","time":{"start":1725991178605,"stop":1725991179431,"duration":826},"status":"passed","steps":[],"attachments":[],"parameters":[],"stepsCount":0,"shouldDisplayMessage":false,"hasContent":false,"attachmentStep":false,"attachmentsCount":0}],"afterStages":[{"name":"_xunit_setup_method_fixture_TestProgmusix::0","time":{"start":1725991200482,"stop":1725991200482,"duration":0},"status":"passed","steps":[],"attachments":[],"parameters":[],"stepsCount":0,"shouldDisplayMessage":false,"hasContent":false,"attachmentStep":false,"attachmentsCount":0}],"labels":[{"name":"tag","value":"order(-1)"},{"name":"suite","value":"test_ProgMusix"},{"name":"subSuite","value":"TestProgmusix"},{"name":"host","value":"fv-az1809-960"},{"name":"thread","value":"3062-MainThread"},{"name":"framework","value":"pytest"},{"name":"language","value":"cpython3"},{"name":"package","value":"test_ProgMusix"},{"name":"resultFormat","value":"allure2"}],"parameters":[],"links":[],"hidden":false,"retry":false,"extra":{"severity":"normal","retries":[],"categories":[{"name":"Test defects","matchedStatuses":[],"flaky":false}],"tags":["order(-1)"]},"source":"104c7dc0c06a3dc8.json","parameterValues":[]}