{"uid":"26c4b7d8ad223f5b","name":"test_regtest","fullName":"test_ProgMusix.TestProgmusix#test_regtest","historyId":"b67b4280f52c4e5d3b830068a7aadd65","time":{"start":1725991104835,"stop":1725991115274,"duration":10439},"status":"broken","statusMessage":"selenium.common.exceptions.TimeoutException: Message: \nStacktrace:\n#0 0x55bf963a78da <unknown>\n#1 0x55bf96075e50 <unknown>\n#2 0x55bf960c5644 <unknown>\n#3 0x55bf960c5931 <unknown>\n#4 0x55bf9610b534 <unknown>\n#5 0x55bf960ea4bd <unknown>\n#6 0x55bf961089c6 <unknown>\n#7 0x55bf960ea233 <unknown>\n#8 0x55bf960b8093 <unknown>\n#9 0x55bf960b909e <unknown>\n#10 0x55bf9636eb3b <unknown>\n#11 0x55bf96372af1 <unknown>\n#12 0x55bf9635a705 <unknown>\n#13 0x55bf96373662 <unknown>\n#14 0x55bf9633f8df <unknown>\n#15 0x55bf963966d8 <unknown>\n#16 0x55bf963968a2 <unknown>\n#17 0x55bf963a66cc <unknown>\n#18 0x7fe270294ac3 <unknown>","statusTrace":"self = <test_ProgMusix.TestProgmusix object at 0x7fa2b6f10f40>\n\n    @pytest.mark.order(1)\n    def test_regtest(self):\n>       self.page.registration()\n\ntest_ProgMusix.py:29: \n_ _ _ _ _ _ _ _ _ _ _ _ _ _ _ _ _ _ _ _ _ _ _ _ _ _ _ _ _ _ _ _ _ _ _ _ _ _ _ _ \nProgMusix/page_model.py:265: in registration\n    self.create_page_btn_try().click()\nProgMusix/page_model.py:664: in create_page_btn_try\n    return self.wait_for_element_to_be_clickable('create_account')\nProgMusix/page_model.py:660: in wait_for_element_to_be_clickable\n    return WebDriverWait(self.browser, timeout).until(EC.element_to_be_clickable((By.CLASS_NAME, class_name)))\n_ _ _ _ _ _ _ _ _ _ _ _ _ _ _ _ _ _ _ _ _ _ _ _ _ _ _ _ _ _ _ _ _ _ _ _ _ _ _ _ \n\nself = <selenium.webdriver.support.wait.WebDriverWait (session=\"2b65ac102a1d935224ee8720e804b706\")>\nmethod = <function element_to_be_clickable.<locals>._predicate at 0x7fa2b8561630>\nmessage = ''\n\n    def until(self, method: Callable[[D], Union[Literal[False], T]], message: str = \"\") -> T:\n        \"\"\"Calls the method provided with the driver as an argument until the \\\n        return value does not evaluate to ``False``.\n    \n        :param method: callable(WebDriver)\n        :param message: optional message for :exc:`TimeoutException`\n        :returns: the result of the last call to `method`\n        :raises: :exc:`selenium.common.exceptions.TimeoutException` if timeout occurs\n        \"\"\"\n        screen = None\n        stacktrace = None\n    \n        end_time = time.monotonic() + self._timeout\n        while True:\n            try:\n                value = method(self._driver)\n                if value:\n                    return value\n            except self._ignored_exceptions as exc:\n                screen = getattr(exc, \"screen\", None)\n                stacktrace = getattr(exc, \"stacktrace\", None)\n            time.sleep(self._poll)\n            if time.monotonic() > end_time:\n                break\n>       raise TimeoutException(message, screen, stacktrace)\nE       selenium.common.exceptions.TimeoutException: Message: \nE       Stacktrace:\nE       #0 0x55bf963a78da <unknown>\nE       #1 0x55bf96075e50 <unknown>\nE       #2 0x55bf960c5644 <unknown>\nE       #3 0x55bf960c5931 <unknown>\nE       #4 0x55bf9610b534 <unknown>\nE       #5 0x55bf960ea4bd <unknown>\nE       #6 0x55bf961089c6 <unknown>\nE       #7 0x55bf960ea233 <unknown>\nE       #8 0x55bf960b8093 <unknown>\nE       #9 0x55bf960b909e <unknown>\nE       #10 0x55bf9636eb3b <unknown>\nE       #11 0x55bf96372af1 <unknown>\nE       #12 0x55bf9635a705 <unknown>\nE       #13 0x55bf96373662 <unknown>\nE       #14 0x55bf9633f8df <unknown>\nE       #15 0x55bf963966d8 <unknown>\nE       #16 0x55bf963968a2 <unknown>\nE       #17 0x55bf963a66cc <unknown>\nE       #18 0x7fe270294ac3 <unknown>\n\n/opt/hostedtoolcache/Python/3.10.14/x64/lib/python3.10/site-packages/selenium/webdriver/support/wait.py:105: TimeoutException","flaky":false,"newFailed":false,"newBroken":false,"newPassed":false,"retriesCount":0,"retriesStatusChange":false,"beforeStages":[{"name":"_xunit_setup_method_fixture_TestProgmusix","time":{"start":1725991103250,"stop":1725991104834,"duration":1584},"status":"passed","steps":[],"attachments":[],"parameters":[],"stepsCount":0,"shouldDisplayMessage":false,"hasContent":false,"attachmentStep":false,"attachmentsCount":0}],"afterStages":[{"name":"_xunit_setup_method_fixture_TestProgmusix::0","time":{"start":1725991115344,"stop":1725991115344,"duration":0},"status":"passed","steps":[],"attachments":[],"parameters":[],"stepsCount":0,"shouldDisplayMessage":false,"hasContent":false,"attachmentStep":false,"attachmentsCount":0}],"labels":[{"name":"tag","value":"order(1)"},{"name":"suite","value":"test_ProgMusix"},{"name":"subSuite","value":"TestProgmusix"},{"name":"host","value":"fv-az1809-960"},{"name":"thread","value":"3062-MainThread"},{"name":"framework","value":"pytest"},{"name":"language","value":"cpython3"},{"name":"package","value":"test_ProgMusix"},{"name":"resultFormat","value":"allure2"}],"parameters":[],"links":[],"hidden":false,"retry":false,"extra":{"severity":"normal","retries":[],"categories":[{"name":"Test defects","matchedStatuses":[],"flaky":false}],"tags":["order(1)"]},"source":"26c4b7d8ad223f5b.json","parameterValues":[]}