{"uid":"c06d474d41f88ba1","name":"test_registration","fullName":"test_ProgMusix.TestProgmusix#test_registration","historyId":"a63dea985cc83311e478e3aff68ad806","time":{"start":1725793965233,"stop":1725794020780,"duration":55547},"status":"broken","statusMessage":"selenium.common.exceptions.TimeoutException: Message: \nStacktrace:\n#0 0x55d93536a8da <unknown>\n#1 0x55d935038e50 <unknown>\n#2 0x55d935088644 <unknown>\n#3 0x55d935088931 <unknown>\n#4 0x55d9350ce534 <unknown>\n#5 0x55d9350ad4bd <unknown>\n#6 0x55d9350cb9c6 <unknown>\n#7 0x55d9350ad233 <unknown>\n#8 0x55d93507b093 <unknown>\n#9 0x55d93507c09e <unknown>\n#10 0x55d935331b3b <unknown>\n#11 0x55d935335af1 <unknown>\n#12 0x55d93531d705 <unknown>\n#13 0x55d935336662 <unknown>\n#14 0x55d9353028df <unknown>\n#15 0x55d9353596d8 <unknown>\n#16 0x55d9353598a2 <unknown>\n#17 0x55d9353696cc <unknown>\n#18 0x7f3072094ac3 <unknown>","statusTrace":"self = <test_ProgMusix.TestProgmusix object at 0x7f3e49620850>\n\n    def test_registration(self):\n>       self.page.registration_method()\n\ntest_ProgMusix.py:17: \n_ _ _ _ _ _ _ _ _ _ _ _ _ _ _ _ _ _ _ _ _ _ _ _ _ _ _ _ _ _ _ _ _ _ _ _ _ _ _ _ \nProgMusix/page_model.py:260: in registration_method\n    self.email().send_keys(TESTDATA['email_p'])\nProgMusix/page_model.py:81: in email\n    return WebDriverWait(self.browser, 5).until(EC.visibility_of_element_located((By.ID, 'mat-input-2')))\n_ _ _ _ _ _ _ _ _ _ _ _ _ _ _ _ _ _ _ _ _ _ _ _ _ _ _ _ _ _ _ _ _ _ _ _ _ _ _ _ \n\nself = <selenium.webdriver.support.wait.WebDriverWait (session=\"cdac4a821e4e8d11dc1404716dc103a4\")>\nmethod = <function visibility_of_element_located.<locals>._predicate at 0x7f3e4a3252d0>\nmessage = ''\n\n    def until(self, method: Callable[[D], Union[Literal[False], T]], message: str = \"\") -> T:\n        \"\"\"Calls the method provided with the driver as an argument until the \\\n        return value does not evaluate to ``False``.\n    \n        :param method: callable(WebDriver)\n        :param message: optional message for :exc:`TimeoutException`\n        :returns: the result of the last call to `method`\n        :raises: :exc:`selenium.common.exceptions.TimeoutException` if timeout occurs\n        \"\"\"\n        screen = None\n        stacktrace = None\n    \n        end_time = time.monotonic() + self._timeout\n        while True:\n            try:\n                value = method(self._driver)\n                if value:\n                    return value\n            except self._ignored_exceptions as exc:\n                screen = getattr(exc, \"screen\", None)\n                stacktrace = getattr(exc, \"stacktrace\", None)\n            time.sleep(self._poll)\n            if time.monotonic() > end_time:\n                break\n>       raise TimeoutException(message, screen, stacktrace)\nE       selenium.common.exceptions.TimeoutException: Message: \nE       Stacktrace:\nE       #0 0x55d93536a8da <unknown>\nE       #1 0x55d935038e50 <unknown>\nE       #2 0x55d935088644 <unknown>\nE       #3 0x55d935088931 <unknown>\nE       #4 0x55d9350ce534 <unknown>\nE       #5 0x55d9350ad4bd <unknown>\nE       #6 0x55d9350cb9c6 <unknown>\nE       #7 0x55d9350ad233 <unknown>\nE       #8 0x55d93507b093 <unknown>\nE       #9 0x55d93507c09e <unknown>\nE       #10 0x55d935331b3b <unknown>\nE       #11 0x55d935335af1 <unknown>\nE       #12 0x55d93531d705 <unknown>\nE       #13 0x55d935336662 <unknown>\nE       #14 0x55d9353028df <unknown>\nE       #15 0x55d9353596d8 <unknown>\nE       #16 0x55d9353598a2 <unknown>\nE       #17 0x55d9353696cc <unknown>\nE       #18 0x7f3072094ac3 <unknown>\n\n/opt/hostedtoolcache/Python/3.10.14/x64/lib/python3.10/site-packages/selenium/webdriver/support/wait.py:105: TimeoutException","flaky":false,"newFailed":false,"newBroken":false,"newPassed":false,"retriesCount":0,"retriesStatusChange":false,"beforeStages":[{"name":"_xunit_setup_method_fixture_TestProgmusix","time":{"start":1725793963994,"stop":1725793965232,"duration":1238},"status":"passed","steps":[],"attachments":[],"parameters":[],"shouldDisplayMessage":false,"stepsCount":0,"attachmentsCount":0,"hasContent":false,"attachmentStep":false}],"afterStages":[{"name":"_xunit_setup_method_fixture_TestProgmusix::0","time":{"start":1725794020830,"stop":1725794020941,"duration":111},"status":"passed","steps":[],"attachments":[],"parameters":[],"shouldDisplayMessage":false,"stepsCount":0,"attachmentsCount":0,"hasContent":false,"attachmentStep":false}],"labels":[{"name":"suite","value":"test_ProgMusix"},{"name":"subSuite","value":"TestProgmusix"},{"name":"host","value":"fv-az847-349"},{"name":"thread","value":"3246-MainThread"},{"name":"framework","value":"pytest"},{"name":"language","value":"cpython3"},{"name":"package","value":"test_ProgMusix"},{"name":"resultFormat","value":"allure2"}],"parameters":[],"links":[],"hidden":false,"retry":false,"extra":{"severity":"normal","retries":[],"categories":[{"name":"Test defects","matchedStatuses":[],"flaky":false}],"tags":[]},"source":"c06d474d41f88ba1.json","parameterValues":[]}