{"uid":"ea6b54274ce1e581","name":"test_registration","fullName":"test_ProgMusix.TestProgmusix#test_registration","historyId":"a63dea985cc83311e478e3aff68ad806","time":{"start":1725821372022,"stop":1725821377633,"duration":5611},"status":"broken","statusMessage":"selenium.common.exceptions.TimeoutException: Message: \nStacktrace:\n#0 0x557c157bc8da <unknown>\n#1 0x557c1548ae50 <unknown>\n#2 0x557c154da644 <unknown>\n#3 0x557c154da931 <unknown>\n#4 0x557c15520534 <unknown>\n#5 0x557c154ff4bd <unknown>\n#6 0x557c1551d9c6 <unknown>\n#7 0x557c154ff233 <unknown>\n#8 0x557c154cd093 <unknown>\n#9 0x557c154ce09e <unknown>\n#10 0x557c15783b3b <unknown>\n#11 0x557c15787af1 <unknown>\n#12 0x557c1576f705 <unknown>\n#13 0x557c15788662 <unknown>\n#14 0x557c157548df <unknown>\n#15 0x557c157ab6d8 <unknown>\n#16 0x557c157ab8a2 <unknown>\n#17 0x557c157bb6cc <unknown>\n#18 0x7fdba6694ac3 <unknown>","statusTrace":"self = <test_ProgMusix.TestProgmusix object at 0x7f05580208b0>\n\n    def test_registration(self):\n>       self.page.registration_method()\n\ntest_ProgMusix.py:17: \n_ _ _ _ _ _ _ _ _ _ _ _ _ _ _ _ _ _ _ _ _ _ _ _ _ _ _ _ _ _ _ _ _ _ _ _ _ _ _ _ \nProgMusix/page_model.py:258: in registration_method\n    self.password().send_keys(TESTDATA['password_p'])\nProgMusix/page_model.py:87: in password\n    return WebDriverWait(self.browser, 5).until(EC.visibility_of_element_located((By.ID, 'mat-input-4')))\n_ _ _ _ _ _ _ _ _ _ _ _ _ _ _ _ _ _ _ _ _ _ _ _ _ _ _ _ _ _ _ _ _ _ _ _ _ _ _ _ \n\nself = <selenium.webdriver.support.wait.WebDriverWait (session=\"f800c7ff1110b6a47e1a94abedbbef93\")>\nmethod = <function visibility_of_element_located.<locals>._predicate at 0x7f0558d452d0>\nmessage = ''\n\n    def until(self, method: Callable[[D], Union[Literal[False], T]], message: str = \"\") -> T:\n        \"\"\"Calls the method provided with the driver as an argument until the \\\n        return value does not evaluate to ``False``.\n    \n        :param method: callable(WebDriver)\n        :param message: optional message for :exc:`TimeoutException`\n        :returns: the result of the last call to `method`\n        :raises: :exc:`selenium.common.exceptions.TimeoutException` if timeout occurs\n        \"\"\"\n        screen = None\n        stacktrace = None\n    \n        end_time = time.monotonic() + self._timeout\n        while True:\n            try:\n                value = method(self._driver)\n                if value:\n                    return value\n            except self._ignored_exceptions as exc:\n                screen = getattr(exc, \"screen\", None)\n                stacktrace = getattr(exc, \"stacktrace\", None)\n            time.sleep(self._poll)\n            if time.monotonic() > end_time:\n                break\n>       raise TimeoutException(message, screen, stacktrace)\nE       selenium.common.exceptions.TimeoutException: Message: \nE       Stacktrace:\nE       #0 0x557c157bc8da <unknown>\nE       #1 0x557c1548ae50 <unknown>\nE       #2 0x557c154da644 <unknown>\nE       #3 0x557c154da931 <unknown>\nE       #4 0x557c15520534 <unknown>\nE       #5 0x557c154ff4bd <unknown>\nE       #6 0x557c1551d9c6 <unknown>\nE       #7 0x557c154ff233 <unknown>\nE       #8 0x557c154cd093 <unknown>\nE       #9 0x557c154ce09e <unknown>\nE       #10 0x557c15783b3b <unknown>\nE       #11 0x557c15787af1 <unknown>\nE       #12 0x557c1576f705 <unknown>\nE       #13 0x557c15788662 <unknown>\nE       #14 0x557c157548df <unknown>\nE       #15 0x557c157ab6d8 <unknown>\nE       #16 0x557c157ab8a2 <unknown>\nE       #17 0x557c157bb6cc <unknown>\nE       #18 0x7fdba6694ac3 <unknown>\n\n/opt/hostedtoolcache/Python/3.10.14/x64/lib/python3.10/site-packages/selenium/webdriver/support/wait.py:105: TimeoutException","flaky":false,"newFailed":false,"newBroken":false,"newPassed":false,"retriesCount":0,"retriesStatusChange":false,"beforeStages":[{"name":"_xunit_setup_method_fixture_TestProgmusix","time":{"start":1725821369741,"stop":1725821372022,"duration":2281},"status":"passed","steps":[],"attachments":[],"parameters":[],"shouldDisplayMessage":false,"stepsCount":0,"attachmentsCount":0,"hasContent":false,"attachmentStep":false}],"afterStages":[{"name":"_xunit_setup_method_fixture_TestProgmusix::0","time":{"start":1725821377688,"stop":1725821377799,"duration":111},"status":"passed","steps":[],"attachments":[],"parameters":[],"shouldDisplayMessage":false,"stepsCount":0,"attachmentsCount":0,"hasContent":false,"attachmentStep":false}],"labels":[{"name":"suite","value":"test_ProgMusix"},{"name":"subSuite","value":"TestProgmusix"},{"name":"host","value":"fv-az1383-952"},{"name":"thread","value":"3282-MainThread"},{"name":"framework","value":"pytest"},{"name":"language","value":"cpython3"},{"name":"package","value":"test_ProgMusix"},{"name":"resultFormat","value":"allure2"}],"parameters":[],"links":[],"hidden":false,"retry":false,"extra":{"severity":"normal","retries":[],"categories":[{"name":"Test defects","matchedStatuses":[],"flaky":false}],"tags":[]},"source":"ea6b54274ce1e581.json","parameterValues":[]}