{"uid":"aaf37086c64e8ce0","name":"test_paying","fullName":"test_ProgMusix.TestProgmusix#test_paying","historyId":"f83dd1e30486b0875c70cb546b58a679","time":{"start":1725777395301,"stop":1725777415334,"duration":20033},"status":"broken","statusMessage":"selenium.common.exceptions.TimeoutException: Message: \nStacktrace:\n#0 0x5623a64e48da <unknown>\n#1 0x5623a61b2e50 <unknown>\n#2 0x5623a6202644 <unknown>\n#3 0x5623a6202931 <unknown>\n#4 0x5623a6248534 <unknown>\n#5 0x5623a62274bd <unknown>\n#6 0x5623a62459c6 <unknown>\n#7 0x5623a6227233 <unknown>\n#8 0x5623a61f5093 <unknown>\n#9 0x5623a61f609e <unknown>\n#10 0x5623a64abb3b <unknown>\n#11 0x5623a64afaf1 <unknown>\n#12 0x5623a6497705 <unknown>\n#13 0x5623a64b0662 <unknown>\n#14 0x5623a647c8df <unknown>\n#15 0x5623a64d36d8 <unknown>\n#16 0x5623a64d38a2 <unknown>\n#17 0x5623a64e36cc <unknown>\n#18 0x7fc227894ac3 <unknown>","statusTrace":"self = <test_ProgMusix.TestProgmusix object at 0x7fbe88311b40>\n\n    def test_paying(self):\n        #Login\n        self.page.login_method_p()\n        #Kosárba helyezés:\n        self.page.purchase_random_method()\n        # Fizetés\n>       self.page.paying_method()\n\ntest_ProgMusix.py:119: \n_ _ _ _ _ _ _ _ _ _ _ _ _ _ _ _ _ _ _ _ _ _ _ _ _ _ _ _ _ _ _ _ _ _ _ _ _ _ _ _ \nProgMusix/page_model.py:397: in paying_method\n    self.input_username().send_keys(TESTDATA['username_p'])\nProgMusix/page_model.py:521: in input_username\n    return WebDriverWait(self.browser, 15).until(\n_ _ _ _ _ _ _ _ _ _ _ _ _ _ _ _ _ _ _ _ _ _ _ _ _ _ _ _ _ _ _ _ _ _ _ _ _ _ _ _ \n\nself = <selenium.webdriver.support.wait.WebDriverWait (session=\"1fb625490a83f8fe59419e6fd01349de\")>\nmethod = <function visibility_of_element_located.<locals>._predicate at 0x7fbe879c4af0>\nmessage = ''\n\n    def until(self, method: Callable[[D], Union[Literal[False], T]], message: str = \"\") -> T:\n        \"\"\"Calls the method provided with the driver as an argument until the \\\n        return value does not evaluate to ``False``.\n    \n        :param method: callable(WebDriver)\n        :param message: optional message for :exc:`TimeoutException`\n        :returns: the result of the last call to `method`\n        :raises: :exc:`selenium.common.exceptions.TimeoutException` if timeout occurs\n        \"\"\"\n        screen = None\n        stacktrace = None\n    \n        end_time = time.monotonic() + self._timeout\n        while True:\n            try:\n                value = method(self._driver)\n                if value:\n                    return value\n            except self._ignored_exceptions as exc:\n                screen = getattr(exc, \"screen\", None)\n                stacktrace = getattr(exc, \"stacktrace\", None)\n            time.sleep(self._poll)\n            if time.monotonic() > end_time:\n                break\n>       raise TimeoutException(message, screen, stacktrace)\nE       selenium.common.exceptions.TimeoutException: Message: \nE       Stacktrace:\nE       #0 0x5623a64e48da <unknown>\nE       #1 0x5623a61b2e50 <unknown>\nE       #2 0x5623a6202644 <unknown>\nE       #3 0x5623a6202931 <unknown>\nE       #4 0x5623a6248534 <unknown>\nE       #5 0x5623a62274bd <unknown>\nE       #6 0x5623a62459c6 <unknown>\nE       #7 0x5623a6227233 <unknown>\nE       #8 0x5623a61f5093 <unknown>\nE       #9 0x5623a61f609e <unknown>\nE       #10 0x5623a64abb3b <unknown>\nE       #11 0x5623a64afaf1 <unknown>\nE       #12 0x5623a6497705 <unknown>\nE       #13 0x5623a64b0662 <unknown>\nE       #14 0x5623a647c8df <unknown>\nE       #15 0x5623a64d36d8 <unknown>\nE       #16 0x5623a64d38a2 <unknown>\nE       #17 0x5623a64e36cc <unknown>\nE       #18 0x7fc227894ac3 <unknown>\n\n/opt/hostedtoolcache/Python/3.10.14/x64/lib/python3.10/site-packages/selenium/webdriver/support/wait.py:105: TimeoutException","flaky":false,"newFailed":false,"newBroken":false,"newPassed":false,"retriesCount":0,"retriesStatusChange":false,"beforeStages":[{"name":"_xunit_setup_method_fixture_TestProgmusix","time":{"start":1725777394701,"stop":1725777395300,"duration":599},"status":"passed","steps":[],"attachments":[],"parameters":[],"shouldDisplayMessage":false,"stepsCount":0,"attachmentsCount":0,"hasContent":false,"attachmentStep":false}],"afterStages":[{"name":"_xunit_setup_method_fixture_TestProgmusix::0","time":{"start":1725777415355,"stop":1725777415466,"duration":111},"status":"passed","steps":[],"attachments":[],"parameters":[],"shouldDisplayMessage":false,"stepsCount":0,"attachmentsCount":0,"hasContent":false,"attachmentStep":false}],"labels":[{"name":"suite","value":"test_ProgMusix"},{"name":"subSuite","value":"TestProgmusix"},{"name":"host","value":"fv-az775-495"},{"name":"thread","value":"3161-MainThread"},{"name":"framework","value":"pytest"},{"name":"language","value":"cpython3"},{"name":"package","value":"test_ProgMusix"},{"name":"resultFormat","value":"allure2"}],"parameters":[],"links":[],"hidden":false,"retry":false,"extra":{"severity":"normal","retries":[],"categories":[{"name":"Test defects","matchedStatuses":[],"flaky":false}],"tags":[]},"source":"aaf37086c64e8ce0.json","parameterValues":[]}