{"uid":"3ecc2922292db84d","name":"test_paying","fullName":"test_ProgMusix.TestProgmusix#test_paying","historyId":"f83dd1e30486b0875c70cb546b58a679","time":{"start":1725976883939,"stop":1725976904309,"duration":20370},"status":"broken","statusMessage":"selenium.common.exceptions.TimeoutException: Message: \nStacktrace:\n#0 0x5646f41fd8da <unknown>\n#1 0x5646f3ecbe50 <unknown>\n#2 0x5646f3f1b644 <unknown>\n#3 0x5646f3f1b931 <unknown>\n#4 0x5646f3f61534 <unknown>\n#5 0x5646f3f404bd <unknown>\n#6 0x5646f3f5e9c6 <unknown>\n#7 0x5646f3f40233 <unknown>\n#8 0x5646f3f0e093 <unknown>\n#9 0x5646f3f0f09e <unknown>\n#10 0x5646f41c4b3b <unknown>\n#11 0x5646f41c8af1 <unknown>\n#12 0x5646f41b0705 <unknown>\n#13 0x5646f41c9662 <unknown>\n#14 0x5646f41958df <unknown>\n#15 0x5646f41ec6d8 <unknown>\n#16 0x5646f41ec8a2 <unknown>\n#17 0x5646f41fc6cc <unknown>\n#18 0x7efdc6c94ac3 <unknown>","statusTrace":"self = <test_ProgMusix.TestProgmusix object at 0x7ff860309ed0>\n\n    @pytest.mark.order(-1)\n    def test_paying(self):\n        #Login\n        self.page.login_method_p()\n        # self.page.purchase_random_method()\n>       self.page.paying_method()\n\ntest_ProgMusix.py:130: \n_ _ _ _ _ _ _ _ _ _ _ _ _ _ _ _ _ _ _ _ _ _ _ _ _ _ _ _ _ _ _ _ _ _ _ _ _ _ _ _ \nProgMusix/page_model.py:404: in paying_method\n    self.input_username().send_keys(TESTDATA['username_p'])\nProgMusix/page_model.py:528: in input_username\n    return WebDriverWait(self.browser, 15).until(\n_ _ _ _ _ _ _ _ _ _ _ _ _ _ _ _ _ _ _ _ _ _ _ _ _ _ _ _ _ _ _ _ _ _ _ _ _ _ _ _ \n\nself = <selenium.webdriver.support.wait.WebDriverWait (session=\"c72a7ac77207cb62f4fe66d13b9b104f\")>\nmethod = <function visibility_of_element_located.<locals>._predicate at 0x7ff8603bcb80>\nmessage = ''\n\n    def until(self, method: Callable[[D], Union[Literal[False], T]], message: str = \"\") -> T:\n        \"\"\"Calls the method provided with the driver as an argument until the \\\n        return value does not evaluate to ``False``.\n    \n        :param method: callable(WebDriver)\n        :param message: optional message for :exc:`TimeoutException`\n        :returns: the result of the last call to `method`\n        :raises: :exc:`selenium.common.exceptions.TimeoutException` if timeout occurs\n        \"\"\"\n        screen = None\n        stacktrace = None\n    \n        end_time = time.monotonic() + self._timeout\n        while True:\n            try:\n                value = method(self._driver)\n                if value:\n                    return value\n            except self._ignored_exceptions as exc:\n                screen = getattr(exc, \"screen\", None)\n                stacktrace = getattr(exc, \"stacktrace\", None)\n            time.sleep(self._poll)\n            if time.monotonic() > end_time:\n                break\n>       raise TimeoutException(message, screen, stacktrace)\nE       selenium.common.exceptions.TimeoutException: Message: \nE       Stacktrace:\nE       #0 0x5646f41fd8da <unknown>\nE       #1 0x5646f3ecbe50 <unknown>\nE       #2 0x5646f3f1b644 <unknown>\nE       #3 0x5646f3f1b931 <unknown>\nE       #4 0x5646f3f61534 <unknown>\nE       #5 0x5646f3f404bd <unknown>\nE       #6 0x5646f3f5e9c6 <unknown>\nE       #7 0x5646f3f40233 <unknown>\nE       #8 0x5646f3f0e093 <unknown>\nE       #9 0x5646f3f0f09e <unknown>\nE       #10 0x5646f41c4b3b <unknown>\nE       #11 0x5646f41c8af1 <unknown>\nE       #12 0x5646f41b0705 <unknown>\nE       #13 0x5646f41c9662 <unknown>\nE       #14 0x5646f41958df <unknown>\nE       #15 0x5646f41ec6d8 <unknown>\nE       #16 0x5646f41ec8a2 <unknown>\nE       #17 0x5646f41fc6cc <unknown>\nE       #18 0x7efdc6c94ac3 <unknown>\n\n/opt/hostedtoolcache/Python/3.10.14/x64/lib/python3.10/site-packages/selenium/webdriver/support/wait.py:105: TimeoutException","flaky":false,"newFailed":false,"newBroken":false,"newPassed":false,"retriesCount":0,"retriesStatusChange":false,"beforeStages":[{"name":"_xunit_setup_method_fixture_TestProgmusix","time":{"start":1725976883305,"stop":1725976883939,"duration":634},"status":"passed","steps":[],"attachments":[],"parameters":[],"shouldDisplayMessage":false,"stepsCount":0,"attachmentsCount":0,"hasContent":false,"attachmentStep":false}],"afterStages":[{"name":"_xunit_setup_method_fixture_TestProgmusix::0","time":{"start":1725976904330,"stop":1725976904330,"duration":0},"status":"passed","steps":[],"attachments":[],"parameters":[],"shouldDisplayMessage":false,"stepsCount":0,"attachmentsCount":0,"hasContent":false,"attachmentStep":false}],"labels":[{"name":"tag","value":"order(-1)"},{"name":"suite","value":"test_ProgMusix"},{"name":"subSuite","value":"TestProgmusix"},{"name":"host","value":"fv-az1149-460"},{"name":"thread","value":"3252-MainThread"},{"name":"framework","value":"pytest"},{"name":"language","value":"cpython3"},{"name":"package","value":"test_ProgMusix"},{"name":"resultFormat","value":"allure2"}],"parameters":[],"links":[],"hidden":false,"retry":false,"extra":{"severity":"normal","retries":[],"categories":[{"name":"Test defects","matchedStatuses":[],"flaky":false}],"tags":["order(-1)"]},"source":"3ecc2922292db84d.json","parameterValues":[]}